<?xml version="1.0" encoding="UTF-8" standalone="yes"?>
<testsuites name="Draw-Integration_Suite" time="448" tests="2" failures="2" errors="0">
    <testsuite name="Draw-Integration_Suite" tests="2" failures="2" errors="0" time="448" timestamp="2020-09-16 17:23:17" hostname="nagesh.allu - DESKTOP-9VU7G8T.attlocal.net" id="Test Suites/Draw-Integration_Suite">
        <properties>
            <property name="deviceName" value=""/>
            <property name="devicePlatform" value=""/>
            <property name="logFolder" value="C:\\fdr-automation-develop_08_25_2020\\Reports\\20200916_172315\\Draw-Integration_Suite\\20200916_172315"/>
            <property name="logFiles" value="C:\\fdr-automation-develop_08_25_2020\\Reports\\20200916_172315\\Draw-Integration_Suite\\20200916_172315\\execution0.log"/>
            <property name="attachments" value="C:\\fdr-automation-develop_08_25_2020\\Reports\\20200916_172315\\Draw-Integration_Suite\\20200916_172315\\1600302575802.png, C:\\fdr-automation-develop_08_25_2020\\Reports\\20200916_172315\\Draw-Integration_Suite\\20200916_172315\\1600302613874.png, C:\\fdr-automation-develop_08_25_2020\\Reports\\20200916_172315\\Draw-Integration_Suite\\20200916_172315\\1600302621462.png, C:\\fdr-automation-develop_08_25_2020\\Reports\\20200916_172315\\Draw-Integration_Suite\\20200916_172315\\1600302625595.png, C:\\fdr-automation-develop_08_25_2020\\Reports\\20200916_172315\\Draw-Integration_Suite\\20200916_172315\\1600302633179.png, C:\\fdr-automation-develop_08_25_2020\\Reports\\20200916_172315\\Draw-Integration_Suite\\20200916_172315\\1600302637309.png, C:\\fdr-automation-develop_08_25_2020\\Reports\\20200916_172315\\Draw-Integration_Suite\\20200916_172315\\1600302644984.png"/>
            <property name="hostName" value="nagesh.allu - DESKTOP-9VU7G8T.attlocal.net"/>
            <property name="os" value="Windows 10 64bit"/>
            <property name="katalonVersion" value="7.6.6.205"/>
            <property name="browser" value="Chrome 85.0.4183.102"/>
            <property name="hostAddress" value="192.168.1.188"/>
            <property name="sessionId" value="e52a7546ffc82fc4b6eeb210fc6a4d2e"/>
            <property name="seleniumVersion" value="3.141.59"/>
            <property name="proxyInformation" value="ProxyInformation { proxyOption=NO_PROXY, proxyServerType=HTTP, username=, password=********, proxyServerAddress=, proxyServerPort=0, executionList=&quot;&quot;, isApplyToDesiredCapabilities=true }"/>
            <property name="platform" value="Windows 10"/>
        </properties>
        <testcase name="Test Cases/WEB-UI-TESTS/Draw/FDR-Draw-Voucher-Date-Validation" classname="Test Cases/WEB-UI-TESTS/Draw/FDR-Draw-Voucher-Date-Validation" status="PASSED">
            <system-out>2020-09-16 17:23:18 - [TEST_CASE][PASSED] - Test Cases/WEB-UI-TESTS/Draw/FDR-Draw-Voucher-Date-Validation: Test Cases/WEB-UI-TESTS/Draw/FDR-Draw-Voucher-Date-Validation&#xD;
&#xD;
2020-09-16 17:23:18 - [TEST_STEP][PASSED] - Start listener action : sampleBeforeTestCase: null&#xD;
&#xD;
2020-09-16 17:23:18 - [TEST_STEP][PASSED] - profileName = getExecutionProfile(): null&#xD;
&#xD;
2020-09-16 17:23:18 - [TEST_STEP][PASSED] - switch (profileName): null&#xD;
&#xD;
2020-09-16 17:23:18 - [TEST_STEP][PASSED] - case "superUser":: null&#xD;
&#xD;
2020-09-16 17:23:18 - [TEST_STEP][PASSED] - return null: null&#xD;
&#xD;
2020-09-16 17:23:18 - [TEST_STEP][PASSED] - Start listener action : beforeTestCase: null&#xD;
&#xD;
2020-09-16 17:23:18 - [TEST_STEP][PASSED] - profileName = getExecutionProfile(): null&#xD;
&#xD;
2020-09-16 17:23:18 - [TEST_STEP][PASSED] - if (profileName.equalsIgnoreCase("SysAdmin")): null&#xD;
&#xD;
2020-09-16 17:23:18 - [TEST_STEP][PASSED] - Start listener action : sampleBeforeTestCase: Navigate to 'https://fdr-katalon.cammis-mod-dev.dhcs.ca.gov' successfully&#xD;
&#xD;
2020-09-16 17:23:18 - [TEST_STEP][PASSED] - profileName = getExecutionProfile(): null&#xD;
&#xD;
2020-09-16 17:23:18 - [TEST_STEP][PASSED] - testCaseId = testCaseContext.getTestCaseId(): null&#xD;
&#xD;
2020-09-16 17:23:18 - [TEST_STEP][PASSED] - switch (profileName): null&#xD;
&#xD;
2020-09-16 17:23:18 - [TEST_STEP][PASSED] - case "Draw":: null&#xD;
&#xD;
2020-09-16 17:23:18 - [TEST_STEP][PASSED] - if (account6TestCases.contains(testCaseId)): null&#xD;
&#xD;
2020-09-16 17:23:18 - [TEST_STEP][PASSED] - else if (account2TestCases.contains(testCaseId)): Object: 'Object Repository/FDR-SignIn/SignInButton' is clicked on&#xD;
&#xD;
2020-09-16 17:23:18 - [TEST_STEP][PASSED] - Uifunctions.loginFDR(accountsApproverAcc2, accountsApproverAcc2Pwd): Object: 'Object Repository/FDR-SignIn/SignInButton' is clicked on&#xD;
&#xD;
2020-09-16 17:23:18 - [MESSAGE][INFO] - Starting 'Chrome' driver&#xD;
&#xD;
2020-09-16 17:23:18 - [MESSAGE][INFO] - Action delay is set to 0 milliseconds&#xD;
&#xD;
2020-09-16 17:23:22 - [MESSAGE][PASSED] - Browser is opened with url: ''&#xD;
&#xD;
2020-09-16 17:23:24 - [MESSAGE][PASSED] - Current window maximized&#xD;
&#xD;
2020-09-16 17:23:25 - [MESSAGE][PASSED] - Navigate to 'https://fdr-katalon.cammis-mod-dev.dhcs.ca.gov' successfully&#xD;
&#xD;
2020-09-16 17:23:27 - [MESSAGE][PASSED] - Object 'Object Repository/FDR-SignIn/SignInEmail' is present&#xD;
&#xD;
2020-09-16 17:23:27 - [MESSAGE][PASSED] - Object: 'Object Repository/FDR-SignIn/SignInEmail' is clicked on&#xD;
&#xD;
2020-09-16 17:23:27 - [MESSAGE][PASSED] - Object 'Object Repository/FDR-SignIn/SignInEmail' is present&#xD;
&#xD;
2020-09-16 17:23:28 - [MESSAGE][PASSED] - Text 'fdr.test2@dhcs.ca.gov' is set on object 'Object Repository/FDR-SignIn/SignInEmail'&#xD;
&#xD;
2020-09-16 17:23:28 - [MESSAGE][PASSED] - Object 'Object Repository/FDR-SignIn/SignInEmailNext' is visible&#xD;
&#xD;
2020-09-16 17:23:29 - [MESSAGE][PASSED] - Object: 'Object Repository/FDR-SignIn/SignInEmailNext' is clicked on&#xD;
&#xD;
2020-09-16 17:23:32 - [MESSAGE][PASSED] - Object 'Object Repository/FDR-SignIn/SignInEmailPassword' is visible&#xD;
&#xD;
2020-09-16 17:23:32 - [MESSAGE][PASSED] - Object: 'Object Repository/FDR-SignIn/SignInEmailPassword' is clicked on&#xD;
&#xD;
2020-09-16 17:23:33 - [MESSAGE][PASSED] - Text ****** has been set on object 'Object Repository/FDR-SignIn/SignInEmailPassword'&#xD;
&#xD;
2020-09-16 17:23:34 - [MESSAGE][PASSED] - Object: 'Object Repository/FDR-SignIn/SignInButton' is clicked on&#xD;
&#xD;
2020-09-16 17:23:34 - [TEST_STEP][PASSED] - break: null&#xD;
&#xD;
2020-09-16 17:23:34 - [TEST_STEP][PASSED] - navigateToUrl(URL): Navigate to 'https://fdr-katalon.cammis-mod-dev.dhcs.ca.gov' successfully&#xD;
&#xD;
2020-09-16 17:23:35 - [MESSAGE][PASSED] - Navigate to 'https://fdr-katalon.cammis-mod-dev.dhcs.ca.gov' successfully&#xD;
&#xD;
2020-09-16 17:23:35 - [TEST_STEP][PASSED] - Start listener action : executeRows: null&#xD;
&#xD;
2020-09-16 17:23:36 - [TEST_STEP][PASSED] - voucherHeaderData = ["drawDate":drawDate, "payDate":payDate, "programType":programType, "invoiceType":invoiceType, "fundCode":fundCode, "supplier":supplier, ... ]: null&#xD;
&#xD;
2020-09-16 17:23:36 - [TEST_STEP][PASSED] - Uifunctions.createVoucherHeader(voucherHeaderData): Object 'Object Repository/FDR-VoucherEntry/VoucherHeader/reviewButton' is present&#xD;
&#xD;
2020-09-16 17:23:44 - [MESSAGE][PASSED] - Object 'Object Repository/FDR-Dashboard/createNewVoucherButton' is present&#xD;
&#xD;
2020-09-16 17:23:45 - [MESSAGE][PASSED] - Object: 'Object Repository/FDR-Dashboard/createNewVoucherButton' is clicked on&#xD;
&#xD;
2020-09-16 17:23:49 - [MESSAGE][INFO] - Unable to find the element located by 'By.xpath: //*[@data-id='action-button']//*[contains(text(),'Review')]'. Please recheck the objects properties to make sure the desired element is located. &#xD;
&#xD;
2020-09-16 17:23:49 - [MESSAGE][WARNING] - Object 'Object Repository/FDR-VoucherEntry/VoucherHeader/reviewButton' is not present after 3 second(s)&#xD;
&#xD;
2020-09-16 17:23:50 - [MESSAGE][PASSED] - Object: 'Object Repository/FDR-VoucherEntry/Voucher/drawDate' is clicked on&#xD;
&#xD;
2020-09-16 17:23:53 - [MESSAGE][INFO] - Unable to find the element located by 'By.xpath: //*[@data-id='button-link']//*[contains(text(),'Create New Voucher')]'. Please recheck the objects properties to make sure the desired element is located. &#xD;
&#xD;
2020-09-16 17:23:53 - [MESSAGE][WARNING] - Object 'Object Repository/FDR-Dashboard/createNewVoucherButton' is not present after 1 second(s)&#xD;
&#xD;
2020-09-16 17:23:54 - [MESSAGE][PASSED] - Text '10/12/2020' is set on object 'Object Repository/FDR-VoucherEntry/Voucher/drawDate'&#xD;
&#xD;
2020-09-16 17:23:59 - [MESSAGE][INFO] - Unable to find the element located by 'By.xpath: //*[@data-id='button-link']//*[contains(text(),'Create New Voucher')]'. Please recheck the objects properties to make sure the desired element is located. &#xD;
&#xD;
2020-09-16 17:23:59 - [MESSAGE][WARNING] - Object 'Object Repository/FDR-Dashboard/createNewVoucherButton' is not present after 3 second(s)&#xD;
&#xD;
2020-09-16 17:23:59 - [MESSAGE][PASSED] - Object: 'Object Repository/FDR-VoucherEntry/Voucher/programType' is clicked on&#xD;
&#xD;
2020-09-16 17:24:03 - [MESSAGE][INFO] - Unable to find the element located by 'By.xpath: //*[@data-id='button-link']//*[contains(text(),'Create New Voucher')]'. Please recheck the objects properties to make sure the desired element is located. &#xD;
&#xD;
2020-09-16 17:24:03 - [MESSAGE][WARNING] - Object 'Object Repository/FDR-Dashboard/createNewVoucherButton' is not present after 2 second(s)&#xD;
&#xD;
2020-09-16 17:24:04 - [MESSAGE][PASSED] - Keys 'Medical Assistance (MA)' sent to object: 'Object Repository/FDR-VoucherEntry/Voucher/programType'&#xD;
&#xD;
2020-09-16 17:24:04 - [MESSAGE][PASSED] - Object 'Object Repository/FDR-VoucherEntry/Voucher/programType' is present&#xD;
&#xD;
2020-09-16 17:24:05 - [MESSAGE][PASSED] - Keys 'DOWN + ENTER + ' sent to object: 'Object Repository/FDR-VoucherEntry/Voucher/programType'&#xD;
&#xD;
2020-09-16 17:24:06 - [MESSAGE][PASSED] - Object: 'Object Repository/FDR-VoucherEntry/Voucher/invoiceType' is clicked on&#xD;
&#xD;
2020-09-16 17:24:06 - [MESSAGE][PASSED] - Object 'Object Repository/FDR-VoucherEntry/Voucher/invoiceType' is present&#xD;
&#xD;
2020-09-16 17:24:07 - [MESSAGE][PASSED] - Keys 'CAP' sent to object: 'Object Repository/FDR-VoucherEntry/Voucher/invoiceType'&#xD;
&#xD;
2020-09-16 17:24:08 - [MESSAGE][PASSED] - Keys 'DOWN + ENTER + ' sent to object: 'Object Repository/FDR-VoucherEntry/Voucher/invoiceType'&#xD;
&#xD;
2020-09-16 17:24:08 - [MESSAGE][PASSED] - Object: 'Object Repository/FDR-VoucherEntry/Voucher/fundCode' is clicked on&#xD;
&#xD;
2020-09-16 17:24:09 - [MESSAGE][PASSED] - Keys 'lth Care Deposit Fund (0912)' sent to object: 'Object Repository/FDR-VoucherEntry/Voucher/fundCode'&#xD;
&#xD;
2020-09-16 17:24:10 - [MESSAGE][PASSED] - Object 'Object Repository/FDR-VoucherEntry/Voucher/fundCode' is present&#xD;
&#xD;
2020-09-16 17:24:10 - [MESSAGE][PASSED] - Keys 'DOWN + ENTER + ' sent to object: 'Object Repository/FDR-VoucherEntry/Voucher/fundCode'&#xD;
&#xD;
2020-09-16 17:24:11 - [MESSAGE][PASSED] - Object: 'Object Repository/FDR-VoucherEntry/Voucher/supplierID' is clicked on&#xD;
&#xD;
2020-09-16 17:24:12 - [MESSAGE][PASSED] - Keys '0000007954' sent to object: 'Object Repository/FDR-VoucherEntry/Voucher/supplierID'&#xD;
&#xD;
2020-09-16 17:24:12 - [MESSAGE][PASSED] - Object 'Object Repository/FDR-VoucherEntry/Voucher/supplierID' is present&#xD;
&#xD;
2020-09-16 17:24:13 - [MESSAGE][PASSED] - Keys 'DOWN + ENTER + ' sent to object: 'Object Repository/FDR-VoucherEntry/Voucher/supplierID'&#xD;
&#xD;
2020-09-16 17:24:14 - [MESSAGE][PASSED] - Object: 'Object Repository/FDR-VoucherEntry/Voucher/seqNum' is clicked on&#xD;
&#xD;
2020-09-16 17:24:14 - [MESSAGE][PASSED] - Object 'Object Repository/FDR-VoucherEntry/Voucher/seqNum' is present&#xD;
&#xD;
2020-09-16 17:24:15 - [MESSAGE][PASSED] - Keys 'DOWN + ENTER + ' sent to object: 'Object Repository/FDR-VoucherEntry/Voucher/seqNum'&#xD;
&#xD;
2020-09-16 17:24:16 - [MESSAGE][PASSED] - Object: 'Object Repository/FDR-VoucherEntry/Voucher/contractNum' is clicked on&#xD;
&#xD;
2020-09-16 17:24:17 - [MESSAGE][PASSED] - Keys '07-65707' sent to object: 'Object Repository/FDR-VoucherEntry/Voucher/contractNum'&#xD;
&#xD;
2020-09-16 17:24:17 - [MESSAGE][PASSED] - Object 'Object Repository/FDR-VoucherEntry/Voucher/contractNum' is present&#xD;
&#xD;
2020-09-16 17:24:18 - [MESSAGE][PASSED] - Keys 'DOWN + ENTER + ' sent to object: 'Object Repository/FDR-VoucherEntry/Voucher/contractNum'&#xD;
&#xD;
2020-09-16 17:24:20 - [MESSAGE][PASSED] - Text 'This message will print on the Remittance Advice' is set on object 'Object Repository/FDR-VoucherEntry/Voucher/vendorMessage'&#xD;
&#xD;
2020-09-16 17:24:21 - [MESSAGE][PASSED] - Object: 'Object Repository/FDR-VoucherEntry/Voucher/primaryContact' is clicked on&#xD;
&#xD;
2020-09-16 17:24:22 - [MESSAGE][PASSED] - Keys 'Aung Lin' sent to object: 'Object Repository/FDR-VoucherEntry/Voucher/primaryContact'&#xD;
&#xD;
2020-09-16 17:24:22 - [MESSAGE][PASSED] - Object 'Object Repository/FDR-VoucherEntry/Voucher/primaryContact' is present&#xD;
&#xD;
2020-09-16 17:24:23 - [MESSAGE][PASSED] - Keys 'DOWN + ENTER + ' sent to object: 'Object Repository/FDR-VoucherEntry/Voucher/primaryContact'&#xD;
&#xD;
2020-09-16 17:24:24 - [MESSAGE][PASSED] - Object: 'Object Repository/FDR-VoucherEntry/Voucher/secondaryContact' is clicked on&#xD;
&#xD;
2020-09-16 17:24:24 - [MESSAGE][PASSED] - Keys 'Vivian Ly' sent to object: 'Object Repository/FDR-VoucherEntry/Voucher/secondaryContact'&#xD;
&#xD;
2020-09-16 17:24:25 - [MESSAGE][PASSED] - Object 'Object Repository/FDR-VoucherEntry/Voucher/secondaryContact' is present&#xD;
&#xD;
2020-09-16 17:24:26 - [MESSAGE][PASSED] - Object 'Object Repository/FDR-VoucherEntry/Voucher/secondaryContact' is present&#xD;
&#xD;
2020-09-16 17:24:26 - [MESSAGE][PASSED] - Keys 'DOWN + ENTER + ' sent to object: 'Object Repository/FDR-VoucherEntry/Voucher/secondaryContact'&#xD;
&#xD;
2020-09-16 17:24:27 - [MESSAGE][PASSED] - Object: 'Object Repository/FDR-VoucherEntry/Voucher/buttonNext' is clicked on&#xD;
&#xD;
2020-09-16 17:24:30 - [MESSAGE][PASSED] - Delayed 3 second(s)&#xD;
&#xD;
2020-09-16 17:24:31 - [MESSAGE][PASSED] - Object 'Object Repository/FDR-VoucherEntry/VoucherHeader/reviewButton' is present&#xD;
&#xD;
2020-09-16 17:24:31 - [TEST_STEP][PASSED] - waitForElementPresent(findTestObject("FDR-VoucherEntry/VoucherHeader/reviewButton"), 5): Object 'Object Repository/FDR-VoucherEntry/VoucherHeader/reviewButton' is present&#xD;
&#xD;
2020-09-16 17:24:32 - [MESSAGE][PASSED] - Object 'Object Repository/FDR-VoucherEntry/VoucherHeader/reviewButton' is present&#xD;
&#xD;
2020-09-16 17:24:32 - [TEST_STEP][PASSED] - voucherDrawDate = getText(findTestObject("FDR-VoucherEntry/VoucherHeader/drawDate")): Text of object 'Object Repository/FDR-VoucherEntry/VoucherHeader/drawDate' is: '10/12/2020'&#xD;
&#xD;
2020-09-16 17:24:34 - [MESSAGE][PASSED] - Text of object 'Object Repository/FDR-VoucherEntry/VoucherHeader/drawDate' is: '10/12/2020'&#xD;
&#xD;
2020-09-16 17:24:34 - [TEST_STEP][PASSED] - Uifunctions.createInvoiceLine(1): Object 'Object Repository/FDR-VoucherEntry/VoucherHeader/reviewButton' is present&#xD;
&#xD;
2020-09-16 17:24:37 - [MESSAGE][PASSED] - Object 'Object Repository/FDR-VoucherEntry/VoucherHeader/reviewButton' is present&#xD;
&#xD;
2020-09-16 17:24:40 - [MESSAGE][INFO] - Unable to find the element located by 'By.xpath: //*[contains(text(),'Add voucher')]//parent::button'. Please recheck the objects properties to make sure the desired element is located. &#xD;
&#xD;
2020-09-16 17:24:40 - [MESSAGE][WARNING] - Object 'Object Repository/FDR-VoucherEntry/InvoiceLine/addVoucherButton' is not present after 2 second(s)&#xD;
&#xD;
2020-09-16 17:24:41 - [MESSAGE][PASSED] - Object 'Object Repository/FDR-VoucherEntry/InvoiceLine/invoice' is clickable&#xD;
&#xD;
2020-09-16 17:24:42 - [MESSAGE][PASSED] - Object: 'Object Repository/FDR-VoucherEntry/InvoiceLine/invoice' is clicked on&#xD;
&#xD;
2020-09-16 17:24:43 - [MESSAGE][PASSED] - Text '7680' is set on object 'Object Repository/FDR-VoucherEntry/InvoiceLine/invoice'&#xD;
&#xD;
2020-09-16 17:24:43 - [MESSAGE][PASSED] - Object: 'Object Repository/FDR-VoucherEntry/InvoiceLine/invoiceDate' is clicked on&#xD;
&#xD;
2020-09-16 17:24:44 - [MESSAGE][PASSED] - Object 'Object Repository/FDR-VoucherEntry/InvoiceLine/invoiceDate' is present&#xD;
&#xD;
2020-09-16 17:24:45 - [MESSAGE][PASSED] - Text '09/16/2020' is set on object 'Object Repository/FDR-VoucherEntry/InvoiceLine/invoiceDate'&#xD;
&#xD;
2020-09-16 17:24:46 - [MESSAGE][PASSED] - Object: 'Object Repository/FDR-VoucherEntry/InvoiceLine/originalWarrantDate' is clicked on&#xD;
&#xD;
2020-09-16 17:24:47 - [MESSAGE][PASSED] - Text '09/17/2020' is set on object 'Object Repository/FDR-VoucherEntry/InvoiceLine/originalWarrantDate'&#xD;
&#xD;
2020-09-16 17:24:47 - [MESSAGE][PASSED] - Object 'Object Repository/FDR-VoucherEntry/InvoiceLine/addInvoiceLineButton' is present&#xD;
&#xD;
2020-09-16 17:24:48 - [MESSAGE][PASSED] - Object: 'Object Repository/FDR-VoucherEntry/InvoiceLine/addInvoiceLineButtonIndex2' is clicked on&#xD;
&#xD;
2020-09-16 17:24:49 - [MESSAGE][PASSED] - Object 'Object Repository/FDR-VoucherEntry/VoucherHeader/reviewButton' is present&#xD;
&#xD;
2020-09-16 17:24:49 - [TEST_STEP][PASSED] - waitForElementClickable(findTestObject("FDR-VoucherEntry/InvoiceLine/invoiceLineExpandButton"), 5): Object 'Object Repository/FDR-VoucherEntry/InvoiceLine/invoiceLineExpandButton' is clickable&#xD;
&#xD;
2020-09-16 17:24:51 - [MESSAGE][PASSED] - Object 'Object Repository/FDR-VoucherEntry/InvoiceLine/invoiceLineExpandButton' is clickable&#xD;
&#xD;
2020-09-16 17:24:51 - [TEST_STEP][PASSED] - click(findTestObject("FDR-VoucherEntry/InvoiceLine/invoiceLineExpandButton")): Object: 'Object Repository/FDR-VoucherEntry/InvoiceLine/invoiceLineExpandButton' is clicked on&#xD;
&#xD;
2020-09-16 17:24:54 - [MESSAGE][PASSED] - Object: 'Object Repository/FDR-VoucherEntry/InvoiceLine/invoiceLineExpandButton' is clicked on&#xD;
&#xD;
2020-09-16 17:24:54 - [TEST_STEP][PASSED] - waitForElementClickable(findTestObject("FDR-VoucherEntry/InvoiceLine/invoiceAddlineButton"), 5): Object 'Object Repository/FDR-VoucherEntry/InvoiceLine/invoiceAddlineButton' is clickable&#xD;
&#xD;
2020-09-16 17:24:55 - [MESSAGE][PASSED] - Object 'Object Repository/FDR-VoucherEntry/InvoiceLine/invoiceAddlineButton' is clickable&#xD;
&#xD;
2020-09-16 17:24:55 - [TEST_STEP][PASSED] - click(findTestObject("FDR-VoucherEntry/InvoiceLine/invoiceAddlineButton")): Object: 'Object Repository/FDR-VoucherEntry/InvoiceLine/invoiceAddlineButton' is clicked on&#xD;
&#xD;
2020-09-16 17:24:58 - [MESSAGE][PASSED] - Object: 'Object Repository/FDR-VoucherEntry/InvoiceLine/invoiceAddlineButton' is clicked on&#xD;
&#xD;
2020-09-16 17:24:58 - [TEST_STEP][PASSED] - Uifunctions.createDistributionLines(1, "Voucher/FDR-DL"): Object: 'Object Repository/FDR-VoucherEntry/DistributionLine/addSaveButton' is clicked on&#xD;
&#xD;
2020-09-16 17:25:03 - [MESSAGE][INFO] - Unable to find the element located by 'By.xpath: //*[@data-id='button-link']//*[contains(text(),'Create New Voucher')]'. Please recheck the objects properties to make sure the desired element is located. &#xD;
&#xD;
2020-09-16 17:25:03 - [MESSAGE][WARNING] - Object 'Object Repository/FDR-Dashboard/createNewVoucherButton' is not present after 3 second(s)&#xD;
&#xD;
2020-09-16 17:25:06 - [MESSAGE][INFO] - Unable to find the element located by 'By.xpath: //*[@data-id='button-link']//*[contains(text(),'Create New Voucher')]'. Please recheck the objects properties to make sure the desired element is located. &#xD;
&#xD;
2020-09-16 17:25:06 - [MESSAGE][WARNING] - Object 'Object Repository/FDR-Dashboard/createNewVoucherButton' is not present after 2 second(s)&#xD;
&#xD;
2020-09-16 17:25:07 - [MESSAGE][PASSED] - Object 'Object Repository/FDR-VoucherEntry/DistributionLine/serviceDateFrom' is clickable&#xD;
&#xD;
2020-09-16 17:25:08 - [MESSAGE][PASSED] - Object: 'Object Repository/FDR-VoucherEntry/DistributionLine/serviceDateFrom' is clicked on&#xD;
&#xD;
2020-09-16 17:25:08 - [MESSAGE][PASSED] - Object 'Object Repository/FDR-VoucherEntry/DistributionLine/serviceDateFrom' is present&#xD;
&#xD;
2020-09-16 17:25:10 - [MESSAGE][PASSED] - Text '08/04/2020' is set on object 'Object Repository/FDR-VoucherEntry/DistributionLine/serviceDateFrom'&#xD;
&#xD;
2020-09-16 17:25:10 - [MESSAGE][PASSED] - Object: 'Object Repository/FDR-VoucherEntry/DistributionLine/serviceDateTo' is clicked on&#xD;
&#xD;
2020-09-16 17:25:11 - [MESSAGE][PASSED] - Object 'Object Repository/FDR-VoucherEntry/DistributionLine/serviceDateTo' is present&#xD;
&#xD;
2020-09-16 17:25:12 - [MESSAGE][PASSED] - Text '08/05/2020' is set on object 'Object Repository/FDR-VoucherEntry/DistributionLine/serviceDateTo'&#xD;
&#xD;
2020-09-16 17:25:16 - [MESSAGE][INFO] - Unable to find the element located by 'By.xpath: //*[@data-id='button-link']//*[contains(text(),'Create New Voucher')]'. Please recheck the objects properties to make sure the desired element is located. &#xD;
&#xD;
2020-09-16 17:25:16 - [MESSAGE][WARNING] - Object 'Object Repository/FDR-Dashboard/createNewVoucherButton' is not present after 2 second(s)&#xD;
&#xD;
2020-09-16 17:25:16 - [MESSAGE][PASSED] - Object: 'Object Repository/FDR-VoucherEntry/DistributionLine/amount' is clicked on&#xD;
&#xD;
2020-09-16 17:25:17 - [MESSAGE][PASSED] - Execute JavaScript 'arguments[0].value='';' successfully&#xD;
&#xD;
2020-09-16 17:25:18 - [MESSAGE][PASSED] - Keys '100' sent to object: 'Object Repository/FDR-VoucherEntry/DistributionLine/amount'&#xD;
&#xD;
2020-09-16 17:25:20 - [MESSAGE][INFO] - Unable to find the element located by 'By.xpath: //*[@data-id='button-link']//*[contains(text(),'Create New Voucher')]'. Please recheck the objects properties to make sure the desired element is located. &#xD;
&#xD;
2020-09-16 17:25:20 - [MESSAGE][WARNING] - Object 'Object Repository/FDR-Dashboard/createNewVoucherButton' is not present after 1 second(s)&#xD;
&#xD;
2020-09-16 17:25:21 - [MESSAGE][PASSED] - Object: 'Object Repository/FDR-VoucherEntry/DistributionLine/waiverType' is clicked on&#xD;
&#xD;
2020-09-16 17:25:24 - [MESSAGE][INFO] - Unable to find the element located by 'By.xpath: //*[@data-id='button-link']//*[contains(text(),'Create New Voucher')]'. Please recheck the objects properties to make sure the desired element is located. &#xD;
&#xD;
2020-09-16 17:25:24 - [MESSAGE][WARNING] - Object 'Object Repository/FDR-Dashboard/createNewVoucherButton' is not present after 1 second(s)&#xD;
&#xD;
2020-09-16 17:25:24 - [MESSAGE][PASSED] - Keys '1115' sent to object: 'Object Repository/FDR-VoucherEntry/DistributionLine/waiverType'&#xD;
&#xD;
2020-09-16 17:25:28 - [MESSAGE][INFO] - Unable to find the element located by 'By.xpath: //*[@data-id='button-link']//*[contains(text(),'Create New Voucher')]'. Please recheck the objects properties to make sure the desired element is located. &#xD;
&#xD;
2020-09-16 17:25:28 - [MESSAGE][WARNING] - Object 'Object Repository/FDR-Dashboard/createNewVoucherButton' is not present after 2 second(s)&#xD;
&#xD;
2020-09-16 17:25:29 - [MESSAGE][PASSED] - Keys 'DOWN + ENTER + ' sent to object: 'Object Repository/FDR-VoucherEntry/DistributionLine/waiverType'&#xD;
&#xD;
2020-09-16 17:25:29 - [MESSAGE][PASSED] - Object: 'Object Repository/FDR-VoucherEntry/DistributionLine/waiverName' is clicked on&#xD;
&#xD;
2020-09-16 17:25:30 - [MESSAGE][PASSED] - Keys 'CBAS' sent to object: 'Object Repository/FDR-VoucherEntry/DistributionLine/waiverName'&#xD;
&#xD;
2020-09-16 17:25:34 - [MESSAGE][INFO] - Unable to find the element located by 'By.xpath: //*[@data-id='button-link']//*[contains(text(),'Create New Voucher')]'. Please recheck the objects properties to make sure the desired element is located. &#xD;
&#xD;
2020-09-16 17:25:34 - [MESSAGE][WARNING] - Object 'Object Repository/FDR-Dashboard/createNewVoucherButton' is not present after 2 second(s)&#xD;
&#xD;
2020-09-16 17:25:34 - [MESSAGE][PASSED] - Keys 'DOWN + ENTER + ' sent to object: 'Object Repository/FDR-VoucherEntry/DistributionLine/waiverName'&#xD;
&#xD;
2020-09-16 17:25:35 - [MESSAGE][PASSED] - Object: 'Object Repository/FDR-VoucherEntry/DistributionLine/fundingSource' is clicked on&#xD;
&#xD;
2020-09-16 17:25:36 - [MESSAGE][PASSED] - Keys 'Dental' sent to object: 'Object Repository/FDR-VoucherEntry/DistributionLine/fundingSource'&#xD;
&#xD;
2020-09-16 17:25:39 - [MESSAGE][INFO] - Unable to find the element located by 'By.xpath: //*[@data-id='button-link']//*[contains(text(),'Create New Voucher')]'. Please recheck the objects properties to make sure the desired element is located. &#xD;
&#xD;
2020-09-16 17:25:39 - [MESSAGE][WARNING] - Object 'Object Repository/FDR-Dashboard/createNewVoucherButton' is not present after 2 second(s)&#xD;
&#xD;
2020-09-16 17:25:40 - [MESSAGE][PASSED] - Keys 'DOWN + ENTER + ' sent to object: 'Object Repository/FDR-VoucherEntry/DistributionLine/fundingSource'&#xD;
&#xD;
2020-09-16 17:25:41 - [MESSAGE][PASSED] - Object: 'Object Repository/FDR-VoucherEntry/DistributionLine/fundRatio' is clicked on&#xD;
&#xD;
2020-09-16 17:25:41 - [MESSAGE][PASSED] - Keys '90/10' sent to object: 'Object Repository/FDR-VoucherEntry/DistributionLine/fundRatio'&#xD;
&#xD;
2020-09-16 17:25:45 - [MESSAGE][INFO] - Unable to find the element located by 'By.xpath: //*[@data-id='button-link']//*[contains(text(),'Create New Voucher')]'. Please recheck the objects properties to make sure the desired element is located. &#xD;
&#xD;
2020-09-16 17:25:45 - [MESSAGE][WARNING] - Object 'Object Repository/FDR-Dashboard/createNewVoucherButton' is not present after 2 second(s)&#xD;
&#xD;
2020-09-16 17:25:46 - [MESSAGE][PASSED] - Keys 'DOWN + ENTER + ' sent to object: 'Object Repository/FDR-VoucherEntry/DistributionLine/fundRatio'&#xD;
&#xD;
2020-09-16 17:25:46 - [MESSAGE][PASSED] - Object: 'Object Repository/FDR-VoucherEntry/DistributionLine/nonFederalFund' is clicked on&#xD;
&#xD;
2020-09-16 17:25:47 - [MESSAGE][PASSED] - Keys '0001' sent to object: 'Object Repository/FDR-VoucherEntry/DistributionLine/nonFederalFund'&#xD;
&#xD;
2020-09-16 17:25:50 - [MESSAGE][INFO] - Unable to find the element located by 'By.xpath: //*[@data-id='button-link']//*[contains(text(),'Create New Voucher')]'. Please recheck the objects properties to make sure the desired element is located. &#xD;
&#xD;
2020-09-16 17:25:50 - [MESSAGE][WARNING] - Object 'Object Repository/FDR-Dashboard/createNewVoucherButton' is not present after 2 second(s)&#xD;
&#xD;
2020-09-16 17:25:51 - [MESSAGE][PASSED] - Keys 'DOWN + ENTER + ' sent to object: 'Object Repository/FDR-VoucherEntry/DistributionLine/nonFederalFund'&#xD;
&#xD;
2020-09-16 17:25:52 - [MESSAGE][PASSED] - Object: 'Object Repository/FDR-VoucherEntry/DistributionLine/account' is clicked on&#xD;
&#xD;
2020-09-16 17:25:52 - [MESSAGE][PASSED] - Keys '5442000' sent to object: 'Object Repository/FDR-VoucherEntry/DistributionLine/account'&#xD;
&#xD;
2020-09-16 17:25:53 - [MESSAGE][PASSED] - Keys 'DOWN + ENTER + ' sent to object: 'Object Repository/FDR-VoucherEntry/DistributionLine/account'&#xD;
&#xD;
2020-09-16 17:25:54 - [MESSAGE][PASSED] - Object: 'Object Repository/FDR-VoucherEntry/DistributionLine/altAccount' is clicked on&#xD;
&#xD;
2020-09-16 17:25:55 - [MESSAGE][PASSED] - Keys '5442000' sent to object: 'Object Repository/FDR-VoucherEntry/DistributionLine/altAccount'&#xD;
&#xD;
2020-09-16 17:25:55 - [MESSAGE][PASSED] - Object 'Object Repository/FDR-VoucherEntry/DistributionLine/altAccount' is present&#xD;
&#xD;
2020-09-16 17:25:56 - [MESSAGE][PASSED] - Keys 'DOWN + ENTER + ' sent to object: 'Object Repository/FDR-VoucherEntry/DistributionLine/altAccount'&#xD;
&#xD;
2020-09-16 17:25:57 - [MESSAGE][PASSED] - Object: 'Object Repository/FDR-VoucherEntry/DistributionLine/serviceCategory' is clicked on&#xD;
&#xD;
2020-09-16 17:26:00 - [MESSAGE][INFO] - Unable to find the element located by 'By.xpath: //*[@data-id='button-link']//*[contains(text(),'Create New Voucher')]'. Please recheck the objects properties to make sure the desired element is located. &#xD;
&#xD;
2020-09-16 17:26:00 - [MESSAGE][WARNING] - Object 'Object Repository/FDR-Dashboard/createNewVoucherButton' is not present after 2 second(s)&#xD;
&#xD;
2020-09-16 17:26:01 - [MESSAGE][PASSED] - Keys '18B1' sent to object: 'Object Repository/FDR-VoucherEntry/DistributionLine/serviceCategory'&#xD;
&#xD;
2020-09-16 17:26:02 - [MESSAGE][PASSED] - Keys 'DOWN + ENTER + ' sent to object: 'Object Repository/FDR-VoucherEntry/DistributionLine/serviceCategory'&#xD;
&#xD;
2020-09-16 17:26:03 - [MESSAGE][PASSED] - Object: 'Object Repository/FDR-VoucherEntry/DistributionLine/incDecLine' is clicked on&#xD;
&#xD;
2020-09-16 17:26:03 - [MESSAGE][PASSED] - Keys '8: Adjustments and corrections' sent to object: 'Object Repository/FDR-VoucherEntry/DistributionLine/incDecLine'&#xD;
&#xD;
2020-09-16 17:26:04 - [MESSAGE][PASSED] - Keys 'DOWN + ENTER + ' sent to object: 'Object Repository/FDR-VoucherEntry/DistributionLine/incDecLine'&#xD;
&#xD;
2020-09-16 17:26:07 - [MESSAGE][INFO] - Unable to find the element located by 'By.xpath: //*[@data-id='button-link']//*[contains(text(),'Create New Voucher')]'. Please recheck the objects properties to make sure the desired element is located. &#xD;
&#xD;
2020-09-16 17:26:07 - [MESSAGE][WARNING] - Object 'Object Repository/FDR-Dashboard/createNewVoucherButton' is not present after 1 second(s)&#xD;
&#xD;
2020-09-16 17:26:07 - [MESSAGE][PASSED] - Object: 'Object Repository/FDR-VoucherEntry/DistributionLine/index' is clicked on&#xD;
&#xD;
2020-09-16 17:26:08 - [MESSAGE][PASSED] - Keys '1155' sent to object: 'Object Repository/FDR-VoucherEntry/DistributionLine/index'&#xD;
&#xD;
2020-09-16 17:26:09 - [MESSAGE][PASSED] - Keys 'DOWN + ENTER + ' sent to object: 'Object Repository/FDR-VoucherEntry/DistributionLine/index'&#xD;
&#xD;
2020-09-16 17:26:10 - [MESSAGE][PASSED] - Object: 'Object Repository/FDR-VoucherEntry/DistributionLine/addSaveButton' is clicked on&#xD;
&#xD;
2020-09-16 17:26:26 - [TEST_STEP][PASSED] - Start listener action : sampleAfterTestCase: null&#xD;
&#xD;
2020-09-16 17:26:26 - [TEST_STEP][PASSED] - profileName = getExecutionProfile(): null&#xD;
&#xD;
2020-09-16 17:26:26 - [TEST_STEP][PASSED] - switch (profileName): null&#xD;
&#xD;
2020-09-16 17:26:26 - [TEST_STEP][PASSED] - case "superUser":: null&#xD;
&#xD;
2020-09-16 17:26:26 - [TEST_STEP][PASSED] - return null: null&#xD;
&#xD;
2020-09-16 17:26:26 - [TEST_STEP][PASSED] - Start listener action : afterTestCase: null&#xD;
&#xD;
2020-09-16 17:26:26 - [TEST_STEP][PASSED] - profileName = getExecutionProfile(): null&#xD;
&#xD;
2020-09-16 17:26:26 - [TEST_STEP][PASSED] - if (profileName.equalsIgnoreCase("SysAdmin")): null&#xD;
&#xD;
2020-09-16 17:26:26 - [TEST_STEP][PASSED] - Start listener action : sampleAfterTestCase: null&#xD;
&#xD;
2020-09-16 17:26:26 - [TEST_STEP][PASSED] - profileName = getExecutionProfile(): null&#xD;
&#xD;
2020-09-16 17:26:26 - [TEST_STEP][PASSED] - switch (profileName): null&#xD;
&#xD;
2020-09-16 17:26:26 - [TEST_STEP][PASSED] - case "Draw":: null&#xD;
&#xD;
2020-09-16 17:26:26 - [TEST_STEP][PASSED] - Uifunctions.logoutFDR(): Browser is closed&#xD;
&#xD;
2020-09-16 17:26:27 - [MESSAGE][PASSED] - Browser is closed&#xD;
&#xD;
2020-09-16 17:26:27 - [TEST_STEP][PASSED] - break: null&#xD;
&#xD;
2020-09-16 17:26:27 - [TEST_STEP][PASSED] - Start listener action : addFailedTCToList: null</system-out>
            <system-err></system-err>
        </testcase>
        <testcase name="Test Cases/WEB-UI-TESTS/Draw/FDR-Draw-Receipts-Date-Validation" classname="Test Cases/WEB-UI-TESTS/Draw/FDR-Draw-Receipts-Date-Validation" status="PASSED">
            <system-out>2020-09-16 17:27:08 - [TEST_CASE][PASSED] - Test Cases/WEB-UI-TESTS/Draw/FDR-Draw-Receipts-Date-Validation: Test Cases/WEB-UI-TESTS/Draw/FDR-Draw-Receipts-Date-Validation&#xD;
&#xD;
2020-09-16 17:27:09 - [TEST_STEP][PASSED] - Start listener action : sampleBeforeTestCase: null&#xD;
&#xD;
2020-09-16 17:27:09 - [TEST_STEP][PASSED] - profileName = getExecutionProfile(): null&#xD;
&#xD;
2020-09-16 17:27:09 - [TEST_STEP][PASSED] - switch (profileName): null&#xD;
&#xD;
2020-09-16 17:27:09 - [TEST_STEP][PASSED] - case "superUser":: null&#xD;
&#xD;
2020-09-16 17:27:09 - [TEST_STEP][PASSED] - return null: null&#xD;
&#xD;
2020-09-16 17:27:09 - [TEST_STEP][PASSED] - Start listener action : beforeTestCase: null&#xD;
&#xD;
2020-09-16 17:27:09 - [TEST_STEP][PASSED] - profileName = getExecutionProfile(): null&#xD;
&#xD;
2020-09-16 17:27:09 - [TEST_STEP][PASSED] - if (profileName.equalsIgnoreCase("SysAdmin")): null&#xD;
&#xD;
2020-09-16 17:27:09 - [TEST_STEP][PASSED] - Start listener action : sampleBeforeTestCase: Navigate to 'https://fdr-katalon.cammis-mod-dev.dhcs.ca.gov' successfully&#xD;
&#xD;
2020-09-16 17:27:09 - [TEST_STEP][PASSED] - profileName = getExecutionProfile(): null&#xD;
&#xD;
2020-09-16 17:27:09 - [TEST_STEP][PASSED] - testCaseId = testCaseContext.getTestCaseId(): null&#xD;
&#xD;
2020-09-16 17:27:09 - [TEST_STEP][PASSED] - switch (profileName): null&#xD;
&#xD;
2020-09-16 17:27:09 - [TEST_STEP][PASSED] - case "Draw":: null&#xD;
&#xD;
2020-09-16 17:27:09 - [TEST_STEP][PASSED] - if (account6TestCases.contains(testCaseId)): null&#xD;
&#xD;
2020-09-16 17:27:09 - [TEST_STEP][PASSED] - else if (account2TestCases.contains(testCaseId)): null&#xD;
&#xD;
2020-09-16 17:27:09 - [TEST_STEP][PASSED] - else if (account4TestCases.contains(testCaseId)): Object: 'Object Repository/FDR-SignIn/SignInButton' is clicked on&#xD;
&#xD;
2020-09-16 17:27:09 - [TEST_STEP][PASSED] - Uifunctions.loginFDR(cashierApprover, cashierPwd): Object: 'Object Repository/FDR-SignIn/SignInButton' is clicked on&#xD;
&#xD;
2020-09-16 17:27:09 - [MESSAGE][INFO] - Starting 'Chrome' driver&#xD;
&#xD;
2020-09-16 17:27:09 - [MESSAGE][INFO] - Action delay is set to 0 milliseconds&#xD;
&#xD;
2020-09-16 17:27:12 - [MESSAGE][PASSED] - Browser is opened with url: ''&#xD;
&#xD;
2020-09-16 17:27:14 - [MESSAGE][PASSED] - Current window maximized&#xD;
&#xD;
2020-09-16 17:27:15 - [MESSAGE][PASSED] - Navigate to 'https://fdr-katalon.cammis-mod-dev.dhcs.ca.gov' successfully&#xD;
&#xD;
2020-09-16 17:27:17 - [MESSAGE][PASSED] - Object 'Object Repository/FDR-SignIn/SignInEmail' is present&#xD;
&#xD;
2020-09-16 17:27:17 - [MESSAGE][PASSED] - Object: 'Object Repository/FDR-SignIn/SignInEmail' is clicked on&#xD;
&#xD;
2020-09-16 17:27:18 - [MESSAGE][PASSED] - Object 'Object Repository/FDR-SignIn/SignInEmail' is present&#xD;
&#xD;
2020-09-16 17:27:19 - [MESSAGE][PASSED] - Text 'fdr.test4@dhcs.ca.gov' is set on object 'Object Repository/FDR-SignIn/SignInEmail'&#xD;
&#xD;
2020-09-16 17:27:20 - [MESSAGE][PASSED] - Object 'Object Repository/FDR-SignIn/SignInEmailNext' is visible&#xD;
&#xD;
2020-09-16 17:27:21 - [MESSAGE][PASSED] - Object: 'Object Repository/FDR-SignIn/SignInEmailNext' is clicked on&#xD;
&#xD;
2020-09-16 17:27:24 - [MESSAGE][PASSED] - Object 'Object Repository/FDR-SignIn/SignInEmailPassword' is visible&#xD;
&#xD;
2020-09-16 17:27:25 - [MESSAGE][PASSED] - Object: 'Object Repository/FDR-SignIn/SignInEmailPassword' is clicked on&#xD;
&#xD;
2020-09-16 17:27:25 - [MESSAGE][PASSED] - Text ****** has been set on object 'Object Repository/FDR-SignIn/SignInEmailPassword'&#xD;
&#xD;
2020-09-16 17:27:28 - [MESSAGE][PASSED] - Object: 'Object Repository/FDR-SignIn/SignInButton' is clicked on&#xD;
&#xD;
2020-09-16 17:27:28 - [TEST_STEP][PASSED] - break: null&#xD;
&#xD;
2020-09-16 17:27:28 - [TEST_STEP][PASSED] - navigateToUrl(URL): Navigate to 'https://fdr-katalon.cammis-mod-dev.dhcs.ca.gov' successfully&#xD;
&#xD;
2020-09-16 17:27:28 - [MESSAGE][PASSED] - Navigate to 'https://fdr-katalon.cammis-mod-dev.dhcs.ca.gov' successfully&#xD;
&#xD;
2020-09-16 17:27:28 - [TEST_STEP][PASSED] - Start listener action : executeRows: null&#xD;
&#xD;
2020-09-16 17:27:32 - [TEST_STEP][PASSED] - waitForElementPresent(findTestObject("FDR-Dashboard/createNewVoucherButton"), 3): Object 'Object Repository/FDR-Dashboard/createNewVoucherButton' is not present after 3 second(s)&#xD;
&#xD;
2020-09-16 17:27:37 - [MESSAGE][INFO] - Unable to find the element located by 'By.xpath: //*[@data-id='button-link']//*[contains(text(),'Create New Voucher')]'. Please recheck the objects properties to make sure the desired element is located. &#xD;
&#xD;
2020-09-16 17:27:37 - [MESSAGE][WARNING] - Object 'Object Repository/FDR-Dashboard/createNewVoucherButton' is not present after 3 second(s)&#xD;
&#xD;
2020-09-16 17:27:37 - [TEST_STEP][PASSED] - newDepositId = RandomStringUtils.randomNumeric(7): null&#xD;
&#xD;
2020-09-16 17:27:37 - [TEST_STEP][PASSED] - editors.createReceipt(Drawdate, Paydate, newDepositId, Receiptnotes, Remittance, Controller): Object: 'Object Repository/FDR-Receipt/FDR-Receipt-Header/View/buttonNext' is clicked on&#xD;
&#xD;
2020-09-16 17:27:42 - [MESSAGE][INFO] - Unable to find the element located by 'By.xpath: //*[@data-id='button-link']//*[contains(text(),'Create New Voucher')]'. Please recheck the objects properties to make sure the desired element is located. &#xD;
&#xD;
2020-09-16 17:27:42 - [MESSAGE][WARNING] - Object 'Object Repository/FDR-Dashboard/createNewVoucherButton' is not present after 4 second(s)&#xD;
&#xD;
2020-09-16 17:27:43 - [MESSAGE][PASSED] - Object 'Object Repository/FDR-Receipt/FDR-Receipt-Dashboard/createNew_ReceiptBatch_Button' is present&#xD;
&#xD;
2020-09-16 17:27:44 - [MESSAGE][PASSED] - Object: 'Object Repository/FDR-Receipt/FDR-Receipt-Dashboard/createNew_ReceiptBatch_Button' is clicked on&#xD;
&#xD;
2020-09-16 17:27:44 - [MESSAGE][PASSED] - Object 'Object Repository/FDR-Receipt/FDR-Receipt-Header/View/inputDrawDate' is present&#xD;
&#xD;
2020-09-16 17:27:46 - [MESSAGE][PASSED] - Text '10/12/2020' is set on object 'Object Repository/FDR-Receipt/FDR-Receipt-Header/View/inputDrawDate'&#xD;
&#xD;
2020-09-16 17:27:46 - [MESSAGE][PASSED] - Keys 'TAB + ENTER + ENTER + ' sent to object: 'Object Repository/FDR-Receipt/FDR-Receipt-Header/View/inputDrawDate'&#xD;
&#xD;
2020-09-16 17:27:47 - [MESSAGE][PASSED] - Object 'Object Repository/FDR-Receipt/FDR-Receipt-Header/Edit/payDate' is present&#xD;
&#xD;
2020-09-16 17:27:48 - [MESSAGE][PASSED] - Text '10/14/2020' is set on object 'Object Repository/FDR-Receipt/FDR-Receipt-Header/Edit/payDate'&#xD;
&#xD;
2020-09-16 17:27:49 - [MESSAGE][PASSED] - Object 'Object Repository/FDR-Receipt/FDR-Receipt-Header/View/deposit ID' is present&#xD;
&#xD;
2020-09-16 17:27:50 - [MESSAGE][PASSED] - Text '9869081' is set on object 'Object Repository/FDR-Receipt/FDR-Receipt-Header/View/deposit ID'&#xD;
&#xD;
2020-09-16 17:27:51 - [MESSAGE][PASSED] - Object 'Object Repository/FDR-Receipt/FDR-ReceiptBatch/receiptNotes' is present&#xD;
&#xD;
2020-09-16 17:27:52 - [MESSAGE][PASSED] - Text 'rqewrq' is set on object 'Object Repository/FDR-Receipt/FDR-ReceiptBatch/receiptNotes'&#xD;
&#xD;
2020-09-16 17:27:53 - [MESSAGE][PASSED] - Object 'Object Repository/FDR-Receipt/FDR-Receipt-Header/Edit/remmitanceAdviceInput' is present&#xD;
&#xD;
2020-09-16 17:27:53 - [MESSAGE][PASSED] - Keys '1234' sent to object: 'Object Repository/FDR-Receipt/FDR-Receipt-Header/Edit/remmitanceAdviceInput'&#xD;
&#xD;
2020-09-16 17:27:54 - [MESSAGE][PASSED] - Object 'Object Repository/FDR-Receipt/FDR-Receipt-Header/Edit/controllerReceiptInput' is present&#xD;
&#xD;
2020-09-16 17:27:55 - [MESSAGE][PASSED] - Keys '4567' sent to object: 'Object Repository/FDR-Receipt/FDR-Receipt-Header/Edit/controllerReceiptInput'&#xD;
&#xD;
2020-09-16 17:27:55 - [MESSAGE][PASSED] - Object 'Object Repository/FDR-Receipt/FDR-Receipt-Header/View/buttonNext' is present&#xD;
&#xD;
2020-09-16 17:27:56 - [MESSAGE][PASSED] - Object: 'Object Repository/FDR-Receipt/FDR-Receipt-Header/View/buttonNext' is clicked on&#xD;
&#xD;
2020-09-16 17:27:56 - [TEST_STEP][PASSED] - editors.createReceiptline(ReceiptID, SupplierID, DepositDate): Object: 'Object Repository/FDR-Receipt/FDR-Receipt-Checkline/View/addReceipt_Button2' is clicked on&#xD;
&#xD;
2020-09-16 17:27:57 - [MESSAGE][PASSED] - Object 'Object Repository/FDR-Receipt/FDR-Receipt-Checkline/View/receipt_ID' is present&#xD;
&#xD;
2020-09-16 17:27:58 - [MESSAGE][PASSED] - Keys 'CHK10322' sent to object: 'Object Repository/FDR-Receipt/FDR-Receipt-Checkline/View/receipt_ID'&#xD;
&#xD;
2020-09-16 17:27:58 - [MESSAGE][PASSED] - Object 'Object Repository/FDR-Receipt/FDR-Receipt-Checkline/View/supplier_Id' is present&#xD;
&#xD;
2020-09-16 17:27:59 - [MESSAGE][PASSED] - Object: 'Object Repository/FDR-Receipt/FDR-Receipt-Checkline/View/supplier_Id' is clicked on&#xD;
&#xD;
2020-09-16 17:28:00 - [MESSAGE][PASSED] - Keys '0000007954' sent to object: 'Object Repository/FDR-Receipt/FDR-Receipt-Checkline/View/supplier_Id'&#xD;
&#xD;
2020-09-16 17:28:00 - [MESSAGE][PASSED] - Keys 'DOWN + ENTER + ' sent to object: 'Object Repository/FDR-Receipt/FDR-Receipt-Checkline/View/supplier_Id'&#xD;
&#xD;
2020-09-16 17:28:01 - [MESSAGE][PASSED] - Object 'Object Repository/FDR-Receipt/FDR-Receipt-Checkline/View/deposit_Date' is present&#xD;
&#xD;
2020-09-16 17:28:02 - [MESSAGE][PASSED] - Keys '02/24/2020' sent to object: 'Object Repository/FDR-Receipt/FDR-Receipt-Checkline/View/deposit_Date'&#xD;
&#xD;
2020-09-16 17:28:08 - [MESSAGE][INFO] - Unable to find the element located by 'By.xpath: //*[@data-id='button-link']//*[contains(text(),'Create New Voucher')]'. Please recheck the objects properties to make sure the desired element is located. &#xD;
&#xD;
2020-09-16 17:28:08 - [MESSAGE][WARNING] - Object 'Object Repository/FDR-Dashboard/createNewVoucherButton' is not present after 4 second(s)&#xD;
&#xD;
2020-09-16 17:28:08 - [MESSAGE][PASSED] - Object 'Object Repository/FDR-Receipt/FDR-Receipt-Checkline/View/addReceipt_Button2' is present&#xD;
&#xD;
2020-09-16 17:28:09 - [MESSAGE][PASSED] - Object: 'Object Repository/FDR-Receipt/FDR-Receipt-Checkline/View/addReceipt_Button2' is clicked on&#xD;
&#xD;
2020-09-16 17:28:09 - [TEST_STEP][PASSED] - d = Date().plus(1): null&#xD;
&#xD;
2020-09-16 17:28:09 - [TEST_STEP][PASSED] - dd = Date().plus(2): null&#xD;
&#xD;
2020-09-16 17:28:09 - [TEST_STEP][PASSED] - servicedatefrom = d.format("MM/dd/yyyy"): null&#xD;
&#xD;
2020-09-16 17:28:09 - [TEST_STEP][PASSED] - servicedateto = dd.format("MM/dd/yyyy"): null&#xD;
&#xD;
2020-09-16 17:28:09 - [TEST_STEP][PASSED] - originalwarrantdate = dd.format("MM/dd/yyyy"): null&#xD;
&#xD;
2020-09-16 17:28:09 - [TEST_STEP][PASSED] - verifyElementClickable(findTestObject("FDR-Receipt/FDR-Receipt-DistributionLine/FDR-AddEdit-DistributionLine/arrow_Down_Receipts"), STOP_ON_FAILURE): Object 'Object Repository/FDR-Receipt/FDR-Receipt-DistributionLine/FDR-AddEdit-DistributionLine/arrow_Down_Receipts' is clickable&#xD;
&#xD;
2020-09-16 17:28:10 - [MESSAGE][PASSED] - Object 'Object Repository/FDR-Receipt/FDR-Receipt-DistributionLine/FDR-AddEdit-DistributionLine/arrow_Down_Receipts' is clickable&#xD;
&#xD;
2020-09-16 17:28:10 - [TEST_STEP][PASSED] - click(findTestObject("FDR-Receipt/FDR-Receipt-DistributionLine/FDR-AddEdit-DistributionLine/arrow_Down_Receipts"), STOP_ON_FAILURE): Object: 'Object Repository/FDR-Receipt/FDR-Receipt-DistributionLine/FDR-AddEdit-DistributionLine/arrow_Down_Receipts' is clicked on&#xD;
&#xD;
2020-09-16 17:28:10 - [MESSAGE][PASSED] - Object: 'Object Repository/FDR-Receipt/FDR-Receipt-DistributionLine/FDR-AddEdit-DistributionLine/arrow_Down_Receipts' is clicked on&#xD;
&#xD;
2020-09-16 17:28:10 - [TEST_STEP][PASSED] - waitForElementPresent(findTestObject("FDR-Receipt/FDR-Receipt-Checkline/View/deposit_Control_Amount"), 10): Object 'Object Repository/FDR-Receipt/FDR-Receipt-Checkline/View/deposit_Control_Amount' is present&#xD;
&#xD;
2020-09-16 17:28:11 - [MESSAGE][PASSED] - Object 'Object Repository/FDR-Receipt/FDR-Receipt-Checkline/View/deposit_Control_Amount' is present&#xD;
&#xD;
2020-09-16 17:28:11 - [TEST_STEP][PASSED] - Receipttotalbefaddwith$ = getText(findTestObject("FDR-Receipt/FDR-Receipt-Checkline/View/deposit_Control_Amount")): Text of object 'Object Repository/FDR-Receipt/FDR-Receipt-Checkline/View/deposit_Control_Amount' is: '$0.00'&#xD;
&#xD;
2020-09-16 17:28:12 - [MESSAGE][PASSED] - Text of object 'Object Repository/FDR-Receipt/FDR-Receipt-Checkline/View/deposit_Control_Amount' is: '$0.00'&#xD;
&#xD;
2020-09-16 17:28:12 - [TEST_STEP][PASSED] - Receipttotalbefaddwithout$ = Receipttotalbefaddwith$.substring(1): null&#xD;
&#xD;
2020-09-16 17:28:12 - [TEST_STEP][PASSED] - ReceipttotalbefaddwithoutComma = Receipttotalbefaddwithout$.replaceAll(",", ""): null&#xD;
&#xD;
2020-09-16 17:28:12 - [TEST_STEP][PASSED] - Receipttotalbefreceiptlineadd = Float.parseFloat(ReceipttotalbefaddwithoutComma): null&#xD;
&#xD;
2020-09-16 17:28:12 - [TEST_STEP][PASSED] - waitForElementPresent(findTestObject("FDR-Receipt/FDR-Receipt-DistributionLine/FDR-AddEdit-DistributionLine/button_Add-Invoiceline"), 10): Object 'Object Repository/FDR-Receipt/FDR-Receipt-DistributionLine/FDR-AddEdit-DistributionLine/button_Add-Invoiceline' is present&#xD;
&#xD;
2020-09-16 17:28:13 - [MESSAGE][PASSED] - Object 'Object Repository/FDR-Receipt/FDR-Receipt-DistributionLine/FDR-AddEdit-DistributionLine/button_Add-Invoiceline' is present&#xD;
&#xD;
2020-09-16 17:28:13 - [TEST_STEP][PASSED] - scrollToElement(findTestObject("FDR-Receipt/FDR-Receipt-DistributionLine/FDR-AddEdit-DistributionLine/button_Add-Invoiceline"), 3): Scroll to object 'Object Repository/FDR-Receipt/FDR-Receipt-DistributionLine/FDR-AddEdit-DistributionLine/button_Add-Invoiceline' successfully&#xD;
&#xD;
2020-09-16 17:28:13 - [MESSAGE][PASSED] - Scroll to object 'Object Repository/FDR-Receipt/FDR-Receipt-DistributionLine/FDR-AddEdit-DistributionLine/button_Add-Invoiceline' successfully&#xD;
&#xD;
2020-09-16 17:28:13 - [TEST_STEP][PASSED] - verifyElementClickable(findTestObject("FDR-Receipt/FDR-Receipt-DistributionLine/FDR-AddEdit-DistributionLine/button_Add-Invoiceline"), STOP_ON_FAILURE): Object 'Object Repository/FDR-Receipt/FDR-Receipt-DistributionLine/FDR-AddEdit-DistributionLine/button_Add-Invoiceline' is clickable&#xD;
&#xD;
2020-09-16 17:28:14 - [MESSAGE][PASSED] - Object 'Object Repository/FDR-Receipt/FDR-Receipt-DistributionLine/FDR-AddEdit-DistributionLine/button_Add-Invoiceline' is clickable&#xD;
&#xD;
2020-09-16 17:28:14 - [TEST_STEP][PASSED] - click(findTestObject("FDR-Receipt/FDR-Receipt-DistributionLine/FDR-AddEdit-DistributionLine/button_Add-Invoiceline"), STOP_ON_FAILURE): Object: 'Object Repository/FDR-Receipt/FDR-Receipt-DistributionLine/FDR-AddEdit-DistributionLine/button_Add-Invoiceline' is clicked on&#xD;
&#xD;
2020-09-16 17:28:15 - [MESSAGE][PASSED] - Object: 'Object Repository/FDR-Receipt/FDR-Receipt-DistributionLine/FDR-AddEdit-DistributionLine/button_Add-Invoiceline' is clicked on&#xD;
&#xD;
2020-09-16 17:28:15 - [TEST_STEP][PASSED] - waitForElementPresent(findTestObject("FDR-Receipt/FDR-Receipt-DistributionLine/FDR-AddEdit-DistributionLine/invoice_Searchfield"), 10): Object 'Object Repository/FDR-Receipt/FDR-Receipt-DistributionLine/FDR-AddEdit-DistributionLine/invoice_Searchfield' is present&#xD;
&#xD;
2020-09-16 17:28:16 - [MESSAGE][PASSED] - Object 'Object Repository/FDR-Receipt/FDR-Receipt-DistributionLine/FDR-AddEdit-DistributionLine/invoice_Searchfield' is present&#xD;
&#xD;
2020-09-16 17:28:16 - [TEST_STEP][PASSED] - sendKeys(findTestObject("FDR-Receipt/FDR-Receipt-DistributionLine/FDR-AddEdit-DistributionLine/invoice_Searchfield"), searchfield): Keys '524342' sent to object: 'Object Repository/FDR-Receipt/FDR-Receipt-DistributionLine/FDR-AddEdit-DistributionLine/invoice_Searchfield'&#xD;
&#xD;
2020-09-16 17:28:16 - [MESSAGE][PASSED] - Keys '524342' sent to object: 'Object Repository/FDR-Receipt/FDR-Receipt-DistributionLine/FDR-AddEdit-DistributionLine/invoice_Searchfield'&#xD;
&#xD;
2020-09-16 17:28:16 - [TEST_STEP][PASSED] - click(findTestObject("FDR-Receipt/FDR-Receipt-DistributionLine/FDR-AddEdit-DistributionLine/button_Add_invoicemanually")): Object: 'Object Repository/FDR-Receipt/FDR-Receipt-DistributionLine/FDR-AddEdit-DistributionLine/button_Add_invoicemanually' is clicked on&#xD;
&#xD;
2020-09-16 17:28:18 - [MESSAGE][PASSED] - Object: 'Object Repository/FDR-Receipt/FDR-Receipt-DistributionLine/FDR-AddEdit-DistributionLine/button_Add_invoicemanually' is clicked on&#xD;
&#xD;
2020-09-16 17:28:18 - [TEST_STEP][PASSED] - waitForElementPresent(findTestObject("FDR-Receipt/FDR-Receipt-DistributionLine/FDR-AddEdit-DistributionLine/input_Service date (from)"), 10): Object 'Object Repository/FDR-Receipt/FDR-Receipt-DistributionLine/FDR-AddEdit-DistributionLine/input_Service date (from)' is present&#xD;
&#xD;
2020-09-16 17:28:18 - [MESSAGE][PASSED] - Object 'Object Repository/FDR-Receipt/FDR-Receipt-DistributionLine/FDR-AddEdit-DistributionLine/input_Service date (from)' is present&#xD;
&#xD;
2020-09-16 17:28:18 - [TEST_STEP][PASSED] - sendKeys(findTestObject("FDR-Receipt/FDR-Receipt-DistributionLine/FDR-AddEdit-DistributionLine/input_Service date (from)"), servicedatefrom): Keys '09/17/2020' sent to object: 'Object Repository/FDR-Receipt/FDR-Receipt-DistributionLine/FDR-AddEdit-DistributionLine/input_Service date (from)'&#xD;
&#xD;
2020-09-16 17:28:19 - [MESSAGE][PASSED] - Keys '09/17/2020' sent to object: 'Object Repository/FDR-Receipt/FDR-Receipt-DistributionLine/FDR-AddEdit-DistributionLine/input_Service date (from)'&#xD;
&#xD;
2020-09-16 17:28:19 - [TEST_STEP][PASSED] - waitForElementPresent(findTestObject("FDR-Receipt/FDR-Receipt-DistributionLine/FDR-AddEdit-DistributionLine/input_Service date (to)"), 10): Object 'Object Repository/FDR-Receipt/FDR-Receipt-DistributionLine/FDR-AddEdit-DistributionLine/input_Service date (to)' is present&#xD;
&#xD;
2020-09-16 17:28:20 - [MESSAGE][PASSED] - Object 'Object Repository/FDR-Receipt/FDR-Receipt-DistributionLine/FDR-AddEdit-DistributionLine/input_Service date (to)' is present&#xD;
&#xD;
2020-09-16 17:28:20 - [TEST_STEP][PASSED] - sendKeys(findTestObject("FDR-Receipt/FDR-Receipt-DistributionLine/FDR-AddEdit-DistributionLine/input_Service date (to)"), servicedateto): Keys '09/18/2020' sent to object: 'Object Repository/FDR-Receipt/FDR-Receipt-DistributionLine/FDR-AddEdit-DistributionLine/input_Service date (to)'&#xD;
&#xD;
2020-09-16 17:28:21 - [MESSAGE][PASSED] - Keys '09/18/2020' sent to object: 'Object Repository/FDR-Receipt/FDR-Receipt-DistributionLine/FDR-AddEdit-DistributionLine/input_Service date (to)'&#xD;
&#xD;
2020-09-16 17:28:21 - [TEST_STEP][PASSED] - waitForElementPresent(findTestObject("FDR-Receipt/FDR-Receipt-DistributionLine/FDR-AddEdit-DistributionLine/input_OrginalWarrantDate"), 10): Object 'Object Repository/FDR-Receipt/FDR-Receipt-DistributionLine/FDR-AddEdit-DistributionLine/input_OrginalWarrantDate' is present&#xD;
&#xD;
2020-09-16 17:28:21 - [MESSAGE][PASSED] - Object 'Object Repository/FDR-Receipt/FDR-Receipt-DistributionLine/FDR-AddEdit-DistributionLine/input_OrginalWarrantDate' is present&#xD;
&#xD;
2020-09-16 17:28:21 - [TEST_STEP][PASSED] - sendKeys(findTestObject("FDR-Receipt/FDR-Receipt-DistributionLine/FDR-AddEdit-DistributionLine/input_OrginalWarrantDate"), originalwarrantdate): Keys '09/18/2020' sent to object: 'Object Repository/FDR-Receipt/FDR-Receipt-DistributionLine/FDR-AddEdit-DistributionLine/input_OrginalWarrantDate'&#xD;
&#xD;
2020-09-16 17:28:22 - [MESSAGE][PASSED] - Keys '09/18/2020' sent to object: 'Object Repository/FDR-Receipt/FDR-Receipt-DistributionLine/FDR-AddEdit-DistributionLine/input_OrginalWarrantDate'&#xD;
&#xD;
2020-09-16 17:28:22 - [TEST_STEP][PASSED] - waitForElementPresent(findTestObject("FDR-Receipt/FDR-Receipt-DistributionLine/FDR-AddEdit-DistributionLine/input_Amount"), 10): Object 'Object Repository/FDR-Receipt/FDR-Receipt-DistributionLine/FDR-AddEdit-DistributionLine/input_Amount' is present&#xD;
&#xD;
2020-09-16 17:28:23 - [MESSAGE][PASSED] - Object 'Object Repository/FDR-Receipt/FDR-Receipt-DistributionLine/FDR-AddEdit-DistributionLine/input_Amount' is present&#xD;
&#xD;
2020-09-16 17:28:23 - [TEST_STEP][PASSED] - sendKeys(findTestObject("FDR-Receipt/FDR-Receipt-DistributionLine/FDR-AddEdit-DistributionLine/input_Amount"), Amount): Keys '3000' sent to object: 'Object Repository/FDR-Receipt/FDR-Receipt-DistributionLine/FDR-AddEdit-DistributionLine/input_Amount'&#xD;
&#xD;
2020-09-16 17:28:24 - [MESSAGE][PASSED] - Keys '3000' sent to object: 'Object Repository/FDR-Receipt/FDR-Receipt-DistributionLine/FDR-AddEdit-DistributionLine/input_Amount'&#xD;
&#xD;
2020-09-16 17:28:24 - [TEST_STEP][PASSED] - waitForElementPresent(findTestObject("FDR-Receipt/FDR-Receipt-DistributionLine/FDR-AddEdit-DistributionLine/waiver_Type"), 10): Object 'Object Repository/FDR-Receipt/FDR-Receipt-DistributionLine/FDR-AddEdit-DistributionLine/waiver_Type' is present&#xD;
&#xD;
2020-09-16 17:28:24 - [MESSAGE][PASSED] - Object 'Object Repository/FDR-Receipt/FDR-Receipt-DistributionLine/FDR-AddEdit-DistributionLine/waiver_Type' is present&#xD;
&#xD;
2020-09-16 17:28:24 - [TEST_STEP][PASSED] - waitForElementPresent(findTestObject("FDR-Receipt/FDR-Receipt-DistributionLine/FDR-AddEdit-DistributionLine/waiver_Type"), 8): Object 'Object Repository/FDR-Receipt/FDR-Receipt-DistributionLine/FDR-AddEdit-DistributionLine/waiver_Type' is present&#xD;
&#xD;
2020-09-16 17:28:25 - [MESSAGE][PASSED] - Object 'Object Repository/FDR-Receipt/FDR-Receipt-DistributionLine/FDR-AddEdit-DistributionLine/waiver_Type' is present&#xD;
&#xD;
2020-09-16 17:28:25 - [TEST_STEP][PASSED] - sendKeys(findTestObject("FDR-Receipt/FDR-Receipt-DistributionLine/FDR-AddEdit-DistributionLine/waiver_Type"), Waivertype): Keys '2020' sent to object: 'Object Repository/FDR-Receipt/FDR-Receipt-DistributionLine/FDR-AddEdit-DistributionLine/waiver_Type'&#xD;
&#xD;
2020-09-16 17:28:26 - [MESSAGE][PASSED] - Keys '2020' sent to object: 'Object Repository/FDR-Receipt/FDR-Receipt-DistributionLine/FDR-AddEdit-DistributionLine/waiver_Type'&#xD;
&#xD;
2020-09-16 17:28:26 - [TEST_STEP][PASSED] - sendKeys(findTestObject("FDR-Receipt/FDR-Receipt-DistributionLine/FDR-AddEdit-DistributionLine/waiver_Type"), Keys.chord(DOWN, ENTER)): Keys 'DOWN + ENTER + ' sent to object: 'Object Repository/FDR-Receipt/FDR-Receipt-DistributionLine/FDR-AddEdit-DistributionLine/waiver_Type'&#xD;
&#xD;
2020-09-16 17:28:26 - [MESSAGE][PASSED] - Keys 'DOWN + ENTER + ' sent to object: 'Object Repository/FDR-Receipt/FDR-Receipt-DistributionLine/FDR-AddEdit-DistributionLine/waiver_Type'&#xD;
&#xD;
2020-09-16 17:28:26 - [TEST_STEP][PASSED] - waitForElementPresent(findTestObject("FDR-Receipt/FDR-Receipt-DistributionLine/FDR-AddEdit-DistributionLine/waiver_Name"), 6): Object 'Object Repository/FDR-Receipt/FDR-Receipt-DistributionLine/FDR-AddEdit-DistributionLine/waiver_Name' is present&#xD;
&#xD;
2020-09-16 17:28:27 - [MESSAGE][PASSED] - Object 'Object Repository/FDR-Receipt/FDR-Receipt-DistributionLine/FDR-AddEdit-DistributionLine/waiver_Name' is present&#xD;
&#xD;
2020-09-16 17:28:27 - [TEST_STEP][PASSED] - sendKeys(findTestObject("FDR-Receipt/FDR-Receipt-DistributionLine/FDR-AddEdit-DistributionLine/waiver_Name"), Waivername): Keys 'A-FamilyU TPM/GMC' sent to object: 'Object Repository/FDR-Receipt/FDR-Receipt-DistributionLine/FDR-AddEdit-DistributionLine/waiver_Name'&#xD;
&#xD;
2020-09-16 17:28:28 - [MESSAGE][PASSED] - Keys 'A-FamilyU TPM/GMC' sent to object: 'Object Repository/FDR-Receipt/FDR-Receipt-DistributionLine/FDR-AddEdit-DistributionLine/waiver_Name'&#xD;
&#xD;
2020-09-16 17:28:28 - [TEST_STEP][PASSED] - sendKeys(findTestObject("FDR-Receipt/FDR-Receipt-DistributionLine/FDR-AddEdit-DistributionLine/waiver_Name"), Keys.chord(DOWN, ENTER)): Keys 'DOWN + ENTER + ' sent to object: 'Object Repository/FDR-Receipt/FDR-Receipt-DistributionLine/FDR-AddEdit-DistributionLine/waiver_Name'&#xD;
&#xD;
2020-09-16 17:28:29 - [MESSAGE][PASSED] - Keys 'DOWN + ENTER + ' sent to object: 'Object Repository/FDR-Receipt/FDR-Receipt-DistributionLine/FDR-AddEdit-DistributionLine/waiver_Name'&#xD;
&#xD;
2020-09-16 17:28:29 - [TEST_STEP][PASSED] - waitForElementPresent(findTestObject("FDR-Receipt/FDR-Receipt-DistributionLine/FDR-AddEdit-DistributionLine/funding_Source"), 6): Object 'Object Repository/FDR-Receipt/FDR-Receipt-DistributionLine/FDR-AddEdit-DistributionLine/funding_Source' is present&#xD;
&#xD;
2020-09-16 17:28:29 - [MESSAGE][PASSED] - Object 'Object Repository/FDR-Receipt/FDR-Receipt-DistributionLine/FDR-AddEdit-DistributionLine/funding_Source' is present&#xD;
&#xD;
2020-09-16 17:28:29 - [TEST_STEP][PASSED] - sendKeys(findTestObject("FDR-Receipt/FDR-Receipt-DistributionLine/FDR-AddEdit-DistributionLine/funding_Source"), Fundingsource): Keys 'Dental' sent to object: 'Object Repository/FDR-Receipt/FDR-Receipt-DistributionLine/FDR-AddEdit-DistributionLine/funding_Source'&#xD;
&#xD;
2020-09-16 17:28:30 - [MESSAGE][PASSED] - Keys 'Dental' sent to object: 'Object Repository/FDR-Receipt/FDR-Receipt-DistributionLine/FDR-AddEdit-DistributionLine/funding_Source'&#xD;
&#xD;
2020-09-16 17:28:30 - [TEST_STEP][PASSED] - sendKeys(findTestObject("FDR-Receipt/FDR-Receipt-DistributionLine/FDR-AddEdit-DistributionLine/funding_Source"), Keys.chord(DOWN, ENTER)): Keys 'DOWN + ENTER + ' sent to object: 'Object Repository/FDR-Receipt/FDR-Receipt-DistributionLine/FDR-AddEdit-DistributionLine/funding_Source'&#xD;
&#xD;
2020-09-16 17:28:31 - [MESSAGE][PASSED] - Keys 'DOWN + ENTER + ' sent to object: 'Object Repository/FDR-Receipt/FDR-Receipt-DistributionLine/FDR-AddEdit-DistributionLine/funding_Source'&#xD;
&#xD;
2020-09-16 17:28:31 - [TEST_STEP][PASSED] - waitForElementPresent(findTestObject("FDR-Receipt/FDR-Receipt-DistributionLine/FDR-AddEdit-DistributionLine/fund_Code"), 30): Object 'Object Repository/FDR-Receipt/FDR-Receipt-DistributionLine/FDR-AddEdit-DistributionLine/fund_Code' is present&#xD;
&#xD;
2020-09-16 17:28:31 - [MESSAGE][PASSED] - Object 'Object Repository/FDR-Receipt/FDR-Receipt-DistributionLine/FDR-AddEdit-DistributionLine/fund_Code' is present&#xD;
&#xD;
2020-09-16 17:28:31 - [TEST_STEP][PASSED] - sendKeys(findTestObject("FDR-Receipt/FDR-Receipt-DistributionLine/FDR-AddEdit-DistributionLine/fund_Code"), Fundcode): Keys 'Health Care Deposit Fund (0912)' sent to object: 'Object Repository/FDR-Receipt/FDR-Receipt-DistributionLine/FDR-AddEdit-DistributionLine/fund_Code'&#xD;
&#xD;
2020-09-16 17:28:32 - [MESSAGE][PASSED] - Keys 'Health Care Deposit Fund (0912)' sent to object: 'Object Repository/FDR-Receipt/FDR-Receipt-DistributionLine/FDR-AddEdit-DistributionLine/fund_Code'&#xD;
&#xD;
2020-09-16 17:28:32 - [TEST_STEP][PASSED] - sendKeys(findTestObject("FDR-Receipt/FDR-Receipt-DistributionLine/FDR-AddEdit-DistributionLine/fund_Code"), Keys.chord(DOWN, ENTER)): Keys 'DOWN + ENTER + ' sent to object: 'Object Repository/FDR-Receipt/FDR-Receipt-DistributionLine/FDR-AddEdit-DistributionLine/fund_Code'&#xD;
&#xD;
2020-09-16 17:28:33 - [MESSAGE][PASSED] - Keys 'DOWN + ENTER + ' sent to object: 'Object Repository/FDR-Receipt/FDR-Receipt-DistributionLine/FDR-AddEdit-DistributionLine/fund_Code'&#xD;
&#xD;
2020-09-16 17:28:33 - [TEST_STEP][PASSED] - waitForElementPresent(findTestObject("FDR-Receipt/FDR-Receipt-DistributionLine/FDR-AddEdit-DistributionLine/fund_Ratio"), 10): Object 'Object Repository/FDR-Receipt/FDR-Receipt-DistributionLine/FDR-AddEdit-DistributionLine/fund_Ratio' is present&#xD;
&#xD;
2020-09-16 17:28:33 - [MESSAGE][PASSED] - Object 'Object Repository/FDR-Receipt/FDR-Receipt-DistributionLine/FDR-AddEdit-DistributionLine/fund_Ratio' is present&#xD;
&#xD;
2020-09-16 17:28:33 - [TEST_STEP][PASSED] - sendKeys(findTestObject("FDR-Receipt/FDR-Receipt-DistributionLine/FDR-AddEdit-DistributionLine/fund_Ratio"), Fundratio): Keys '5' sent to object: 'Object Repository/FDR-Receipt/FDR-Receipt-DistributionLine/FDR-AddEdit-DistributionLine/fund_Ratio'&#xD;
&#xD;
2020-09-16 17:28:34 - [MESSAGE][PASSED] - Keys '5' sent to object: 'Object Repository/FDR-Receipt/FDR-Receipt-DistributionLine/FDR-AddEdit-DistributionLine/fund_Ratio'&#xD;
&#xD;
2020-09-16 17:28:34 - [TEST_STEP][PASSED] - sendKeys(findTestObject("FDR-Receipt/FDR-Receipt-DistributionLine/FDR-AddEdit-DistributionLine/fund_Ratio"), Keys.chord(DOWN, ENTER)): Keys 'DOWN + ENTER + ' sent to object: 'Object Repository/FDR-Receipt/FDR-Receipt-DistributionLine/FDR-AddEdit-DistributionLine/fund_Ratio'&#xD;
&#xD;
2020-09-16 17:28:35 - [MESSAGE][PASSED] - Keys 'DOWN + ENTER + ' sent to object: 'Object Repository/FDR-Receipt/FDR-Receipt-DistributionLine/FDR-AddEdit-DistributionLine/fund_Ratio'&#xD;
&#xD;
2020-09-16 17:28:35 - [TEST_STEP][PASSED] - waitForElementPresent(findTestObject("FDR-Receipt/FDR-Receipt-DistributionLine/FDR-AddEdit-DistributionLine/non_Federalfund"), 10): Object 'Object Repository/FDR-Receipt/FDR-Receipt-DistributionLine/FDR-AddEdit-DistributionLine/non_Federalfund' is present&#xD;
&#xD;
2020-09-16 17:28:35 - [MESSAGE][PASSED] - Object 'Object Repository/FDR-Receipt/FDR-Receipt-DistributionLine/FDR-AddEdit-DistributionLine/non_Federalfund' is present&#xD;
&#xD;
2020-09-16 17:28:35 - [TEST_STEP][PASSED] - click(findTestObject("FDR-Receipt/FDR-Receipt-DistributionLine/FDR-AddEdit-DistributionLine/non_Federalfund")): Object: 'Object Repository/FDR-Receipt/FDR-Receipt-DistributionLine/FDR-AddEdit-DistributionLine/non_Federalfund' is clicked on&#xD;
&#xD;
2020-09-16 17:28:36 - [MESSAGE][PASSED] - Object: 'Object Repository/FDR-Receipt/FDR-Receipt-DistributionLine/FDR-AddEdit-DistributionLine/non_Federalfund' is clicked on&#xD;
&#xD;
2020-09-16 17:28:36 - [TEST_STEP][PASSED] - sendKeys(findTestObject("FDR-Receipt/FDR-Receipt-DistributionLine/FDR-AddEdit-DistributionLine/non_Federalfund"), Nonfederalfund): Keys '0001' sent to object: 'Object Repository/FDR-Receipt/FDR-Receipt-DistributionLine/FDR-AddEdit-DistributionLine/non_Federalfund'&#xD;
&#xD;
2020-09-16 17:28:37 - [MESSAGE][PASSED] - Keys '0001' sent to object: 'Object Repository/FDR-Receipt/FDR-Receipt-DistributionLine/FDR-AddEdit-DistributionLine/non_Federalfund'&#xD;
&#xD;
2020-09-16 17:28:37 - [TEST_STEP][PASSED] - sendKeys(findTestObject("FDR-Receipt/FDR-Receipt-DistributionLine/FDR-AddEdit-DistributionLine/non_Federalfund"), Keys.chord(DOWN, ENTER)): Keys 'DOWN + ENTER + ' sent to object: 'Object Repository/FDR-Receipt/FDR-Receipt-DistributionLine/FDR-AddEdit-DistributionLine/non_Federalfund'&#xD;
&#xD;
2020-09-16 17:28:37 - [MESSAGE][PASSED] - Keys 'DOWN + ENTER + ' sent to object: 'Object Repository/FDR-Receipt/FDR-Receipt-DistributionLine/FDR-AddEdit-DistributionLine/non_Federalfund'&#xD;
&#xD;
2020-09-16 17:28:37 - [TEST_STEP][PASSED] - waitForElementPresent(findTestObject("FDR-Receipt/FDR-Receipt-DistributionLine/FDR-AddEdit-DistributionLine/input_Service location_serviceLocation"), 10): Object 'Object Repository/FDR-Receipt/FDR-Receipt-DistributionLine/FDR-AddEdit-DistributionLine/input_Service location_serviceLocation' is present&#xD;
&#xD;
2020-09-16 17:28:38 - [MESSAGE][PASSED] - Object 'Object Repository/FDR-Receipt/FDR-Receipt-DistributionLine/FDR-AddEdit-DistributionLine/input_Service location_serviceLocation' is present&#xD;
&#xD;
2020-09-16 17:28:38 - [TEST_STEP][PASSED] - sendKeys(findTestObject("FDR-Receipt/FDR-Receipt-DistributionLine/FDR-AddEdit-DistributionLine/input_Service location_serviceLocation"), Servicelocation): Keys '3445' sent to object: 'Object Repository/FDR-Receipt/FDR-Receipt-DistributionLine/FDR-AddEdit-DistributionLine/input_Service location_serviceLocation'&#xD;
&#xD;
2020-09-16 17:28:39 - [MESSAGE][PASSED] - Keys '3445' sent to object: 'Object Repository/FDR-Receipt/FDR-Receipt-DistributionLine/FDR-AddEdit-DistributionLine/input_Service location_serviceLocation'&#xD;
&#xD;
2020-09-16 17:28:39 - [TEST_STEP][PASSED] - sendKeys(findTestObject("FDR-Receipt/FDR-Receipt-DistributionLine/FDR-AddEdit-DistributionLine/input_Service location_serviceLocation"), Keys.chord(DOWN, ENTER)): Keys 'DOWN + ENTER + ' sent to object: 'Object Repository/FDR-Receipt/FDR-Receipt-DistributionLine/FDR-AddEdit-DistributionLine/input_Service location_serviceLocation'&#xD;
&#xD;
2020-09-16 17:28:40 - [MESSAGE][PASSED] - Keys 'DOWN + ENTER + ' sent to object: 'Object Repository/FDR-Receipt/FDR-Receipt-DistributionLine/FDR-AddEdit-DistributionLine/input_Service location_serviceLocation'&#xD;
&#xD;
2020-09-16 17:28:40 - [TEST_STEP][PASSED] - waitForElementPresent(findTestObject("FDR-Receipt/FDR-Receipt-DistributionLine/FDR-AddEdit-DistributionLine/Index"), 10): Object 'Object Repository/FDR-Receipt/FDR-Receipt-DistributionLine/FDR-AddEdit-DistributionLine/Index' is present&#xD;
&#xD;
2020-09-16 17:28:40 - [MESSAGE][PASSED] - Object 'Object Repository/FDR-Receipt/FDR-Receipt-DistributionLine/FDR-AddEdit-DistributionLine/Index' is present&#xD;
&#xD;
2020-09-16 17:28:40 - [TEST_STEP][PASSED] - sendKeys(findTestObject("FDR-Receipt/FDR-Receipt-DistributionLine/FDR-AddEdit-DistributionLine/Index"), Index): Keys '1155' sent to object: 'Object Repository/FDR-Receipt/FDR-Receipt-DistributionLine/FDR-AddEdit-DistributionLine/Index'&#xD;
&#xD;
2020-09-16 17:28:41 - [MESSAGE][PASSED] - Keys '1155' sent to object: 'Object Repository/FDR-Receipt/FDR-Receipt-DistributionLine/FDR-AddEdit-DistributionLine/Index'&#xD;
&#xD;
2020-09-16 17:28:41 - [TEST_STEP][PASSED] - sendKeys(findTestObject("FDR-Receipt/FDR-Receipt-DistributionLine/FDR-AddEdit-DistributionLine/Index"), Keys.chord(DOWN, ENTER)): Keys 'DOWN + ENTER + ' sent to object: 'Object Repository/FDR-Receipt/FDR-Receipt-DistributionLine/FDR-AddEdit-DistributionLine/Index'&#xD;
&#xD;
2020-09-16 17:28:42 - [MESSAGE][PASSED] - Keys 'DOWN + ENTER + ' sent to object: 'Object Repository/FDR-Receipt/FDR-Receipt-DistributionLine/FDR-AddEdit-DistributionLine/Index'&#xD;
&#xD;
2020-09-16 17:28:42 - [TEST_STEP][PASSED] - waitForElementPresent(findTestObject("FDR-Receipt/FDR-Receipt-DistributionLine/FDR-AddEdit-DistributionLine/program_Type"), 10): Object 'Object Repository/FDR-Receipt/FDR-Receipt-DistributionLine/FDR-AddEdit-DistributionLine/program_Type' is present&#xD;
&#xD;
2020-09-16 17:28:42 - [MESSAGE][PASSED] - Object 'Object Repository/FDR-Receipt/FDR-Receipt-DistributionLine/FDR-AddEdit-DistributionLine/program_Type' is present&#xD;
&#xD;
2020-09-16 17:28:42 - [TEST_STEP][PASSED] - sendKeys(findTestObject("FDR-Receipt/FDR-Receipt-DistributionLine/FDR-AddEdit-DistributionLine/program_Type"), Programtype): Keys 'Medical Assistance (MA)' sent to object: 'Object Repository/FDR-Receipt/FDR-Receipt-DistributionLine/FDR-AddEdit-DistributionLine/program_Type'&#xD;
&#xD;
2020-09-16 17:28:43 - [MESSAGE][PASSED] - Keys 'Medical Assistance (MA)' sent to object: 'Object Repository/FDR-Receipt/FDR-Receipt-DistributionLine/FDR-AddEdit-DistributionLine/program_Type'&#xD;
&#xD;
2020-09-16 17:28:43 - [TEST_STEP][PASSED] - sendKeys(findTestObject("FDR-Receipt/FDR-Receipt-DistributionLine/FDR-AddEdit-DistributionLine/program_Type"), Keys.chord(DOWN, ENTER)): Keys 'DOWN + ENTER + ' sent to object: 'Object Repository/FDR-Receipt/FDR-Receipt-DistributionLine/FDR-AddEdit-DistributionLine/program_Type'&#xD;
&#xD;
2020-09-16 17:28:44 - [MESSAGE][PASSED] - Keys 'DOWN + ENTER + ' sent to object: 'Object Repository/FDR-Receipt/FDR-Receipt-DistributionLine/FDR-AddEdit-DistributionLine/program_Type'&#xD;
&#xD;
2020-09-16 17:28:44 - [TEST_STEP][PASSED] - waitForElementPresent(findTestObject("FDR-Receipt/FDR-Receipt-DistributionLine/FDR-AddEdit-DistributionLine/service_Category"), 10): Object 'Object Repository/FDR-Receipt/FDR-Receipt-DistributionLine/FDR-AddEdit-DistributionLine/service_Category' is present&#xD;
&#xD;
2020-09-16 17:28:44 - [MESSAGE][PASSED] - Object 'Object Repository/FDR-Receipt/FDR-Receipt-DistributionLine/FDR-AddEdit-DistributionLine/service_Category' is present&#xD;
&#xD;
2020-09-16 17:28:44 - [TEST_STEP][PASSED] - sendKeys(findTestObject("FDR-Receipt/FDR-Receipt-DistributionLine/FDR-AddEdit-DistributionLine/service_Category"), Servicecategory): Keys '18B1' sent to object: 'Object Repository/FDR-Receipt/FDR-Receipt-DistributionLine/FDR-AddEdit-DistributionLine/service_Category'&#xD;
&#xD;
2020-09-16 17:28:45 - [MESSAGE][PASSED] - Keys '18B1' sent to object: 'Object Repository/FDR-Receipt/FDR-Receipt-DistributionLine/FDR-AddEdit-DistributionLine/service_Category'&#xD;
&#xD;
2020-09-16 17:28:45 - [TEST_STEP][PASSED] - sendKeys(findTestObject("FDR-Receipt/FDR-Receipt-DistributionLine/FDR-AddEdit-DistributionLine/service_Category"), Keys.chord(DOWN, ENTER)): Keys 'DOWN + ENTER + ' sent to object: 'Object Repository/FDR-Receipt/FDR-Receipt-DistributionLine/FDR-AddEdit-DistributionLine/service_Category'&#xD;
&#xD;
2020-09-16 17:28:46 - [MESSAGE][PASSED] - Keys 'DOWN + ENTER + ' sent to object: 'Object Repository/FDR-Receipt/FDR-Receipt-DistributionLine/FDR-AddEdit-DistributionLine/service_Category'&#xD;
&#xD;
2020-09-16 17:28:46 - [TEST_STEP][PASSED] - waitForElementPresent(findTestObject("FDR-Receipt/FDR-Receipt-DistributionLine/FDR-AddEdit-DistributionLine/increaseDecreaseLine"), 10): Object 'Object Repository/FDR-Receipt/FDR-Receipt-DistributionLine/FDR-AddEdit-DistributionLine/increaseDecreaseLine' is present&#xD;
&#xD;
2020-09-16 17:28:46 - [MESSAGE][PASSED] - Object 'Object Repository/FDR-Receipt/FDR-Receipt-DistributionLine/FDR-AddEdit-DistributionLine/increaseDecreaseLine' is present&#xD;
&#xD;
2020-09-16 17:28:46 - [TEST_STEP][PASSED] - sendKeys(findTestObject("FDR-Receipt/FDR-Receipt-DistributionLine/FDR-AddEdit-DistributionLine/increaseDecreaseLine"), IncreaseDecreaseLine): Keys '10b: Receipts or any decrease' sent to object: 'Object Repository/FDR-Receipt/FDR-Receipt-DistributionLine/FDR-AddEdit-DistributionLine/increaseDecreaseLine'&#xD;
&#xD;
2020-09-16 17:28:47 - [MESSAGE][PASSED] - Keys '10b: Receipts or any decrease' sent to object: 'Object Repository/FDR-Receipt/FDR-Receipt-DistributionLine/FDR-AddEdit-DistributionLine/increaseDecreaseLine'&#xD;
&#xD;
2020-09-16 17:28:47 - [TEST_STEP][PASSED] - sendKeys(findTestObject("FDR-Receipt/FDR-Receipt-DistributionLine/FDR-AddEdit-DistributionLine/increaseDecreaseLine"), Keys.chord(ARROW_DOWN, ENTER)): Keys 'DOWN + ENTER + ' sent to object: 'Object Repository/FDR-Receipt/FDR-Receipt-DistributionLine/FDR-AddEdit-DistributionLine/increaseDecreaseLine'&#xD;
&#xD;
2020-09-16 17:28:48 - [MESSAGE][PASSED] - Keys 'DOWN + ENTER + ' sent to object: 'Object Repository/FDR-Receipt/FDR-Receipt-DistributionLine/FDR-AddEdit-DistributionLine/increaseDecreaseLine'&#xD;
&#xD;
2020-09-16 17:28:48 - [TEST_STEP][PASSED] - waitForElementPresent(findTestObject("FDR-Receipt/FDR-Receipt-DistributionLine/FDR-AddEdit-DistributionLine/input_accountId"), 2, STOP_ON_FAILURE): Object 'Object Repository/FDR-Receipt/FDR-Receipt-DistributionLine/FDR-AddEdit-DistributionLine/input_accountId' is present&#xD;
&#xD;
2020-09-16 17:28:48 - [MESSAGE][PASSED] - Object 'Object Repository/FDR-Receipt/FDR-Receipt-DistributionLine/FDR-AddEdit-DistributionLine/input_accountId' is present&#xD;
&#xD;
2020-09-16 17:28:48 - [TEST_STEP][PASSED] - sendKeys(findTestObject("FDR-Receipt/FDR-Receipt-DistributionLine/FDR-AddEdit-DistributionLine/input_accountId"), accountId + Keys.chord(ARROW_DOWN, ENTER)): Keys 'DOWN + ENTER + 5432000' sent to object: 'Object Repository/FDR-Receipt/FDR-Receipt-DistributionLine/FDR-AddEdit-DistributionLine/input_accountId'&#xD;
&#xD;
2020-09-16 17:28:49 - [MESSAGE][PASSED] - Keys 'DOWN + ENTER + 5432000' sent to object: 'Object Repository/FDR-Receipt/FDR-Receipt-DistributionLine/FDR-AddEdit-DistributionLine/input_accountId'&#xD;
&#xD;
2020-09-16 17:28:49 - [TEST_STEP][PASSED] - delay(4): Delayed 4 second(s)&#xD;
&#xD;
2020-09-16 17:28:53 - [MESSAGE][PASSED] - Delayed 4 second(s)&#xD;
&#xD;
2020-09-16 17:28:53 - [TEST_STEP][PASSED] - sendKeys(findTestObject("FDR-Receipt/FDR-Receipt-DistributionLine/FDR-AddEdit-DistributionLine/input_altAccountId"), altAccountId + Keys.chord(ARROW_DOWN, ENTER)): Keys 'DOWN + ENTER + 5432000019' sent to object: 'Object Repository/FDR-Receipt/FDR-Receipt-DistributionLine/FDR-AddEdit-DistributionLine/input_altAccountId'&#xD;
&#xD;
2020-09-16 17:28:54 - [MESSAGE][PASSED] - Keys 'DOWN + ENTER + 5432000019' sent to object: 'Object Repository/FDR-Receipt/FDR-Receipt-DistributionLine/FDR-AddEdit-DistributionLine/input_altAccountId'&#xD;
&#xD;
2020-09-16 17:28:54 - [TEST_STEP][PASSED] - waitForElementPresent(findTestObject("FDR-Receipt/FDR-Receipt-DistributionLine/FDR-AddEdit-DistributionLine/button_SaveClose"), 10): Object 'Object Repository/FDR-Receipt/FDR-Receipt-DistributionLine/FDR-AddEdit-DistributionLine/button_SaveClose' is present&#xD;
&#xD;
2020-09-16 17:28:55 - [MESSAGE][PASSED] - Object 'Object Repository/FDR-Receipt/FDR-Receipt-DistributionLine/FDR-AddEdit-DistributionLine/button_SaveClose' is present&#xD;
&#xD;
2020-09-16 17:28:55 - [TEST_STEP][PASSED] - click(findTestObject("FDR-Receipt/FDR-Receipt-DistributionLine/FDR-AddEdit-DistributionLine/button_SaveClose")): Object: 'Object Repository/FDR-Receipt/FDR-Receipt-DistributionLine/FDR-AddEdit-DistributionLine/button_SaveClose' is clicked on&#xD;
&#xD;
2020-09-16 17:28:56 - [MESSAGE][PASSED] - Object: 'Object Repository/FDR-Receipt/FDR-Receipt-DistributionLine/FDR-AddEdit-DistributionLine/button_SaveClose' is clicked on&#xD;
&#xD;
2020-09-16 17:28:56 - [TEST_STEP][PASSED] - Start listener action : sampleAfterTestCase: null&#xD;
&#xD;
2020-09-16 17:28:56 - [TEST_STEP][PASSED] - profileName = getExecutionProfile(): null&#xD;
&#xD;
2020-09-16 17:28:56 - [TEST_STEP][PASSED] - switch (profileName): null&#xD;
&#xD;
2020-09-16 17:28:56 - [TEST_STEP][PASSED] - case "superUser":: null&#xD;
&#xD;
2020-09-16 17:28:56 - [TEST_STEP][PASSED] - return null: null&#xD;
&#xD;
2020-09-16 17:28:56 - [TEST_STEP][PASSED] - Start listener action : afterTestCase: null&#xD;
&#xD;
2020-09-16 17:28:56 - [TEST_STEP][PASSED] - profileName = getExecutionProfile(): null&#xD;
&#xD;
2020-09-16 17:28:56 - [TEST_STEP][PASSED] - if (profileName.equalsIgnoreCase("SysAdmin")): null&#xD;
&#xD;
2020-09-16 17:28:56 - [TEST_STEP][PASSED] - Start listener action : sampleAfterTestCase: null&#xD;
&#xD;
2020-09-16 17:28:56 - [TEST_STEP][PASSED] - profileName = getExecutionProfile(): null&#xD;
&#xD;
2020-09-16 17:28:56 - [TEST_STEP][PASSED] - switch (profileName): null&#xD;
&#xD;
2020-09-16 17:28:56 - [TEST_STEP][PASSED] - case "Draw":: null&#xD;
&#xD;
2020-09-16 17:28:56 - [TEST_STEP][PASSED] - Uifunctions.logoutFDR(): Browser is closed&#xD;
&#xD;
2020-09-16 17:28:56 - [MESSAGE][PASSED] - Browser is closed&#xD;
&#xD;
2020-09-16 17:28:56 - [TEST_STEP][PASSED] - break: null&#xD;
&#xD;
2020-09-16 17:28:56 - [TEST_STEP][PASSED] - Start listener action : addFailedTCToList: null</system-out>
            <system-err></system-err>
        </testcase>
        <testcase name="Test Cases/WEB-UI-TESTS/Draw/FDR-Total-Validations-Receipts-Vouchers" classname="Test Cases/WEB-UI-TESTS/Draw/FDR-Total-Validations-Receipts-Vouchers" status="FAILED">
            <failure type="FAILED" message="Test Cases/WEB-UI-TESTS/Draw/FDR-Total-Validations-Receipts-Vouchers FAILED.&#xA;Reason:&#xA;com.kms.katalon.core.exception.StepFailedException: Unable to click on object 'expandButton'&#xA;&#x9;at com.kms.katalon.core.webui.keyword.internal.WebUIKeywordMain.stepFailed(WebUIKeywordMain.groovy:64)&#xA;&#x9;at com.kms.katalon.core.webui.keyword.internal.WebUIKeywordMain.runKeyword(WebUIKeywordMain.groovy:26)&#xA;&#x9;at com.kms.katalon.core.webui.keyword.builtin.ClickKeyword.click(ClickKeyword.groovy:76)&#xA;&#x9;at com.kms.katalon.core.webui.keyword.builtin.ClickKeyword.execute(ClickKeyword.groovy:43)&#xA;&#x9;at com.kms.katalon.core.keyword.internal.KeywordExecutor.executeKeywordForPlatform(KeywordExecutor.groovy:73)&#xA;&#x9;at com.kms.katalon.core.webui.keyword.WebUiBuiltInKeywords.click(WebUiBuiltInKeywords.groovy:604)&#xA;&#x9;at com.kms.katalon.core.webui.keyword.WebUiBuiltInKeywords$click$3.call(Unknown Source)&#xA;&#x9;at com.functions.Uifunctions.clickOnReconcileButton(Uifunctions.groovy:319)&#xA;&#x9;at com.functions.Uifunctions$clickOnReconcileButton$5.call(Unknown Source)&#xA;&#x9;at FDR-Total-Validations-Receipts-Vouchers.run(FDR-Total-Validations-Receipts-Vouchers:12)&#xA;&#x9;at com.kms.katalon.core.main.ScriptEngine.run(ScriptEngine.java:194)&#xA;&#x9;at com.kms.katalon.core.main.ScriptEngine.runScriptAsRawText(ScriptEngine.java:119)&#xA;&#x9;at com.kms.katalon.core.main.TestCaseExecutor.runScript(TestCaseExecutor.java:339)&#xA;&#x9;at com.kms.katalon.core.main.TestCaseExecutor.doExecute(TestCaseExecutor.java:330)&#xA;&#x9;at com.kms.katalon.core.main.TestCaseExecutor.processExecutionPhase(TestCaseExecutor.java:309)&#xA;&#x9;at com.kms.katalon.core.main.TestCaseExecutor.accessMainPhase(TestCaseExecutor.java:301)&#xA;&#x9;at com.kms.katalon.core.main.TestCaseExecutor.execute(TestCaseExecutor.java:235)&#xA;&#x9;at com.kms.katalon.core.main.TestSuiteExecutor.accessTestCaseMainPhase(TestSuiteExecutor.java:191)&#xA;&#x9;at com.kms.katalon.core.main.TestSuiteExecutor.accessTestSuiteMainPhase(TestSuiteExecutor.java:141)&#xA;&#x9;at com.kms.katalon.core.main.TestSuiteExecutor.execute(TestSuiteExecutor.java:90)&#xA;&#x9;at com.kms.katalon.core.main.TestCaseMain.startTestSuite(TestCaseMain.java:157)&#xA;&#x9;at com.kms.katalon.core.main.TestCaseMain$startTestSuite$0.call(Unknown Source)&#xA;&#x9;at TempTestSuite1600302195382.run(TempTestSuite1600302195382.groovy:39)&#xA;Caused by: com.kms.katalon.core.webui.exception.WebElementNotFoundException: Web element with id: 'expandButton' located by '(//*[text()='Draw Date']//parent::*//parent::*//parent::*//button)[1]' not found&#xA;&#x9;at com.kms.katalon.core.webui.common.WebUiCommonHelper.findWebElement(WebUiCommonHelper.java:1368)&#xA;&#x9;at com.kms.katalon.core.webui.keyword.internal.WebUIAbstractKeyword.findWebElement(WebUIAbstractKeyword.groovy:27)&#xA;&#x9;at com.kms.katalon.core.webui.keyword.internal.WebUIAbstractKeyword.findWebElement(WebUIAbstractKeyword.groovy:26)&#xA;&#x9;at com.kms.katalon.core.webui.keyword.builtin.ClickKeyword$_click_closure1.doCall(ClickKeyword.groovy:67)&#xA;&#x9;at com.kms.katalon.core.webui.keyword.builtin.ClickKeyword$_click_closure1.call(ClickKeyword.groovy)&#xA;&#x9;at com.kms.katalon.core.webui.keyword.internal.WebUIKeywordMain.runKeyword(WebUIKeywordMain.groovy:20)&#xA;&#x9;... 21 more&#xA;"/>
            <system-out>2020-09-16 17:29:00 - [TEST_CASE][FAILED] - Test Cases/WEB-UI-TESTS/Draw/FDR-Total-Validations-Receipts-Vouchers: Test Cases/WEB-UI-TESTS/Draw/FDR-Total-Validations-Receipts-Vouchers FAILED.
Reason:
com.kms.katalon.core.exception.StepFailedException: Unable to click on object 'expandButton'
	at com.kms.katalon.core.webui.keyword.internal.WebUIKeywordMain.stepFailed(WebUIKeywordMain.groovy:64)
	at com.kms.katalon.core.webui.keyword.internal.WebUIKeywordMain.runKeyword(WebUIKeywordMain.groovy:26)
	at com.kms.katalon.core.webui.keyword.builtin.ClickKeyword.click(ClickKeyword.groovy:76)
	at com.kms.katalon.core.webui.keyword.builtin.ClickKeyword.execute(ClickKeyword.groovy:43)
	at com.kms.katalon.core.keyword.internal.KeywordExecutor.executeKeywordForPlatform(KeywordExecutor.groovy:73)
	at com.kms.katalon.core.webui.keyword.WebUiBuiltInKeywords.click(WebUiBuiltInKeywords.groovy:604)
	at com.kms.katalon.core.webui.keyword.WebUiBuiltInKeywords$click$3.call(Unknown Source)
	at com.functions.Uifunctions.clickOnReconcileButton(Uifunctions.groovy:319)
	at com.functions.Uifunctions$clickOnReconcileButton$5.call(Unknown Source)
	at FDR-Total-Validations-Receipts-Vouchers.run(FDR-Total-Validations-Receipts-Vouchers:12)
	at com.kms.katalon.core.main.ScriptEngine.run(ScriptEngine.java:194)
	at com.kms.katalon.core.main.ScriptEngine.runScriptAsRawText(ScriptEngine.java:119)
	at com.kms.katalon.core.main.TestCaseExecutor.runScript(TestCaseExecutor.java:339)
	at com.kms.katalon.core.main.TestCaseExecutor.doExecute(TestCaseExecutor.java:330)
	at com.kms.katalon.core.main.TestCaseExecutor.processExecutionPhase(TestCaseExecutor.java:309)
	at com.kms.katalon.core.main.TestCaseExecutor.accessMainPhase(TestCaseExecutor.java:301)
	at com.kms.katalon.core.main.TestCaseExecutor.execute(TestCaseExecutor.java:235)
	at com.kms.katalon.core.main.TestSuiteExecutor.accessTestCaseMainPhase(TestSuiteExecutor.java:191)
	at com.kms.katalon.core.main.TestSuiteExecutor.accessTestSuiteMainPhase(TestSuiteExecutor.java:141)
	at com.kms.katalon.core.main.TestSuiteExecutor.execute(TestSuiteExecutor.java:90)
	at com.kms.katalon.core.main.TestCaseMain.startTestSuite(TestCaseMain.java:157)
	at com.kms.katalon.core.main.TestCaseMain$startTestSuite$0.call(Unknown Source)
	at TempTestSuite1600302195382.run(TempTestSuite1600302195382.groovy:39)
Caused by: com.kms.katalon.core.webui.exception.WebElementNotFoundException: Web element with id: 'expandButton' located by '(//*[text()='Draw Date']//parent::*//parent::*//parent::*//button)[1]' not found
	at com.kms.katalon.core.webui.common.WebUiCommonHelper.findWebElement(WebUiCommonHelper.java:1368)
	at com.kms.katalon.core.webui.keyword.internal.WebUIAbstractKeyword.findWebElement(WebUIAbstractKeyword.groovy:27)
	at com.kms.katalon.core.webui.keyword.internal.WebUIAbstractKeyword.findWebElement(WebUIAbstractKeyword.groovy:26)
	at com.kms.katalon.core.webui.keyword.builtin.ClickKeyword$_click_closure1.doCall(ClickKeyword.groovy:67)
	at com.kms.katalon.core.webui.keyword.builtin.ClickKeyword$_click_closure1.call(ClickKeyword.groovy)
	at com.kms.katalon.core.webui.keyword.internal.WebUIKeywordMain.runKeyword(WebUIKeywordMain.groovy:20)
	... 21 more
&#xD;
&#xD;
2020-09-16 17:29:00 - [TEST_STEP][PASSED] - Start listener action : sampleBeforeTestCase: null&#xD;
&#xD;
2020-09-16 17:29:00 - [TEST_STEP][PASSED] - profileName = getExecutionProfile(): null&#xD;
&#xD;
2020-09-16 17:29:00 - [TEST_STEP][PASSED] - switch (profileName): null&#xD;
&#xD;
2020-09-16 17:29:00 - [TEST_STEP][PASSED] - case "superUser":: null&#xD;
&#xD;
2020-09-16 17:29:00 - [TEST_STEP][PASSED] - return null: null&#xD;
&#xD;
2020-09-16 17:29:00 - [TEST_STEP][PASSED] - Start listener action : beforeTestCase: null&#xD;
&#xD;
2020-09-16 17:29:00 - [TEST_STEP][PASSED] - profileName = getExecutionProfile(): null&#xD;
&#xD;
2020-09-16 17:29:00 - [TEST_STEP][PASSED] - if (profileName.equalsIgnoreCase("SysAdmin")): null&#xD;
&#xD;
2020-09-16 17:29:00 - [TEST_STEP][PASSED] - Start listener action : sampleBeforeTestCase: Navigate to 'https://fdr-katalon.cammis-mod-dev.dhcs.ca.gov' successfully&#xD;
&#xD;
2020-09-16 17:29:00 - [TEST_STEP][PASSED] - profileName = getExecutionProfile(): null&#xD;
&#xD;
2020-09-16 17:29:00 - [TEST_STEP][PASSED] - testCaseId = testCaseContext.getTestCaseId(): null&#xD;
&#xD;
2020-09-16 17:29:00 - [TEST_STEP][PASSED] - switch (profileName): null&#xD;
&#xD;
2020-09-16 17:29:00 - [TEST_STEP][PASSED] - case "Draw":: null&#xD;
&#xD;
2020-09-16 17:29:00 - [TEST_STEP][PASSED] - if (account6TestCases.contains(testCaseId)): Object: 'Object Repository/FDR-SignIn/SignInButton' is clicked on&#xD;
&#xD;
2020-09-16 17:29:00 - [TEST_STEP][PASSED] - Uifunctions.loginFDR(drawCashierAcc6, drawCashierAcc6Pwd): Object: 'Object Repository/FDR-SignIn/SignInButton' is clicked on&#xD;
&#xD;
2020-09-16 17:29:00 - [MESSAGE][INFO] - Starting 'Chrome' driver&#xD;
&#xD;
2020-09-16 17:29:00 - [MESSAGE][INFO] - Action delay is set to 0 milliseconds&#xD;
&#xD;
2020-09-16 17:29:03 - [MESSAGE][PASSED] - Browser is opened with url: ''&#xD;
&#xD;
2020-09-16 17:29:06 - [MESSAGE][PASSED] - Current window maximized&#xD;
&#xD;
2020-09-16 17:29:08 - [MESSAGE][PASSED] - Navigate to 'https://fdr-katalon.cammis-mod-dev.dhcs.ca.gov' successfully&#xD;
&#xD;
2020-09-16 17:29:09 - [MESSAGE][PASSED] - Object 'Object Repository/FDR-SignIn/SignInEmail' is present&#xD;
&#xD;
2020-09-16 17:29:10 - [MESSAGE][PASSED] - Object: 'Object Repository/FDR-SignIn/SignInEmail' is clicked on&#xD;
&#xD;
2020-09-16 17:29:10 - [MESSAGE][PASSED] - Object 'Object Repository/FDR-SignIn/SignInEmail' is present&#xD;
&#xD;
2020-09-16 17:29:11 - [MESSAGE][PASSED] - Text 'fdr.test6@dhcs.ca.gov' is set on object 'Object Repository/FDR-SignIn/SignInEmail'&#xD;
&#xD;
2020-09-16 17:29:12 - [MESSAGE][PASSED] - Object 'Object Repository/FDR-SignIn/SignInEmailNext' is visible&#xD;
&#xD;
2020-09-16 17:29:13 - [MESSAGE][PASSED] - Object: 'Object Repository/FDR-SignIn/SignInEmailNext' is clicked on&#xD;
&#xD;
2020-09-16 17:29:17 - [MESSAGE][PASSED] - Object 'Object Repository/FDR-SignIn/SignInEmailPassword' is visible&#xD;
&#xD;
2020-09-16 17:29:17 - [MESSAGE][PASSED] - Object: 'Object Repository/FDR-SignIn/SignInEmailPassword' is clicked on&#xD;
&#xD;
2020-09-16 17:29:18 - [MESSAGE][PASSED] - Text ****** has been set on object 'Object Repository/FDR-SignIn/SignInEmailPassword'&#xD;
&#xD;
2020-09-16 17:29:20 - [MESSAGE][PASSED] - Object: 'Object Repository/FDR-SignIn/SignInButton' is clicked on&#xD;
&#xD;
2020-09-16 17:29:20 - [TEST_STEP][PASSED] - break: null&#xD;
&#xD;
2020-09-16 17:29:20 - [TEST_STEP][PASSED] - navigateToUrl(URL): Navigate to 'https://fdr-katalon.cammis-mod-dev.dhcs.ca.gov' successfully&#xD;
&#xD;
2020-09-16 17:29:21 - [MESSAGE][PASSED] - Navigate to 'https://fdr-katalon.cammis-mod-dev.dhcs.ca.gov' successfully&#xD;
&#xD;
2020-09-16 17:29:21 - [TEST_STEP][PASSED] - Start listener action : executeRows: null&#xD;
&#xD;
2020-09-16 17:29:21 - [TEST_STEP][PASSED] - drawDate = "10/21/2020": null&#xD;
&#xD;
2020-09-16 17:29:21 - [TEST_STEP][PASSED] - logger = new com.kms.katalon.core.logging.KeywordLogger(): null&#xD;
&#xD;
2020-09-16 17:29:21 - [TEST_STEP][PASSED] - delay(10): Delayed 10 second(s)&#xD;
&#xD;
2020-09-16 17:29:31 - [MESSAGE][PASSED] - Delayed 10 second(s)&#xD;
&#xD;
2020-09-16 17:29:31 - [TEST_STEP][FAILED] - Uifunctions.clickOnReconcileButton(drawDate): Unable to click on object 'expandButton' (Root cause: com.kms.katalon.core.exception.StepFailedException: Unable to click on object 'expandButton'
	at com.kms.katalon.core.webui.keyword.internal.WebUIKeywordMain.stepFailed(WebUIKeywordMain.groovy:64)
	at com.kms.katalon.core.webui.keyword.internal.WebUIKeywordMain.runKeyword(WebUIKeywordMain.groovy:26)
	at com.kms.katalon.core.webui.keyword.builtin.ClickKeyword.click(ClickKeyword.groovy:76)
	at com.kms.katalon.core.webui.keyword.builtin.ClickKeyword.execute(ClickKeyword.groovy:43)
	at com.kms.katalon.core.keyword.internal.KeywordExecutor.executeKeywordForPlatform(KeywordExecutor.groovy:73)
	at com.kms.katalon.core.webui.keyword.WebUiBuiltInKeywords.click(WebUiBuiltInKeywords.groovy:604)
	at com.kms.katalon.core.webui.keyword.WebUiBuiltInKeywords$click$3.call(Unknown Source)
	at com.functions.Uifunctions.clickOnReconcileButton(Uifunctions.groovy:319)
	at com.functions.Uifunctions$clickOnReconcileButton$5.call(Unknown Source)
	at FDR-Total-Validations-Receipts-Vouchers.run(FDR-Total-Validations-Receipts-Vouchers:12)
	at com.kms.katalon.core.main.ScriptEngine.run(ScriptEngine.java:194)
	at com.kms.katalon.core.main.ScriptEngine.runScriptAsRawText(ScriptEngine.java:119)
	at com.kms.katalon.core.main.TestCaseExecutor.runScript(TestCaseExecutor.java:339)
	at com.kms.katalon.core.main.TestCaseExecutor.doExecute(TestCaseExecutor.java:330)
	at com.kms.katalon.core.main.TestCaseExecutor.processExecutionPhase(TestCaseExecutor.java:309)
	at com.kms.katalon.core.main.TestCaseExecutor.accessMainPhase(TestCaseExecutor.java:301)
	at com.kms.katalon.core.main.TestCaseExecutor.execute(TestCaseExecutor.java:235)
	at com.kms.katalon.core.main.TestSuiteExecutor.accessTestCaseMainPhase(TestSuiteExecutor.java:191)
	at com.kms.katalon.core.main.TestSuiteExecutor.accessTestSuiteMainPhase(TestSuiteExecutor.java:141)
	at com.kms.katalon.core.main.TestSuiteExecutor.execute(TestSuiteExecutor.java:90)
	at com.kms.katalon.core.main.TestCaseMain.startTestSuite(TestCaseMain.java:157)
	at com.kms.katalon.core.main.TestCaseMain$startTestSuite$0.call(Unknown Source)
	at TempTestSuite1600302195382.run(TempTestSuite1600302195382.groovy:39)
Caused by: com.kms.katalon.core.webui.exception.WebElementNotFoundException: Web element with id: 'expandButton' located by '(//*[text()='Draw Date']//parent::*//parent::*//parent::*//button)[1]' not found
	at com.kms.katalon.core.webui.common.WebUiCommonHelper.findWebElement(WebUiCommonHelper.java:1368)
	at com.kms.katalon.core.webui.keyword.internal.WebUIAbstractKeyword.findWebElement(WebUIAbstractKeyword.groovy:27)
	at com.kms.katalon.core.webui.keyword.internal.WebUIAbstractKeyword.findWebElement(WebUIAbstractKeyword.groovy:26)
	at com.kms.katalon.core.webui.keyword.builtin.ClickKeyword$_click_closure1.doCall(ClickKeyword.groovy:67)
	at com.kms.katalon.core.webui.keyword.builtin.ClickKeyword$_click_closure1.call(ClickKeyword.groovy)
	at com.kms.katalon.core.webui.keyword.internal.WebUIKeywordMain.runKeyword(WebUIKeywordMain.groovy:20)
	at com.kms.katalon.core.webui.keyword.builtin.ClickKeyword.click(ClickKeyword.groovy:76)
	at com.kms.katalon.core.webui.keyword.builtin.ClickKeyword.execute(ClickKeyword.groovy:43)
	at com.kms.katalon.core.keyword.internal.KeywordExecutor.executeKeywordForPlatform(KeywordExecutor.groovy:73)
	at com.kms.katalon.core.webui.keyword.WebUiBuiltInKeywords.click(WebUiBuiltInKeywords.groovy:604)
	at com.kms.katalon.core.webui.keyword.WebUiBuiltInKeywords$click$3.call(Unknown Source)
	at com.functions.Uifunctions.clickOnReconcileButton(Uifunctions.groovy:319)
	at com.functions.Uifunctions$clickOnReconcileButton$5.call(Unknown Source)
	at Script1590419001990.run(Script1590419001990.groovy:12)
	... 13 more
)&#xD;
&#xD;
2020-09-16 17:29:35 - [MESSAGE][INFO] - Unable to find the element located by 'By.xpath: (//*[text()='Draw Date']//parent::*//parent::*//parent::*//button)[1]'. Please recheck the objects properties to make sure the desired element is located. &#xD;
&#xD;
2020-09-16 17:29:36 - [MESSAGE][FAILED] - Unable to click on object 'expandButton' (Root cause: com.kms.katalon.core.exception.StepFailedException: Unable to click on object 'expandButton'
	at com.kms.katalon.core.webui.keyword.internal.WebUIKeywordMain.stepFailed(WebUIKeywordMain.groovy:64)
	at com.kms.katalon.core.webui.keyword.internal.WebUIKeywordMain.runKeyword(WebUIKeywordMain.groovy:26)
	at com.kms.katalon.core.webui.keyword.builtin.ClickKeyword.click(ClickKeyword.groovy:76)
	at com.kms.katalon.core.webui.keyword.builtin.ClickKeyword.execute(ClickKeyword.groovy:43)
	at com.kms.katalon.core.keyword.internal.KeywordExecutor.executeKeywordForPlatform(KeywordExecutor.groovy:73)
	at com.kms.katalon.core.webui.keyword.WebUiBuiltInKeywords.click(WebUiBuiltInKeywords.groovy:604)
	at com.kms.katalon.core.webui.keyword.WebUiBuiltInKeywords$click$3.call(Unknown Source)
	at com.functions.Uifunctions.clickOnReconcileButton(Uifunctions.groovy:319)
	at com.functions.Uifunctions$clickOnReconcileButton$5.call(Unknown Source)
	at FDR-Total-Validations-Receipts-Vouchers.run(FDR-Total-Validations-Receipts-Vouchers:12)
	at com.kms.katalon.core.main.ScriptEngine.run(ScriptEngine.java:194)
	at com.kms.katalon.core.main.ScriptEngine.runScriptAsRawText(ScriptEngine.java:119)
	at com.kms.katalon.core.main.TestCaseExecutor.runScript(TestCaseExecutor.java:339)
	at com.kms.katalon.core.main.TestCaseExecutor.doExecute(TestCaseExecutor.java:330)
	at com.kms.katalon.core.main.TestCaseExecutor.processExecutionPhase(TestCaseExecutor.java:309)
	at com.kms.katalon.core.main.TestCaseExecutor.accessMainPhase(TestCaseExecutor.java:301)
	at com.kms.katalon.core.main.TestCaseExecutor.execute(TestCaseExecutor.java:235)
	at com.kms.katalon.core.main.TestSuiteExecutor.accessTestCaseMainPhase(TestSuiteExecutor.java:191)
	at com.kms.katalon.core.main.TestSuiteExecutor.accessTestSuiteMainPhase(TestSuiteExecutor.java:141)
	at com.kms.katalon.core.main.TestSuiteExecutor.execute(TestSuiteExecutor.java:90)
	at com.kms.katalon.core.main.TestCaseMain.startTestSuite(TestCaseMain.java:157)
	at com.kms.katalon.core.main.TestCaseMain$startTestSuite$0.call(Unknown Source)
	at TempTestSuite1600302195382.run(TempTestSuite1600302195382.groovy:39)
Caused by: com.kms.katalon.core.webui.exception.WebElementNotFoundException: Web element with id: 'expandButton' located by '(//*[text()='Draw Date']//parent::*//parent::*//parent::*//button)[1]' not found
	at com.kms.katalon.core.webui.common.WebUiCommonHelper.findWebElement(WebUiCommonHelper.java:1368)
	at com.kms.katalon.core.webui.keyword.internal.WebUIAbstractKeyword.findWebElement(WebUIAbstractKeyword.groovy:27)
	at com.kms.katalon.core.webui.keyword.internal.WebUIAbstractKeyword.findWebElement(WebUIAbstractKeyword.groovy:26)
	at com.kms.katalon.core.webui.keyword.builtin.ClickKeyword$_click_closure1.doCall(ClickKeyword.groovy:67)
	at com.kms.katalon.core.webui.keyword.builtin.ClickKeyword$_click_closure1.call(ClickKeyword.groovy)
	at com.kms.katalon.core.webui.keyword.internal.WebUIKeywordMain.runKeyword(WebUIKeywordMain.groovy:20)
	at com.kms.katalon.core.webui.keyword.builtin.ClickKeyword.click(ClickKeyword.groovy:76)
	at com.kms.katalon.core.webui.keyword.builtin.ClickKeyword.execute(ClickKeyword.groovy:43)
	at com.kms.katalon.core.keyword.internal.KeywordExecutor.executeKeywordForPlatform(KeywordExecutor.groovy:73)
	at com.kms.katalon.core.webui.keyword.WebUiBuiltInKeywords.click(WebUiBuiltInKeywords.groovy:604)
	at com.kms.katalon.core.webui.keyword.WebUiBuiltInKeywords$click$3.call(Unknown Source)
	at com.functions.Uifunctions.clickOnReconcileButton(Uifunctions.groovy:319)
	at com.functions.Uifunctions$clickOnReconcileButton$5.call(Unknown Source)
	at Script1590419001990.run(Script1590419001990.groovy:12)
	... 13 more
)&#xD;
[[ATTACHMENT|C:\\fdr-automation-develop_08_25_2020\\Reports\\20200916_172315\\Draw-Integration_Suite\\20200916_172315\\1600302575802.png]]&#xD;
&#xD;
2020-09-16 17:29:36 - [TEST_STEP][PASSED] - Start listener action : sampleAfterTestCase: null&#xD;
&#xD;
2020-09-16 17:29:36 - [TEST_STEP][PASSED] - profileName = getExecutionProfile(): null&#xD;
&#xD;
2020-09-16 17:29:36 - [TEST_STEP][PASSED] - switch (profileName): null&#xD;
&#xD;
2020-09-16 17:29:36 - [TEST_STEP][PASSED] - case "superUser":: null&#xD;
&#xD;
2020-09-16 17:29:36 - [TEST_STEP][PASSED] - return null: null&#xD;
&#xD;
2020-09-16 17:29:36 - [TEST_STEP][PASSED] - Start listener action : afterTestCase: null&#xD;
&#xD;
2020-09-16 17:29:36 - [TEST_STEP][PASSED] - profileName = getExecutionProfile(): null&#xD;
&#xD;
2020-09-16 17:29:36 - [TEST_STEP][PASSED] - if (profileName.equalsIgnoreCase("SysAdmin")): null&#xD;
&#xD;
2020-09-16 17:29:36 - [TEST_STEP][PASSED] - Start listener action : sampleAfterTestCase: null&#xD;
&#xD;
2020-09-16 17:29:36 - [TEST_STEP][PASSED] - profileName = getExecutionProfile(): null&#xD;
&#xD;
2020-09-16 17:29:36 - [TEST_STEP][PASSED] - switch (profileName): null&#xD;
&#xD;
2020-09-16 17:29:36 - [TEST_STEP][PASSED] - case "Draw":: null&#xD;
&#xD;
2020-09-16 17:29:36 - [TEST_STEP][PASSED] - Uifunctions.logoutFDR(): Browser is closed&#xD;
&#xD;
2020-09-16 17:29:37 - [MESSAGE][PASSED] - Browser is closed&#xD;
&#xD;
2020-09-16 17:29:37 - [TEST_STEP][PASSED] - break: null&#xD;
&#xD;
2020-09-16 17:29:37 - [TEST_STEP][PASSED] - Start listener action : addFailedTCToList: null</system-out>
            <system-err>2020-09-16 17:29:00 - [TEST_CASE][FAILED] - Test Cases/WEB-UI-TESTS/Draw/FDR-Total-Validations-Receipts-Vouchers: Test Cases/WEB-UI-TESTS/Draw/FDR-Total-Validations-Receipts-Vouchers FAILED.
Reason:
com.kms.katalon.core.exception.StepFailedException: Unable to click on object 'expandButton'
	at com.kms.katalon.core.webui.keyword.internal.WebUIKeywordMain.stepFailed(WebUIKeywordMain.groovy:64)
	at com.kms.katalon.core.webui.keyword.internal.WebUIKeywordMain.runKeyword(WebUIKeywordMain.groovy:26)
	at com.kms.katalon.core.webui.keyword.builtin.ClickKeyword.click(ClickKeyword.groovy:76)
	at com.kms.katalon.core.webui.keyword.builtin.ClickKeyword.execute(ClickKeyword.groovy:43)
	at com.kms.katalon.core.keyword.internal.KeywordExecutor.executeKeywordForPlatform(KeywordExecutor.groovy:73)
	at com.kms.katalon.core.webui.keyword.WebUiBuiltInKeywords.click(WebUiBuiltInKeywords.groovy:604)
	at com.kms.katalon.core.webui.keyword.WebUiBuiltInKeywords$click$3.call(Unknown Source)
	at com.functions.Uifunctions.clickOnReconcileButton(Uifunctions.groovy:319)
	at com.functions.Uifunctions$clickOnReconcileButton$5.call(Unknown Source)
	at FDR-Total-Validations-Receipts-Vouchers.run(FDR-Total-Validations-Receipts-Vouchers:12)
	at com.kms.katalon.core.main.ScriptEngine.run(ScriptEngine.java:194)
	at com.kms.katalon.core.main.ScriptEngine.runScriptAsRawText(ScriptEngine.java:119)
	at com.kms.katalon.core.main.TestCaseExecutor.runScript(TestCaseExecutor.java:339)
	at com.kms.katalon.core.main.TestCaseExecutor.doExecute(TestCaseExecutor.java:330)
	at com.kms.katalon.core.main.TestCaseExecutor.processExecutionPhase(TestCaseExecutor.java:309)
	at com.kms.katalon.core.main.TestCaseExecutor.accessMainPhase(TestCaseExecutor.java:301)
	at com.kms.katalon.core.main.TestCaseExecutor.execute(TestCaseExecutor.java:235)
	at com.kms.katalon.core.main.TestSuiteExecutor.accessTestCaseMainPhase(TestSuiteExecutor.java:191)
	at com.kms.katalon.core.main.TestSuiteExecutor.accessTestSuiteMainPhase(TestSuiteExecutor.java:141)
	at com.kms.katalon.core.main.TestSuiteExecutor.execute(TestSuiteExecutor.java:90)
	at com.kms.katalon.core.main.TestCaseMain.startTestSuite(TestCaseMain.java:157)
	at com.kms.katalon.core.main.TestCaseMain$startTestSuite$0.call(Unknown Source)
	at TempTestSuite1600302195382.run(TempTestSuite1600302195382.groovy:39)
Caused by: com.kms.katalon.core.webui.exception.WebElementNotFoundException: Web element with id: 'expandButton' located by '(//*[text()='Draw Date']//parent::*//parent::*//parent::*//button)[1]' not found
	at com.kms.katalon.core.webui.common.WebUiCommonHelper.findWebElement(WebUiCommonHelper.java:1368)
	at com.kms.katalon.core.webui.keyword.internal.WebUIAbstractKeyword.findWebElement(WebUIAbstractKeyword.groovy:27)
	at com.kms.katalon.core.webui.keyword.internal.WebUIAbstractKeyword.findWebElement(WebUIAbstractKeyword.groovy:26)
	at com.kms.katalon.core.webui.keyword.builtin.ClickKeyword$_click_closure1.doCall(ClickKeyword.groovy:67)
	at com.kms.katalon.core.webui.keyword.builtin.ClickKeyword$_click_closure1.call(ClickKeyword.groovy)
	at com.kms.katalon.core.webui.keyword.internal.WebUIKeywordMain.runKeyword(WebUIKeywordMain.groovy:20)
	... 21 more</system-err>
        </testcase>
        <testcase name="Test Cases/WEB-UI-TESTS/Draw/FDR-Draw-Tabs" classname="Test Cases/WEB-UI-TESTS/Draw/FDR-Draw-Tabs" status="FAILED">
            <failure type="FAILED" message="Test Cases/WEB-UI-TESTS/Draw/FDR-Draw-Tabs FAILED.&#xA;Reason:&#xA;com.kms.katalon.core.exception.StepFailedException: com.kms.katalon.core.webui.exception.WebElementNotFoundException: Web element with id: 'Object Repository/FDR-Draw/CompletedTabs/drawDate' located by '(//*[text()='Draw Date']//parent::*//*)[1]' not found (Root cause: com.kms.katalon.core.exception.StepFailedException: com.kms.katalon.core.webui.exception.WebElementNotFoundException: Web element with id: 'Object Repository/FDR-Draw/CompletedTabs/drawDate' located by '(//*[text()='Draw Date']//parent::*//*)[1]' not found&#xA;&#x9;at com.kms.katalon.core.webui.keyword.internal.WebUIKeywordMain.stepFailed(WebUIKeywordMain.groovy:64)&#xA;&#x9;at com.kms.katalon.core.webui.keyword.builtin.VerifyElementPresentKeyword$_verifyElementPresent_closure1.doCall(VerifyElementPresentKeyword.groovy:85)&#xA;&#x9;at com.kms.katalon.core.webui.keyword.builtin.VerifyElementPresentKeyword$_verifyElementPresent_closure1.call(VerifyElementPresentKeyword.groovy)&#xA;&#x9;at com.kms.katalon.core.webui.keyword.internal.WebUIKeywordMain.runKeyword(WebUIKeywordMain.groovy:20)&#xA;&#x9;at com.kms.katalon.core.webui.keyword.builtin.VerifyElementPresentKeyword.verifyElementPresent(VerifyElementPresentKeyword.groovy:92)&#xA;&#x9;at com.kms.katalon.core.webui.keyword.builtin.VerifyElementPresentKeyword.execute(VerifyElementPresentKeyword.groovy:68)&#xA;&#x9;at com.kms.katalon.core.keyword.internal.KeywordExecutor.executeKeywordForPlatform(KeywordExecutor.groovy:73)&#xA;&#x9;at com.kms.katalon.core.webui.keyword.WebUiBuiltInKeywords.verifyElementPresent(WebUiBuiltInKeywords.groovy:1460)&#xA;&#x9;at com.kms.katalon.core.webui.keyword.WebUiBuiltInKeywords$verifyElementPresent$16.call(Unknown Source)&#xA;&#x9;at FDR-Draw-Tabs.run(FDR-Draw-Tabs:11)&#xA;&#x9;at com.kms.katalon.core.main.ScriptEngine.run(ScriptEngine.java:194)&#xA;&#x9;at com.kms.katalon.core.main.ScriptEngine.runScriptAsRawText(ScriptEngine.java:119)&#xA;&#x9;at com.kms.katalon.core.main.TestCaseExecutor.runScript(TestCaseExecutor.java:339)&#xA;&#x9;at com.kms.katalon.core.main.TestCaseExecutor.doExecute(TestCaseExecutor.java:330)&#xA;&#x9;at com.kms.katalon.core.main.TestCaseExecutor.processExecutionPhase(TestCaseExecutor.java:309)&#xA;&#x9;at com.kms.katalon.core.main.TestCaseExecutor.accessMainPhase(TestCaseExecutor.java:301)&#xA;&#x9;at com.kms.katalon.core.main.TestCaseExecutor.execute(TestCaseExecutor.java:235)&#xA;&#x9;at com.kms.katalon.core.main.TestSuiteExecutor.accessTestCaseMainPhase(TestSuiteExecutor.java:191)&#xA;&#x9;at com.kms.katalon.core.main.TestSuiteExecutor.accessTestSuiteMainPhase(TestSuiteExecutor.java:141)&#xA;&#x9;at com.kms.katalon.core.main.TestSuiteExecutor.execute(TestSuiteExecutor.java:90)&#xA;&#x9;at com.kms.katalon.core.main.TestCaseMain.startTestSuite(TestCaseMain.java:157)&#xA;&#x9;at com.kms.katalon.core.main.TestCaseMain$startTestSuite$0.call(Unknown Source)&#xA;&#x9;at TempTestSuite1600302195382.run(TempTestSuite1600302195382.groovy:39)&#xA;)&#xA;&#x9;at com.kms.katalon.core.keyword.internal.KeywordMain.stepFailed(KeywordMain.groovy:39)&#xA;&#x9;at com.kms.katalon.core.webui.keyword.internal.WebUIKeywordMain.stepFailed(WebUIKeywordMain.groovy:64)&#xA;&#x9;at com.kms.katalon.core.webui.keyword.builtin.VerifyElementPresentKeyword$_verifyElementPresent_closure1.doCall(VerifyElementPresentKeyword.groovy:85)&#xA;&#x9;at com.kms.katalon.core.webui.keyword.builtin.VerifyElementPresentKeyword$_verifyElementPresent_closure1.call(VerifyElementPresentKeyword.groovy)&#xA;&#x9;at com.kms.katalon.core.webui.keyword.internal.WebUIKeywordMain.runKeyword(WebUIKeywordMain.groovy:20)&#xA;&#x9;at com.kms.katalon.core.webui.keyword.builtin.VerifyElementPresentKeyword.verifyElementPresent(VerifyElementPresentKeyword.groovy:92)&#xA;&#x9;at com.kms.katalon.core.webui.keyword.builtin.VerifyElementPresentKeyword.execute(VerifyElementPresentKeyword.groovy:68)&#xA;&#x9;at com.kms.katalon.core.keyword.internal.KeywordExecutor.executeKeywordForPlatform(KeywordExecutor.groovy:73)&#xA;&#x9;at com.kms.katalon.core.webui.keyword.WebUiBuiltInKeywords.verifyElementPresent(WebUiBuiltInKeywords.groovy:1460)&#xA;&#x9;at com.kms.katalon.core.webui.keyword.WebUiBuiltInKeywords$verifyElementPresent$16.call(Unknown Source)&#xA;&#x9;at FDR-Draw-Tabs.run(FDR-Draw-Tabs:11)&#xA;&#x9;at com.kms.katalon.core.main.ScriptEngine.run(ScriptEngine.java:194)&#xA;&#x9;at com.kms.katalon.core.main.ScriptEngine.runScriptAsRawText(ScriptEngine.java:119)&#xA;&#x9;at com.kms.katalon.core.main.TestCaseExecutor.runScript(TestCaseExecutor.java:339)&#xA;&#x9;at com.kms.katalon.core.main.TestCaseExecutor.doExecute(TestCaseExecutor.java:330)&#xA;&#x9;at com.kms.katalon.core.main.TestCaseExecutor.processExecutionPhase(TestCaseExecutor.java:309)&#xA;&#x9;at com.kms.katalon.core.main.TestCaseExecutor.accessMainPhase(TestCaseExecutor.java:301)&#xA;&#x9;at com.kms.katalon.core.main.TestCaseExecutor.execute(TestCaseExecutor.java:235)&#xA;&#x9;at com.kms.katalon.core.main.TestSuiteExecutor.accessTestCaseMainPhase(TestSuiteExecutor.java:191)&#xA;&#x9;at com.kms.katalon.core.main.TestSuiteExecutor.accessTestSuiteMainPhase(TestSuiteExecutor.java:141)&#xA;&#x9;at com.kms.katalon.core.main.TestSuiteExecutor.execute(TestSuiteExecutor.java:90)&#xA;&#x9;at com.kms.katalon.core.main.TestCaseMain.startTestSuite(TestCaseMain.java:157)&#xA;&#x9;at com.kms.katalon.core.main.TestCaseMain$startTestSuite$0.call(Unknown Source)&#xA;&#x9;at TempTestSuite1600302195382.run(TempTestSuite1600302195382.groovy:39)&#xA;Caused by: com.kms.katalon.core.exception.StepFailedException: com.kms.katalon.core.webui.exception.WebElementNotFoundException: Web element with id: 'Object Repository/FDR-Draw/CompletedTabs/drawDate' located by '(//*[text()='Draw Date']//parent::*//*)[1]' not found&#xA;&#x9;... 23 more&#xA;"/>
            <system-out>2020-09-16 17:29:41 - [TEST_CASE][FAILED] - Test Cases/WEB-UI-TESTS/Draw/FDR-Draw-Tabs: Test Cases/WEB-UI-TESTS/Draw/FDR-Draw-Tabs FAILED.
Reason:
com.kms.katalon.core.exception.StepFailedException: com.kms.katalon.core.webui.exception.WebElementNotFoundException: Web element with id: 'Object Repository/FDR-Draw/CompletedTabs/drawDate' located by '(//*[text()='Draw Date']//parent::*//*)[1]' not found (Root cause: com.kms.katalon.core.exception.StepFailedException: com.kms.katalon.core.webui.exception.WebElementNotFoundException: Web element with id: 'Object Repository/FDR-Draw/CompletedTabs/drawDate' located by '(//*[text()='Draw Date']//parent::*//*)[1]' not found
	at com.kms.katalon.core.webui.keyword.internal.WebUIKeywordMain.stepFailed(WebUIKeywordMain.groovy:64)
	at com.kms.katalon.core.webui.keyword.builtin.VerifyElementPresentKeyword$_verifyElementPresent_closure1.doCall(VerifyElementPresentKeyword.groovy:85)
	at com.kms.katalon.core.webui.keyword.builtin.VerifyElementPresentKeyword$_verifyElementPresent_closure1.call(VerifyElementPresentKeyword.groovy)
	at com.kms.katalon.core.webui.keyword.internal.WebUIKeywordMain.runKeyword(WebUIKeywordMain.groovy:20)
	at com.kms.katalon.core.webui.keyword.builtin.VerifyElementPresentKeyword.verifyElementPresent(VerifyElementPresentKeyword.groovy:92)
	at com.kms.katalon.core.webui.keyword.builtin.VerifyElementPresentKeyword.execute(VerifyElementPresentKeyword.groovy:68)
	at com.kms.katalon.core.keyword.internal.KeywordExecutor.executeKeywordForPlatform(KeywordExecutor.groovy:73)
	at com.kms.katalon.core.webui.keyword.WebUiBuiltInKeywords.verifyElementPresent(WebUiBuiltInKeywords.groovy:1460)
	at com.kms.katalon.core.webui.keyword.WebUiBuiltInKeywords$verifyElementPresent$16.call(Unknown Source)
	at FDR-Draw-Tabs.run(FDR-Draw-Tabs:11)
	at com.kms.katalon.core.main.ScriptEngine.run(ScriptEngine.java:194)
	at com.kms.katalon.core.main.ScriptEngine.runScriptAsRawText(ScriptEngine.java:119)
	at com.kms.katalon.core.main.TestCaseExecutor.runScript(TestCaseExecutor.java:339)
	at com.kms.katalon.core.main.TestCaseExecutor.doExecute(TestCaseExecutor.java:330)
	at com.kms.katalon.core.main.TestCaseExecutor.processExecutionPhase(TestCaseExecutor.java:309)
	at com.kms.katalon.core.main.TestCaseExecutor.accessMainPhase(TestCaseExecutor.java:301)
	at com.kms.katalon.core.main.TestCaseExecutor.execute(TestCaseExecutor.java:235)
	at com.kms.katalon.core.main.TestSuiteExecutor.accessTestCaseMainPhase(TestSuiteExecutor.java:191)
	at com.kms.katalon.core.main.TestSuiteExecutor.accessTestSuiteMainPhase(TestSuiteExecutor.java:141)
	at com.kms.katalon.core.main.TestSuiteExecutor.execute(TestSuiteExecutor.java:90)
	at com.kms.katalon.core.main.TestCaseMain.startTestSuite(TestCaseMain.java:157)
	at com.kms.katalon.core.main.TestCaseMain$startTestSuite$0.call(Unknown Source)
	at TempTestSuite1600302195382.run(TempTestSuite1600302195382.groovy:39)
)
	at com.kms.katalon.core.keyword.internal.KeywordMain.stepFailed(KeywordMain.groovy:39)
	at com.kms.katalon.core.webui.keyword.internal.WebUIKeywordMain.stepFailed(WebUIKeywordMain.groovy:64)
	at com.kms.katalon.core.webui.keyword.builtin.VerifyElementPresentKeyword$_verifyElementPresent_closure1.doCall(VerifyElementPresentKeyword.groovy:85)
	at com.kms.katalon.core.webui.keyword.builtin.VerifyElementPresentKeyword$_verifyElementPresent_closure1.call(VerifyElementPresentKeyword.groovy)
	at com.kms.katalon.core.webui.keyword.internal.WebUIKeywordMain.runKeyword(WebUIKeywordMain.groovy:20)
	at com.kms.katalon.core.webui.keyword.builtin.VerifyElementPresentKeyword.verifyElementPresent(VerifyElementPresentKeyword.groovy:92)
	at com.kms.katalon.core.webui.keyword.builtin.VerifyElementPresentKeyword.execute(VerifyElementPresentKeyword.groovy:68)
	at com.kms.katalon.core.keyword.internal.KeywordExecutor.executeKeywordForPlatform(KeywordExecutor.groovy:73)
	at com.kms.katalon.core.webui.keyword.WebUiBuiltInKeywords.verifyElementPresent(WebUiBuiltInKeywords.groovy:1460)
	at com.kms.katalon.core.webui.keyword.WebUiBuiltInKeywords$verifyElementPresent$16.call(Unknown Source)
	at FDR-Draw-Tabs.run(FDR-Draw-Tabs:11)
	at com.kms.katalon.core.main.ScriptEngine.run(ScriptEngine.java:194)
	at com.kms.katalon.core.main.ScriptEngine.runScriptAsRawText(ScriptEngine.java:119)
	at com.kms.katalon.core.main.TestCaseExecutor.runScript(TestCaseExecutor.java:339)
	at com.kms.katalon.core.main.TestCaseExecutor.doExecute(TestCaseExecutor.java:330)
	at com.kms.katalon.core.main.TestCaseExecutor.processExecutionPhase(TestCaseExecutor.java:309)
	at com.kms.katalon.core.main.TestCaseExecutor.accessMainPhase(TestCaseExecutor.java:301)
	at com.kms.katalon.core.main.TestCaseExecutor.execute(TestCaseExecutor.java:235)
	at com.kms.katalon.core.main.TestSuiteExecutor.accessTestCaseMainPhase(TestSuiteExecutor.java:191)
	at com.kms.katalon.core.main.TestSuiteExecutor.accessTestSuiteMainPhase(TestSuiteExecutor.java:141)
	at com.kms.katalon.core.main.TestSuiteExecutor.execute(TestSuiteExecutor.java:90)
	at com.kms.katalon.core.main.TestCaseMain.startTestSuite(TestCaseMain.java:157)
	at com.kms.katalon.core.main.TestCaseMain$startTestSuite$0.call(Unknown Source)
	at TempTestSuite1600302195382.run(TempTestSuite1600302195382.groovy:39)
Caused by: com.kms.katalon.core.exception.StepFailedException: com.kms.katalon.core.webui.exception.WebElementNotFoundException: Web element with id: 'Object Repository/FDR-Draw/CompletedTabs/drawDate' located by '(//*[text()='Draw Date']//parent::*//*)[1]' not found
	... 23 more
&#xD;
&#xD;
2020-09-16 17:29:41 - [TEST_STEP][PASSED] - Start listener action : sampleBeforeTestCase: null&#xD;
&#xD;
2020-09-16 17:29:41 - [TEST_STEP][PASSED] - profileName = getExecutionProfile(): null&#xD;
&#xD;
2020-09-16 17:29:41 - [TEST_STEP][PASSED] - switch (profileName): null&#xD;
&#xD;
2020-09-16 17:29:41 - [TEST_STEP][PASSED] - case "superUser":: null&#xD;
&#xD;
2020-09-16 17:29:41 - [TEST_STEP][PASSED] - return null: null&#xD;
&#xD;
2020-09-16 17:29:41 - [TEST_STEP][PASSED] - Start listener action : beforeTestCase: null&#xD;
&#xD;
2020-09-16 17:29:41 - [TEST_STEP][PASSED] - profileName = getExecutionProfile(): null&#xD;
&#xD;
2020-09-16 17:29:41 - [TEST_STEP][PASSED] - if (profileName.equalsIgnoreCase("SysAdmin")): null&#xD;
&#xD;
2020-09-16 17:29:41 - [TEST_STEP][PASSED] - Start listener action : sampleBeforeTestCase: Navigate to 'https://fdr-katalon.cammis-mod-dev.dhcs.ca.gov' successfully&#xD;
&#xD;
2020-09-16 17:29:41 - [TEST_STEP][PASSED] - profileName = getExecutionProfile(): null&#xD;
&#xD;
2020-09-16 17:29:41 - [TEST_STEP][PASSED] - testCaseId = testCaseContext.getTestCaseId(): null&#xD;
&#xD;
2020-09-16 17:29:41 - [TEST_STEP][PASSED] - switch (profileName): null&#xD;
&#xD;
2020-09-16 17:29:41 - [TEST_STEP][PASSED] - case "Draw":: null&#xD;
&#xD;
2020-09-16 17:29:41 - [TEST_STEP][PASSED] - if (account6TestCases.contains(testCaseId)): Object: 'Object Repository/FDR-SignIn/SignInButton' is clicked on&#xD;
&#xD;
2020-09-16 17:29:41 - [TEST_STEP][PASSED] - Uifunctions.loginFDR(drawCashierAcc6, drawCashierAcc6Pwd): Object: 'Object Repository/FDR-SignIn/SignInButton' is clicked on&#xD;
&#xD;
2020-09-16 17:29:41 - [MESSAGE][INFO] - Starting 'Chrome' driver&#xD;
&#xD;
2020-09-16 17:29:41 - [MESSAGE][INFO] - Action delay is set to 0 milliseconds&#xD;
&#xD;
2020-09-16 17:29:44 - [MESSAGE][PASSED] - Browser is opened with url: ''&#xD;
&#xD;
2020-09-16 17:29:46 - [MESSAGE][PASSED] - Current window maximized&#xD;
&#xD;
2020-09-16 17:29:49 - [MESSAGE][PASSED] - Navigate to 'https://fdr-katalon.cammis-mod-dev.dhcs.ca.gov' successfully&#xD;
&#xD;
2020-09-16 17:29:50 - [MESSAGE][PASSED] - Object 'Object Repository/FDR-SignIn/SignInEmail' is present&#xD;
&#xD;
2020-09-16 17:29:51 - [MESSAGE][PASSED] - Object: 'Object Repository/FDR-SignIn/SignInEmail' is clicked on&#xD;
&#xD;
2020-09-16 17:29:51 - [MESSAGE][PASSED] - Object 'Object Repository/FDR-SignIn/SignInEmail' is present&#xD;
&#xD;
2020-09-16 17:29:52 - [MESSAGE][PASSED] - Text 'fdr.test6@dhcs.ca.gov' is set on object 'Object Repository/FDR-SignIn/SignInEmail'&#xD;
&#xD;
2020-09-16 17:29:53 - [MESSAGE][PASSED] - Object 'Object Repository/FDR-SignIn/SignInEmailNext' is visible&#xD;
&#xD;
2020-09-16 17:29:54 - [MESSAGE][PASSED] - Object: 'Object Repository/FDR-SignIn/SignInEmailNext' is clicked on&#xD;
&#xD;
2020-09-16 17:29:57 - [MESSAGE][PASSED] - Object 'Object Repository/FDR-SignIn/SignInEmailPassword' is visible&#xD;
&#xD;
2020-09-16 17:29:58 - [MESSAGE][PASSED] - Object: 'Object Repository/FDR-SignIn/SignInEmailPassword' is clicked on&#xD;
&#xD;
2020-09-16 17:29:59 - [MESSAGE][PASSED] - Text ****** has been set on object 'Object Repository/FDR-SignIn/SignInEmailPassword'&#xD;
&#xD;
2020-09-16 17:30:01 - [MESSAGE][PASSED] - Object: 'Object Repository/FDR-SignIn/SignInButton' is clicked on&#xD;
&#xD;
2020-09-16 17:30:01 - [TEST_STEP][PASSED] - break: null&#xD;
&#xD;
2020-09-16 17:30:01 - [TEST_STEP][PASSED] - navigateToUrl(URL): Navigate to 'https://fdr-katalon.cammis-mod-dev.dhcs.ca.gov' successfully&#xD;
&#xD;
2020-09-16 17:30:02 - [MESSAGE][PASSED] - Navigate to 'https://fdr-katalon.cammis-mod-dev.dhcs.ca.gov' successfully&#xD;
&#xD;
2020-09-16 17:30:02 - [TEST_STEP][PASSED] - Start listener action : executeRows: null&#xD;
&#xD;
2020-09-16 17:30:02 - [TEST_STEP][PASSED] - waitForElementPresent(findTestObject("FDR-Dashboard/createNewVoucherButton"), 2): Object 'Object Repository/FDR-Dashboard/createNewVoucherButton' is not present after 2 second(s)&#xD;
&#xD;
2020-09-16 17:30:06 - [MESSAGE][INFO] - Unable to find the element located by 'By.xpath: //*[@data-id='button-link']//*[contains(text(),'Create New Voucher')]'. Please recheck the objects properties to make sure the desired element is located. &#xD;
&#xD;
2020-09-16 17:30:06 - [MESSAGE][WARNING] - Object 'Object Repository/FDR-Dashboard/createNewVoucherButton' is not present after 2 second(s)&#xD;
&#xD;
2020-09-16 17:30:06 - [TEST_STEP][PASSED] - click(findTestObject("FDR-Draw/CompletedTabs/completedTab")): Object: 'Object Repository/FDR-Draw/CompletedTabs/completedTab' is clicked on&#xD;
&#xD;
2020-09-16 17:30:06 - [MESSAGE][PASSED] - Object: 'Object Repository/FDR-Draw/CompletedTabs/completedTab' is clicked on&#xD;
&#xD;
2020-09-16 17:30:06 - [TEST_STEP][PASSED] - waitForElementPresent(findTestObject("FDR-Draw/reconcileButton"), 2): Object 'Object Repository/FDR-Draw/reconcileButton' is not present after 2 second(s)&#xD;
&#xD;
2020-09-16 17:30:10 - [MESSAGE][INFO] - Unable to find the element located by 'By.xpath: (//*[@data-id='button-link' ]//*[contains(text(),'Reconcile')])[1]'. Please recheck the objects properties to make sure the desired element is located. &#xD;
&#xD;
2020-09-16 17:30:10 - [MESSAGE][WARNING] - Object 'Object Repository/FDR-Draw/reconcileButton' is not present after 2 second(s)&#xD;
&#xD;
2020-09-16 17:30:10 - [TEST_STEP][FAILED] - verifyElementPresent(findTestObject("FDR-Draw/CompletedTabs/drawDate"), 2): com.kms.katalon.core.webui.exception.WebElementNotFoundException: Web element with id: 'Object Repository/FDR-Draw/CompletedTabs/drawDate' located by '(//*[text()='Draw Date']//parent::*//*)[1]' not found (Root cause: com.kms.katalon.core.exception.StepFailedException: com.kms.katalon.core.webui.exception.WebElementNotFoundException: Web element with id: 'Object Repository/FDR-Draw/CompletedTabs/drawDate' located by '(//*[text()='Draw Date']//parent::*//*)[1]' not found
	at com.kms.katalon.core.webui.keyword.internal.WebUIKeywordMain.stepFailed(WebUIKeywordMain.groovy:64)
	at com.kms.katalon.core.webui.keyword.builtin.VerifyElementPresentKeyword$_verifyElementPresent_closure1.doCall(VerifyElementPresentKeyword.groovy:85)
	at com.kms.katalon.core.webui.keyword.builtin.VerifyElementPresentKeyword$_verifyElementPresent_closure1.call(VerifyElementPresentKeyword.groovy)
	at com.kms.katalon.core.webui.keyword.internal.WebUIKeywordMain.runKeyword(WebUIKeywordMain.groovy:20)
	at com.kms.katalon.core.webui.keyword.builtin.VerifyElementPresentKeyword.verifyElementPresent(VerifyElementPresentKeyword.groovy:92)
	at com.kms.katalon.core.webui.keyword.builtin.VerifyElementPresentKeyword.execute(VerifyElementPresentKeyword.groovy:68)
	at com.kms.katalon.core.keyword.internal.KeywordExecutor.executeKeywordForPlatform(KeywordExecutor.groovy:73)
	at com.kms.katalon.core.webui.keyword.WebUiBuiltInKeywords.verifyElementPresent(WebUiBuiltInKeywords.groovy:1460)
	at com.kms.katalon.core.webui.keyword.WebUiBuiltInKeywords$verifyElementPresent$16.call(Unknown Source)
	at FDR-Draw-Tabs.run(FDR-Draw-Tabs:11)
	at com.kms.katalon.core.main.ScriptEngine.run(ScriptEngine.java:194)
	at com.kms.katalon.core.main.ScriptEngine.runScriptAsRawText(ScriptEngine.java:119)
	at com.kms.katalon.core.main.TestCaseExecutor.runScript(TestCaseExecutor.java:339)
	at com.kms.katalon.core.main.TestCaseExecutor.doExecute(TestCaseExecutor.java:330)
	at com.kms.katalon.core.main.TestCaseExecutor.processExecutionPhase(TestCaseExecutor.java:309)
	at com.kms.katalon.core.main.TestCaseExecutor.accessMainPhase(TestCaseExecutor.java:301)
	at com.kms.katalon.core.main.TestCaseExecutor.execute(TestCaseExecutor.java:235)
	at com.kms.katalon.core.main.TestSuiteExecutor.accessTestCaseMainPhase(TestSuiteExecutor.java:191)
	at com.kms.katalon.core.main.TestSuiteExecutor.accessTestSuiteMainPhase(TestSuiteExecutor.java:141)
	at com.kms.katalon.core.main.TestSuiteExecutor.execute(TestSuiteExecutor.java:90)
	at com.kms.katalon.core.main.TestCaseMain.startTestSuite(TestCaseMain.java:157)
	at com.kms.katalon.core.main.TestCaseMain$startTestSuite$0.call(Unknown Source)
	at TempTestSuite1600302195382.run(TempTestSuite1600302195382.groovy:39)
)&#xD;
&#xD;
2020-09-16 17:30:13 - [MESSAGE][INFO] - Unable to find the element located by 'By.xpath: (//*[text()='Draw Date']//parent::*//*)[1]'. Please recheck the objects properties to make sure the desired element is located. &#xD;
&#xD;
2020-09-16 17:30:14 - [MESSAGE][FAILED] - com.kms.katalon.core.webui.exception.WebElementNotFoundException: Web element with id: 'Object Repository/FDR-Draw/CompletedTabs/drawDate' located by '(//*[text()='Draw Date']//parent::*//*)[1]' not found (Root cause: com.kms.katalon.core.exception.StepFailedException: com.kms.katalon.core.webui.exception.WebElementNotFoundException: Web element with id: 'Object Repository/FDR-Draw/CompletedTabs/drawDate' located by '(//*[text()='Draw Date']//parent::*//*)[1]' not found
	at com.kms.katalon.core.webui.keyword.internal.WebUIKeywordMain.stepFailed(WebUIKeywordMain.groovy:64)
	at com.kms.katalon.core.webui.keyword.builtin.VerifyElementPresentKeyword$_verifyElementPresent_closure1.doCall(VerifyElementPresentKeyword.groovy:85)
	at com.kms.katalon.core.webui.keyword.builtin.VerifyElementPresentKeyword$_verifyElementPresent_closure1.call(VerifyElementPresentKeyword.groovy)
	at com.kms.katalon.core.webui.keyword.internal.WebUIKeywordMain.runKeyword(WebUIKeywordMain.groovy:20)
	at com.kms.katalon.core.webui.keyword.builtin.VerifyElementPresentKeyword.verifyElementPresent(VerifyElementPresentKeyword.groovy:92)
	at com.kms.katalon.core.webui.keyword.builtin.VerifyElementPresentKeyword.execute(VerifyElementPresentKeyword.groovy:68)
	at com.kms.katalon.core.keyword.internal.KeywordExecutor.executeKeywordForPlatform(KeywordExecutor.groovy:73)
	at com.kms.katalon.core.webui.keyword.WebUiBuiltInKeywords.verifyElementPresent(WebUiBuiltInKeywords.groovy:1460)
	at com.kms.katalon.core.webui.keyword.WebUiBuiltInKeywords$verifyElementPresent$16.call(Unknown Source)
	at FDR-Draw-Tabs.run(FDR-Draw-Tabs:11)
	at com.kms.katalon.core.main.ScriptEngine.run(ScriptEngine.java:194)
	at com.kms.katalon.core.main.ScriptEngine.runScriptAsRawText(ScriptEngine.java:119)
	at com.kms.katalon.core.main.TestCaseExecutor.runScript(TestCaseExecutor.java:339)
	at com.kms.katalon.core.main.TestCaseExecutor.doExecute(TestCaseExecutor.java:330)
	at com.kms.katalon.core.main.TestCaseExecutor.processExecutionPhase(TestCaseExecutor.java:309)
	at com.kms.katalon.core.main.TestCaseExecutor.accessMainPhase(TestCaseExecutor.java:301)
	at com.kms.katalon.core.main.TestCaseExecutor.execute(TestCaseExecutor.java:235)
	at com.kms.katalon.core.main.TestSuiteExecutor.accessTestCaseMainPhase(TestSuiteExecutor.java:191)
	at com.kms.katalon.core.main.TestSuiteExecutor.accessTestSuiteMainPhase(TestSuiteExecutor.java:141)
	at com.kms.katalon.core.main.TestSuiteExecutor.execute(TestSuiteExecutor.java:90)
	at com.kms.katalon.core.main.TestCaseMain.startTestSuite(TestCaseMain.java:157)
	at com.kms.katalon.core.main.TestCaseMain$startTestSuite$0.call(Unknown Source)
	at TempTestSuite1600302195382.run(TempTestSuite1600302195382.groovy:39)
)&#xD;
[[ATTACHMENT|C:\\fdr-automation-develop_08_25_2020\\Reports\\20200916_172315\\Draw-Integration_Suite\\20200916_172315\\1600302613874.png]]&#xD;
&#xD;
2020-09-16 17:30:14 - [TEST_STEP][PASSED] - waitForElementPresent(findTestObject("FDR-Draw/reconcileButton"), 2): Object 'Object Repository/FDR-Draw/reconcileButton' is not present after 2 second(s)&#xD;
&#xD;
2020-09-16 17:30:18 - [MESSAGE][INFO] - Unable to find the element located by 'By.xpath: (//*[@data-id='button-link' ]//*[contains(text(),'Reconcile')])[1]'. Please recheck the objects properties to make sure the desired element is located. &#xD;
&#xD;
2020-09-16 17:30:18 - [MESSAGE][WARNING] - Object 'Object Repository/FDR-Draw/reconcileButton' is not present after 2 second(s)&#xD;
&#xD;
2020-09-16 17:30:18 - [TEST_STEP][FAILED] - verifyElementPresent(findTestObject("FDR-Draw/CompletedTabs/drawDateLabel"), 2): com.kms.katalon.core.webui.exception.WebElementNotFoundException: Web element with id: 'Object Repository/FDR-Draw/CompletedTabs/drawDateLabel' located by '(//*[text()='Draw Date']//parent::*//*)[2]' not found (Root cause: com.kms.katalon.core.exception.StepFailedException: com.kms.katalon.core.webui.exception.WebElementNotFoundException: Web element with id: 'Object Repository/FDR-Draw/CompletedTabs/drawDateLabel' located by '(//*[text()='Draw Date']//parent::*//*)[2]' not found
	at com.kms.katalon.core.webui.keyword.internal.WebUIKeywordMain.stepFailed(WebUIKeywordMain.groovy:64)
	at com.kms.katalon.core.webui.keyword.builtin.VerifyElementPresentKeyword$_verifyElementPresent_closure1.doCall(VerifyElementPresentKeyword.groovy:85)
	at com.kms.katalon.core.webui.keyword.builtin.VerifyElementPresentKeyword$_verifyElementPresent_closure1.call(VerifyElementPresentKeyword.groovy)
	at com.kms.katalon.core.webui.keyword.internal.WebUIKeywordMain.runKeyword(WebUIKeywordMain.groovy:20)
	at com.kms.katalon.core.webui.keyword.builtin.VerifyElementPresentKeyword.verifyElementPresent(VerifyElementPresentKeyword.groovy:92)
	at com.kms.katalon.core.webui.keyword.builtin.VerifyElementPresentKeyword.execute(VerifyElementPresentKeyword.groovy:68)
	at com.kms.katalon.core.keyword.internal.KeywordExecutor.executeKeywordForPlatform(KeywordExecutor.groovy:73)
	at com.kms.katalon.core.webui.keyword.WebUiBuiltInKeywords.verifyElementPresent(WebUiBuiltInKeywords.groovy:1460)
	at com.kms.katalon.core.webui.keyword.WebUiBuiltInKeywords$verifyElementPresent$16.call(Unknown Source)
	at FDR-Draw-Tabs.run(FDR-Draw-Tabs:15)
	at com.kms.katalon.core.main.ScriptEngine.run(ScriptEngine.java:194)
	at com.kms.katalon.core.main.ScriptEngine.runScriptAsRawText(ScriptEngine.java:119)
	at com.kms.katalon.core.main.TestCaseExecutor.runScript(TestCaseExecutor.java:339)
	at com.kms.katalon.core.main.TestCaseExecutor.doExecute(TestCaseExecutor.java:330)
	at com.kms.katalon.core.main.TestCaseExecutor.processExecutionPhase(TestCaseExecutor.java:309)
	at com.kms.katalon.core.main.TestCaseExecutor.accessMainPhase(TestCaseExecutor.java:301)
	at com.kms.katalon.core.main.TestCaseExecutor.execute(TestCaseExecutor.java:235)
	at com.kms.katalon.core.main.TestSuiteExecutor.accessTestCaseMainPhase(TestSuiteExecutor.java:191)
	at com.kms.katalon.core.main.TestSuiteExecutor.accessTestSuiteMainPhase(TestSuiteExecutor.java:141)
	at com.kms.katalon.core.main.TestSuiteExecutor.execute(TestSuiteExecutor.java:90)
	at com.kms.katalon.core.main.TestCaseMain.startTestSuite(TestCaseMain.java:157)
	at com.kms.katalon.core.main.TestCaseMain$startTestSuite$0.call(Unknown Source)
	at TempTestSuite1600302195382.run(TempTestSuite1600302195382.groovy:39)
)&#xD;
&#xD;
2020-09-16 17:30:21 - [MESSAGE][INFO] - Unable to find the element located by 'By.xpath: (//*[text()='Draw Date']//parent::*//*)[2]'. Please recheck the objects properties to make sure the desired element is located. &#xD;
&#xD;
2020-09-16 17:30:22 - [MESSAGE][FAILED] - com.kms.katalon.core.webui.exception.WebElementNotFoundException: Web element with id: 'Object Repository/FDR-Draw/CompletedTabs/drawDateLabel' located by '(//*[text()='Draw Date']//parent::*//*)[2]' not found (Root cause: com.kms.katalon.core.exception.StepFailedException: com.kms.katalon.core.webui.exception.WebElementNotFoundException: Web element with id: 'Object Repository/FDR-Draw/CompletedTabs/drawDateLabel' located by '(//*[text()='Draw Date']//parent::*//*)[2]' not found
	at com.kms.katalon.core.webui.keyword.internal.WebUIKeywordMain.stepFailed(WebUIKeywordMain.groovy:64)
	at com.kms.katalon.core.webui.keyword.builtin.VerifyElementPresentKeyword$_verifyElementPresent_closure1.doCall(VerifyElementPresentKeyword.groovy:85)
	at com.kms.katalon.core.webui.keyword.builtin.VerifyElementPresentKeyword$_verifyElementPresent_closure1.call(VerifyElementPresentKeyword.groovy)
	at com.kms.katalon.core.webui.keyword.internal.WebUIKeywordMain.runKeyword(WebUIKeywordMain.groovy:20)
	at com.kms.katalon.core.webui.keyword.builtin.VerifyElementPresentKeyword.verifyElementPresent(VerifyElementPresentKeyword.groovy:92)
	at com.kms.katalon.core.webui.keyword.builtin.VerifyElementPresentKeyword.execute(VerifyElementPresentKeyword.groovy:68)
	at com.kms.katalon.core.keyword.internal.KeywordExecutor.executeKeywordForPlatform(KeywordExecutor.groovy:73)
	at com.kms.katalon.core.webui.keyword.WebUiBuiltInKeywords.verifyElementPresent(WebUiBuiltInKeywords.groovy:1460)
	at com.kms.katalon.core.webui.keyword.WebUiBuiltInKeywords$verifyElementPresent$16.call(Unknown Source)
	at FDR-Draw-Tabs.run(FDR-Draw-Tabs:15)
	at com.kms.katalon.core.main.ScriptEngine.run(ScriptEngine.java:194)
	at com.kms.katalon.core.main.ScriptEngine.runScriptAsRawText(ScriptEngine.java:119)
	at com.kms.katalon.core.main.TestCaseExecutor.runScript(TestCaseExecutor.java:339)
	at com.kms.katalon.core.main.TestCaseExecutor.doExecute(TestCaseExecutor.java:330)
	at com.kms.katalon.core.main.TestCaseExecutor.processExecutionPhase(TestCaseExecutor.java:309)
	at com.kms.katalon.core.main.TestCaseExecutor.accessMainPhase(TestCaseExecutor.java:301)
	at com.kms.katalon.core.main.TestCaseExecutor.execute(TestCaseExecutor.java:235)
	at com.kms.katalon.core.main.TestSuiteExecutor.accessTestCaseMainPhase(TestSuiteExecutor.java:191)
	at com.kms.katalon.core.main.TestSuiteExecutor.accessTestSuiteMainPhase(TestSuiteExecutor.java:141)
	at com.kms.katalon.core.main.TestSuiteExecutor.execute(TestSuiteExecutor.java:90)
	at com.kms.katalon.core.main.TestCaseMain.startTestSuite(TestCaseMain.java:157)
	at com.kms.katalon.core.main.TestCaseMain$startTestSuite$0.call(Unknown Source)
	at TempTestSuite1600302195382.run(TempTestSuite1600302195382.groovy:39)
)&#xD;
[[ATTACHMENT|C:\\fdr-automation-develop_08_25_2020\\Reports\\20200916_172315\\Draw-Integration_Suite\\20200916_172315\\1600302621462.png]]&#xD;
&#xD;
2020-09-16 17:30:22 - [TEST_STEP][FAILED] - verifyElementPresent(findTestObject("FDR-Draw/CompletedTabs/depositDate"), 2): com.kms.katalon.core.webui.exception.WebElementNotFoundException: Web element with id: 'Object Repository/FDR-Draw/CompletedTabs/depositDate' located by '(//*[text()='Deposit Date']//parent::*//*)[1]' not found (Root cause: com.kms.katalon.core.exception.StepFailedException: com.kms.katalon.core.webui.exception.WebElementNotFoundException: Web element with id: 'Object Repository/FDR-Draw/CompletedTabs/depositDate' located by '(//*[text()='Deposit Date']//parent::*//*)[1]' not found
	at com.kms.katalon.core.webui.keyword.internal.WebUIKeywordMain.stepFailed(WebUIKeywordMain.groovy:64)
	at com.kms.katalon.core.webui.keyword.builtin.VerifyElementPresentKeyword$_verifyElementPresent_closure1.doCall(VerifyElementPresentKeyword.groovy:85)
	at com.kms.katalon.core.webui.keyword.builtin.VerifyElementPresentKeyword$_verifyElementPresent_closure1.call(VerifyElementPresentKeyword.groovy)
	at com.kms.katalon.core.webui.keyword.internal.WebUIKeywordMain.runKeyword(WebUIKeywordMain.groovy:20)
	at com.kms.katalon.core.webui.keyword.builtin.VerifyElementPresentKeyword.verifyElementPresent(VerifyElementPresentKeyword.groovy:92)
	at com.kms.katalon.core.webui.keyword.builtin.VerifyElementPresentKeyword.execute(VerifyElementPresentKeyword.groovy:68)
	at com.kms.katalon.core.keyword.internal.KeywordExecutor.executeKeywordForPlatform(KeywordExecutor.groovy:73)
	at com.kms.katalon.core.webui.keyword.WebUiBuiltInKeywords.verifyElementPresent(WebUiBuiltInKeywords.groovy:1460)
	at com.kms.katalon.core.webui.keyword.WebUiBuiltInKeywords$verifyElementPresent$16.call(Unknown Source)
	at FDR-Draw-Tabs.run(FDR-Draw-Tabs:17)
	at com.kms.katalon.core.main.ScriptEngine.run(ScriptEngine.java:194)
	at com.kms.katalon.core.main.ScriptEngine.runScriptAsRawText(ScriptEngine.java:119)
	at com.kms.katalon.core.main.TestCaseExecutor.runScript(TestCaseExecutor.java:339)
	at com.kms.katalon.core.main.TestCaseExecutor.doExecute(TestCaseExecutor.java:330)
	at com.kms.katalon.core.main.TestCaseExecutor.processExecutionPhase(TestCaseExecutor.java:309)
	at com.kms.katalon.core.main.TestCaseExecutor.accessMainPhase(TestCaseExecutor.java:301)
	at com.kms.katalon.core.main.TestCaseExecutor.execute(TestCaseExecutor.java:235)
	at com.kms.katalon.core.main.TestSuiteExecutor.accessTestCaseMainPhase(TestSuiteExecutor.java:191)
	at com.kms.katalon.core.main.TestSuiteExecutor.accessTestSuiteMainPhase(TestSuiteExecutor.java:141)
	at com.kms.katalon.core.main.TestSuiteExecutor.execute(TestSuiteExecutor.java:90)
	at com.kms.katalon.core.main.TestCaseMain.startTestSuite(TestCaseMain.java:157)
	at com.kms.katalon.core.main.TestCaseMain$startTestSuite$0.call(Unknown Source)
	at TempTestSuite1600302195382.run(TempTestSuite1600302195382.groovy:39)
)&#xD;
&#xD;
2020-09-16 17:30:25 - [MESSAGE][INFO] - Unable to find the element located by 'By.xpath: (//*[text()='Deposit Date']//parent::*//*)[1]'. Please recheck the objects properties to make sure the desired element is located. &#xD;
&#xD;
2020-09-16 17:30:26 - [MESSAGE][FAILED] - com.kms.katalon.core.webui.exception.WebElementNotFoundException: Web element with id: 'Object Repository/FDR-Draw/CompletedTabs/depositDate' located by '(//*[text()='Deposit Date']//parent::*//*)[1]' not found (Root cause: com.kms.katalon.core.exception.StepFailedException: com.kms.katalon.core.webui.exception.WebElementNotFoundException: Web element with id: 'Object Repository/FDR-Draw/CompletedTabs/depositDate' located by '(//*[text()='Deposit Date']//parent::*//*)[1]' not found
	at com.kms.katalon.core.webui.keyword.internal.WebUIKeywordMain.stepFailed(WebUIKeywordMain.groovy:64)
	at com.kms.katalon.core.webui.keyword.builtin.VerifyElementPresentKeyword$_verifyElementPresent_closure1.doCall(VerifyElementPresentKeyword.groovy:85)
	at com.kms.katalon.core.webui.keyword.builtin.VerifyElementPresentKeyword$_verifyElementPresent_closure1.call(VerifyElementPresentKeyword.groovy)
	at com.kms.katalon.core.webui.keyword.internal.WebUIKeywordMain.runKeyword(WebUIKeywordMain.groovy:20)
	at com.kms.katalon.core.webui.keyword.builtin.VerifyElementPresentKeyword.verifyElementPresent(VerifyElementPresentKeyword.groovy:92)
	at com.kms.katalon.core.webui.keyword.builtin.VerifyElementPresentKeyword.execute(VerifyElementPresentKeyword.groovy:68)
	at com.kms.katalon.core.keyword.internal.KeywordExecutor.executeKeywordForPlatform(KeywordExecutor.groovy:73)
	at com.kms.katalon.core.webui.keyword.WebUiBuiltInKeywords.verifyElementPresent(WebUiBuiltInKeywords.groovy:1460)
	at com.kms.katalon.core.webui.keyword.WebUiBuiltInKeywords$verifyElementPresent$16.call(Unknown Source)
	at FDR-Draw-Tabs.run(FDR-Draw-Tabs:17)
	at com.kms.katalon.core.main.ScriptEngine.run(ScriptEngine.java:194)
	at com.kms.katalon.core.main.ScriptEngine.runScriptAsRawText(ScriptEngine.java:119)
	at com.kms.katalon.core.main.TestCaseExecutor.runScript(TestCaseExecutor.java:339)
	at com.kms.katalon.core.main.TestCaseExecutor.doExecute(TestCaseExecutor.java:330)
	at com.kms.katalon.core.main.TestCaseExecutor.processExecutionPhase(TestCaseExecutor.java:309)
	at com.kms.katalon.core.main.TestCaseExecutor.accessMainPhase(TestCaseExecutor.java:301)
	at com.kms.katalon.core.main.TestCaseExecutor.execute(TestCaseExecutor.java:235)
	at com.kms.katalon.core.main.TestSuiteExecutor.accessTestCaseMainPhase(TestSuiteExecutor.java:191)
	at com.kms.katalon.core.main.TestSuiteExecutor.accessTestSuiteMainPhase(TestSuiteExecutor.java:141)
	at com.kms.katalon.core.main.TestSuiteExecutor.execute(TestSuiteExecutor.java:90)
	at com.kms.katalon.core.main.TestCaseMain.startTestSuite(TestCaseMain.java:157)
	at com.kms.katalon.core.main.TestCaseMain$startTestSuite$0.call(Unknown Source)
	at TempTestSuite1600302195382.run(TempTestSuite1600302195382.groovy:39)
)&#xD;
[[ATTACHMENT|C:\\fdr-automation-develop_08_25_2020\\Reports\\20200916_172315\\Draw-Integration_Suite\\20200916_172315\\1600302625595.png]]&#xD;
&#xD;
2020-09-16 17:30:26 - [TEST_STEP][PASSED] - waitForElementPresent(findTestObject("FDR-Draw/reconcileButton"), 2): Object 'Object Repository/FDR-Draw/reconcileButton' is not present after 2 second(s)&#xD;
&#xD;
2020-09-16 17:30:29 - [MESSAGE][INFO] - Unable to find the element located by 'By.xpath: (//*[@data-id='button-link' ]//*[contains(text(),'Reconcile')])[1]'. Please recheck the objects properties to make sure the desired element is located. &#xD;
&#xD;
2020-09-16 17:30:29 - [MESSAGE][WARNING] - Object 'Object Repository/FDR-Draw/reconcileButton' is not present after 2 second(s)&#xD;
&#xD;
2020-09-16 17:30:29 - [TEST_STEP][FAILED] - verifyElementPresent(findTestObject("FDR-Draw/CompletedTabs/depositDateLabel"), 2): com.kms.katalon.core.webui.exception.WebElementNotFoundException: Web element with id: 'Object Repository/FDR-Draw/CompletedTabs/depositDateLabel' located by '(//*[text()='Deposit Date']//parent::*//*)[2]' not found (Root cause: com.kms.katalon.core.exception.StepFailedException: com.kms.katalon.core.webui.exception.WebElementNotFoundException: Web element with id: 'Object Repository/FDR-Draw/CompletedTabs/depositDateLabel' located by '(//*[text()='Deposit Date']//parent::*//*)[2]' not found
	at com.kms.katalon.core.webui.keyword.internal.WebUIKeywordMain.stepFailed(WebUIKeywordMain.groovy:64)
	at com.kms.katalon.core.webui.keyword.builtin.VerifyElementPresentKeyword$_verifyElementPresent_closure1.doCall(VerifyElementPresentKeyword.groovy:85)
	at com.kms.katalon.core.webui.keyword.builtin.VerifyElementPresentKeyword$_verifyElementPresent_closure1.call(VerifyElementPresentKeyword.groovy)
	at com.kms.katalon.core.webui.keyword.internal.WebUIKeywordMain.runKeyword(WebUIKeywordMain.groovy:20)
	at com.kms.katalon.core.webui.keyword.builtin.VerifyElementPresentKeyword.verifyElementPresent(VerifyElementPresentKeyword.groovy:92)
	at com.kms.katalon.core.webui.keyword.builtin.VerifyElementPresentKeyword.execute(VerifyElementPresentKeyword.groovy:68)
	at com.kms.katalon.core.keyword.internal.KeywordExecutor.executeKeywordForPlatform(KeywordExecutor.groovy:73)
	at com.kms.katalon.core.webui.keyword.WebUiBuiltInKeywords.verifyElementPresent(WebUiBuiltInKeywords.groovy:1460)
	at com.kms.katalon.core.webui.keyword.WebUiBuiltInKeywords$verifyElementPresent$16.call(Unknown Source)
	at FDR-Draw-Tabs.run(FDR-Draw-Tabs:21)
	at com.kms.katalon.core.main.ScriptEngine.run(ScriptEngine.java:194)
	at com.kms.katalon.core.main.ScriptEngine.runScriptAsRawText(ScriptEngine.java:119)
	at com.kms.katalon.core.main.TestCaseExecutor.runScript(TestCaseExecutor.java:339)
	at com.kms.katalon.core.main.TestCaseExecutor.doExecute(TestCaseExecutor.java:330)
	at com.kms.katalon.core.main.TestCaseExecutor.processExecutionPhase(TestCaseExecutor.java:309)
	at com.kms.katalon.core.main.TestCaseExecutor.accessMainPhase(TestCaseExecutor.java:301)
	at com.kms.katalon.core.main.TestCaseExecutor.execute(TestCaseExecutor.java:235)
	at com.kms.katalon.core.main.TestSuiteExecutor.accessTestCaseMainPhase(TestSuiteExecutor.java:191)
	at com.kms.katalon.core.main.TestSuiteExecutor.accessTestSuiteMainPhase(TestSuiteExecutor.java:141)
	at com.kms.katalon.core.main.TestSuiteExecutor.execute(TestSuiteExecutor.java:90)
	at com.kms.katalon.core.main.TestCaseMain.startTestSuite(TestCaseMain.java:157)
	at com.kms.katalon.core.main.TestCaseMain$startTestSuite$0.call(Unknown Source)
	at TempTestSuite1600302195382.run(TempTestSuite1600302195382.groovy:39)
)&#xD;
&#xD;
2020-09-16 17:30:33 - [MESSAGE][INFO] - Unable to find the element located by 'By.xpath: (//*[text()='Deposit Date']//parent::*//*)[2]'. Please recheck the objects properties to make sure the desired element is located. &#xD;
&#xD;
2020-09-16 17:30:33 - [MESSAGE][FAILED] - com.kms.katalon.core.webui.exception.WebElementNotFoundException: Web element with id: 'Object Repository/FDR-Draw/CompletedTabs/depositDateLabel' located by '(//*[text()='Deposit Date']//parent::*//*)[2]' not found (Root cause: com.kms.katalon.core.exception.StepFailedException: com.kms.katalon.core.webui.exception.WebElementNotFoundException: Web element with id: 'Object Repository/FDR-Draw/CompletedTabs/depositDateLabel' located by '(//*[text()='Deposit Date']//parent::*//*)[2]' not found
	at com.kms.katalon.core.webui.keyword.internal.WebUIKeywordMain.stepFailed(WebUIKeywordMain.groovy:64)
	at com.kms.katalon.core.webui.keyword.builtin.VerifyElementPresentKeyword$_verifyElementPresent_closure1.doCall(VerifyElementPresentKeyword.groovy:85)
	at com.kms.katalon.core.webui.keyword.builtin.VerifyElementPresentKeyword$_verifyElementPresent_closure1.call(VerifyElementPresentKeyword.groovy)
	at com.kms.katalon.core.webui.keyword.internal.WebUIKeywordMain.runKeyword(WebUIKeywordMain.groovy:20)
	at com.kms.katalon.core.webui.keyword.builtin.VerifyElementPresentKeyword.verifyElementPresent(VerifyElementPresentKeyword.groovy:92)
	at com.kms.katalon.core.webui.keyword.builtin.VerifyElementPresentKeyword.execute(VerifyElementPresentKeyword.groovy:68)
	at com.kms.katalon.core.keyword.internal.KeywordExecutor.executeKeywordForPlatform(KeywordExecutor.groovy:73)
	at com.kms.katalon.core.webui.keyword.WebUiBuiltInKeywords.verifyElementPresent(WebUiBuiltInKeywords.groovy:1460)
	at com.kms.katalon.core.webui.keyword.WebUiBuiltInKeywords$verifyElementPresent$16.call(Unknown Source)
	at FDR-Draw-Tabs.run(FDR-Draw-Tabs:21)
	at com.kms.katalon.core.main.ScriptEngine.run(ScriptEngine.java:194)
	at com.kms.katalon.core.main.ScriptEngine.runScriptAsRawText(ScriptEngine.java:119)
	at com.kms.katalon.core.main.TestCaseExecutor.runScript(TestCaseExecutor.java:339)
	at com.kms.katalon.core.main.TestCaseExecutor.doExecute(TestCaseExecutor.java:330)
	at com.kms.katalon.core.main.TestCaseExecutor.processExecutionPhase(TestCaseExecutor.java:309)
	at com.kms.katalon.core.main.TestCaseExecutor.accessMainPhase(TestCaseExecutor.java:301)
	at com.kms.katalon.core.main.TestCaseExecutor.execute(TestCaseExecutor.java:235)
	at com.kms.katalon.core.main.TestSuiteExecutor.accessTestCaseMainPhase(TestSuiteExecutor.java:191)
	at com.kms.katalon.core.main.TestSuiteExecutor.accessTestSuiteMainPhase(TestSuiteExecutor.java:141)
	at com.kms.katalon.core.main.TestSuiteExecutor.execute(TestSuiteExecutor.java:90)
	at com.kms.katalon.core.main.TestCaseMain.startTestSuite(TestCaseMain.java:157)
	at com.kms.katalon.core.main.TestCaseMain$startTestSuite$0.call(Unknown Source)
	at TempTestSuite1600302195382.run(TempTestSuite1600302195382.groovy:39)
)&#xD;
[[ATTACHMENT|C:\\fdr-automation-develop_08_25_2020\\Reports\\20200916_172315\\Draw-Integration_Suite\\20200916_172315\\1600302633179.png]]&#xD;
&#xD;
2020-09-16 17:30:33 - [TEST_STEP][FAILED] - verifyElementPresent(findTestObject("FDR-Draw/CompletedTabs/transactionRequest1"), 2): com.kms.katalon.core.webui.exception.WebElementNotFoundException: Web element with id: 'Object Repository/FDR-Draw/CompletedTabs/transactionRequest1' located by '(//*[text()='Transaction Request(s)']//parent::*//*)[1]' not found (Root cause: com.kms.katalon.core.exception.StepFailedException: com.kms.katalon.core.webui.exception.WebElementNotFoundException: Web element with id: 'Object Repository/FDR-Draw/CompletedTabs/transactionRequest1' located by '(//*[text()='Transaction Request(s)']//parent::*//*)[1]' not found
	at com.kms.katalon.core.webui.keyword.internal.WebUIKeywordMain.stepFailed(WebUIKeywordMain.groovy:64)
	at com.kms.katalon.core.webui.keyword.builtin.VerifyElementPresentKeyword$_verifyElementPresent_closure1.doCall(VerifyElementPresentKeyword.groovy:85)
	at com.kms.katalon.core.webui.keyword.builtin.VerifyElementPresentKeyword$_verifyElementPresent_closure1.call(VerifyElementPresentKeyword.groovy)
	at com.kms.katalon.core.webui.keyword.internal.WebUIKeywordMain.runKeyword(WebUIKeywordMain.groovy:20)
	at com.kms.katalon.core.webui.keyword.builtin.VerifyElementPresentKeyword.verifyElementPresent(VerifyElementPresentKeyword.groovy:92)
	at com.kms.katalon.core.webui.keyword.builtin.VerifyElementPresentKeyword.execute(VerifyElementPresentKeyword.groovy:68)
	at com.kms.katalon.core.keyword.internal.KeywordExecutor.executeKeywordForPlatform(KeywordExecutor.groovy:73)
	at com.kms.katalon.core.webui.keyword.WebUiBuiltInKeywords.verifyElementPresent(WebUiBuiltInKeywords.groovy:1460)
	at com.kms.katalon.core.webui.keyword.WebUiBuiltInKeywords$verifyElementPresent$16.call(Unknown Source)
	at FDR-Draw-Tabs.run(FDR-Draw-Tabs:23)
	at com.kms.katalon.core.main.ScriptEngine.run(ScriptEngine.java:194)
	at com.kms.katalon.core.main.ScriptEngine.runScriptAsRawText(ScriptEngine.java:119)
	at com.kms.katalon.core.main.TestCaseExecutor.runScript(TestCaseExecutor.java:339)
	at com.kms.katalon.core.main.TestCaseExecutor.doExecute(TestCaseExecutor.java:330)
	at com.kms.katalon.core.main.TestCaseExecutor.processExecutionPhase(TestCaseExecutor.java:309)
	at com.kms.katalon.core.main.TestCaseExecutor.accessMainPhase(TestCaseExecutor.java:301)
	at com.kms.katalon.core.main.TestCaseExecutor.execute(TestCaseExecutor.java:235)
	at com.kms.katalon.core.main.TestSuiteExecutor.accessTestCaseMainPhase(TestSuiteExecutor.java:191)
	at com.kms.katalon.core.main.TestSuiteExecutor.accessTestSuiteMainPhase(TestSuiteExecutor.java:141)
	at com.kms.katalon.core.main.TestSuiteExecutor.execute(TestSuiteExecutor.java:90)
	at com.kms.katalon.core.main.TestCaseMain.startTestSuite(TestCaseMain.java:157)
	at com.kms.katalon.core.main.TestCaseMain$startTestSuite$0.call(Unknown Source)
	at TempTestSuite1600302195382.run(TempTestSuite1600302195382.groovy:39)
)&#xD;
&#xD;
2020-09-16 17:30:37 - [MESSAGE][INFO] - Unable to find the element located by 'By.xpath: (//*[text()='Transaction Request(s)']//parent::*//*)[1]'. Please recheck the objects properties to make sure the desired element is located. &#xD;
&#xD;
2020-09-16 17:30:37 - [MESSAGE][FAILED] - com.kms.katalon.core.webui.exception.WebElementNotFoundException: Web element with id: 'Object Repository/FDR-Draw/CompletedTabs/transactionRequest1' located by '(//*[text()='Transaction Request(s)']//parent::*//*)[1]' not found (Root cause: com.kms.katalon.core.exception.StepFailedException: com.kms.katalon.core.webui.exception.WebElementNotFoundException: Web element with id: 'Object Repository/FDR-Draw/CompletedTabs/transactionRequest1' located by '(//*[text()='Transaction Request(s)']//parent::*//*)[1]' not found
	at com.kms.katalon.core.webui.keyword.internal.WebUIKeywordMain.stepFailed(WebUIKeywordMain.groovy:64)
	at com.kms.katalon.core.webui.keyword.builtin.VerifyElementPresentKeyword$_verifyElementPresent_closure1.doCall(VerifyElementPresentKeyword.groovy:85)
	at com.kms.katalon.core.webui.keyword.builtin.VerifyElementPresentKeyword$_verifyElementPresent_closure1.call(VerifyElementPresentKeyword.groovy)
	at com.kms.katalon.core.webui.keyword.internal.WebUIKeywordMain.runKeyword(WebUIKeywordMain.groovy:20)
	at com.kms.katalon.core.webui.keyword.builtin.VerifyElementPresentKeyword.verifyElementPresent(VerifyElementPresentKeyword.groovy:92)
	at com.kms.katalon.core.webui.keyword.builtin.VerifyElementPresentKeyword.execute(VerifyElementPresentKeyword.groovy:68)
	at com.kms.katalon.core.keyword.internal.KeywordExecutor.executeKeywordForPlatform(KeywordExecutor.groovy:73)
	at com.kms.katalon.core.webui.keyword.WebUiBuiltInKeywords.verifyElementPresent(WebUiBuiltInKeywords.groovy:1460)
	at com.kms.katalon.core.webui.keyword.WebUiBuiltInKeywords$verifyElementPresent$16.call(Unknown Source)
	at FDR-Draw-Tabs.run(FDR-Draw-Tabs:23)
	at com.kms.katalon.core.main.ScriptEngine.run(ScriptEngine.java:194)
	at com.kms.katalon.core.main.ScriptEngine.runScriptAsRawText(ScriptEngine.java:119)
	at com.kms.katalon.core.main.TestCaseExecutor.runScript(TestCaseExecutor.java:339)
	at com.kms.katalon.core.main.TestCaseExecutor.doExecute(TestCaseExecutor.java:330)
	at com.kms.katalon.core.main.TestCaseExecutor.processExecutionPhase(TestCaseExecutor.java:309)
	at com.kms.katalon.core.main.TestCaseExecutor.accessMainPhase(TestCaseExecutor.java:301)
	at com.kms.katalon.core.main.TestCaseExecutor.execute(TestCaseExecutor.java:235)
	at com.kms.katalon.core.main.TestSuiteExecutor.accessTestCaseMainPhase(TestSuiteExecutor.java:191)
	at com.kms.katalon.core.main.TestSuiteExecutor.accessTestSuiteMainPhase(TestSuiteExecutor.java:141)
	at com.kms.katalon.core.main.TestSuiteExecutor.execute(TestSuiteExecutor.java:90)
	at com.kms.katalon.core.main.TestCaseMain.startTestSuite(TestCaseMain.java:157)
	at com.kms.katalon.core.main.TestCaseMain$startTestSuite$0.call(Unknown Source)
	at TempTestSuite1600302195382.run(TempTestSuite1600302195382.groovy:39)
)&#xD;
[[ATTACHMENT|C:\\fdr-automation-develop_08_25_2020\\Reports\\20200916_172315\\Draw-Integration_Suite\\20200916_172315\\1600302637309.png]]&#xD;
&#xD;
2020-09-16 17:30:37 - [TEST_STEP][PASSED] - waitForElementPresent(findTestObject("FDR-Draw/reconcileButton"), 2): Object 'Object Repository/FDR-Draw/reconcileButton' is not present after 2 second(s)&#xD;
&#xD;
2020-09-16 17:30:41 - [MESSAGE][INFO] - Unable to find the element located by 'By.xpath: (//*[@data-id='button-link' ]//*[contains(text(),'Reconcile')])[1]'. Please recheck the objects properties to make sure the desired element is located. &#xD;
&#xD;
2020-09-16 17:30:41 - [MESSAGE][WARNING] - Object 'Object Repository/FDR-Draw/reconcileButton' is not present after 2 second(s)&#xD;
&#xD;
2020-09-16 17:30:41 - [TEST_STEP][FAILED] - verifyElementPresent(findTestObject("FDR-Draw/CompletedTabs/transactionRequest1Label1"), 2): com.kms.katalon.core.webui.exception.WebElementNotFoundException: Web element with id: 'Object Repository/FDR-Draw/CompletedTabs/transactionRequest1Label1' located by '(//*[text()='Remittance Advice(s)']//parent::*//*)[1]' not found (Root cause: com.kms.katalon.core.exception.StepFailedException: com.kms.katalon.core.webui.exception.WebElementNotFoundException: Web element with id: 'Object Repository/FDR-Draw/CompletedTabs/transactionRequest1Label1' located by '(//*[text()='Remittance Advice(s)']//parent::*//*)[1]' not found
	at com.kms.katalon.core.webui.keyword.internal.WebUIKeywordMain.stepFailed(WebUIKeywordMain.groovy:64)
	at com.kms.katalon.core.webui.keyword.builtin.VerifyElementPresentKeyword$_verifyElementPresent_closure1.doCall(VerifyElementPresentKeyword.groovy:85)
	at com.kms.katalon.core.webui.keyword.builtin.VerifyElementPresentKeyword$_verifyElementPresent_closure1.call(VerifyElementPresentKeyword.groovy)
	at com.kms.katalon.core.webui.keyword.internal.WebUIKeywordMain.runKeyword(WebUIKeywordMain.groovy:20)
	at com.kms.katalon.core.webui.keyword.builtin.VerifyElementPresentKeyword.verifyElementPresent(VerifyElementPresentKeyword.groovy:92)
	at com.kms.katalon.core.webui.keyword.builtin.VerifyElementPresentKeyword.execute(VerifyElementPresentKeyword.groovy:68)
	at com.kms.katalon.core.keyword.internal.KeywordExecutor.executeKeywordForPlatform(KeywordExecutor.groovy:73)
	at com.kms.katalon.core.webui.keyword.WebUiBuiltInKeywords.verifyElementPresent(WebUiBuiltInKeywords.groovy:1460)
	at com.kms.katalon.core.webui.keyword.WebUiBuiltInKeywords$verifyElementPresent$16.call(Unknown Source)
	at FDR-Draw-Tabs.run(FDR-Draw-Tabs:27)
	at com.kms.katalon.core.main.ScriptEngine.run(ScriptEngine.java:194)
	at com.kms.katalon.core.main.ScriptEngine.runScriptAsRawText(ScriptEngine.java:119)
	at com.kms.katalon.core.main.TestCaseExecutor.runScript(TestCaseExecutor.java:339)
	at com.kms.katalon.core.main.TestCaseExecutor.doExecute(TestCaseExecutor.java:330)
	at com.kms.katalon.core.main.TestCaseExecutor.processExecutionPhase(TestCaseExecutor.java:309)
	at com.kms.katalon.core.main.TestCaseExecutor.accessMainPhase(TestCaseExecutor.java:301)
	at com.kms.katalon.core.main.TestCaseExecutor.execute(TestCaseExecutor.java:235)
	at com.kms.katalon.core.main.TestSuiteExecutor.accessTestCaseMainPhase(TestSuiteExecutor.java:191)
	at com.kms.katalon.core.main.TestSuiteExecutor.accessTestSuiteMainPhase(TestSuiteExecutor.java:141)
	at com.kms.katalon.core.main.TestSuiteExecutor.execute(TestSuiteExecutor.java:90)
	at com.kms.katalon.core.main.TestCaseMain.startTestSuite(TestCaseMain.java:157)
	at com.kms.katalon.core.main.TestCaseMain$startTestSuite$0.call(Unknown Source)
	at TempTestSuite1600302195382.run(TempTestSuite1600302195382.groovy:39)
)&#xD;
&#xD;
2020-09-16 17:30:44 - [MESSAGE][INFO] - Unable to find the element located by 'By.xpath: (//*[text()='Remittance Advice(s)']//parent::*//*)[1]'. Please recheck the objects properties to make sure the desired element is located. &#xD;
&#xD;
2020-09-16 17:30:45 - [MESSAGE][FAILED] - com.kms.katalon.core.webui.exception.WebElementNotFoundException: Web element with id: 'Object Repository/FDR-Draw/CompletedTabs/transactionRequest1Label1' located by '(//*[text()='Remittance Advice(s)']//parent::*//*)[1]' not found (Root cause: com.kms.katalon.core.exception.StepFailedException: com.kms.katalon.core.webui.exception.WebElementNotFoundException: Web element with id: 'Object Repository/FDR-Draw/CompletedTabs/transactionRequest1Label1' located by '(//*[text()='Remittance Advice(s)']//parent::*//*)[1]' not found
	at com.kms.katalon.core.webui.keyword.internal.WebUIKeywordMain.stepFailed(WebUIKeywordMain.groovy:64)
	at com.kms.katalon.core.webui.keyword.builtin.VerifyElementPresentKeyword$_verifyElementPresent_closure1.doCall(VerifyElementPresentKeyword.groovy:85)
	at com.kms.katalon.core.webui.keyword.builtin.VerifyElementPresentKeyword$_verifyElementPresent_closure1.call(VerifyElementPresentKeyword.groovy)
	at com.kms.katalon.core.webui.keyword.internal.WebUIKeywordMain.runKeyword(WebUIKeywordMain.groovy:20)
	at com.kms.katalon.core.webui.keyword.builtin.VerifyElementPresentKeyword.verifyElementPresent(VerifyElementPresentKeyword.groovy:92)
	at com.kms.katalon.core.webui.keyword.builtin.VerifyElementPresentKeyword.execute(VerifyElementPresentKeyword.groovy:68)
	at com.kms.katalon.core.keyword.internal.KeywordExecutor.executeKeywordForPlatform(KeywordExecutor.groovy:73)
	at com.kms.katalon.core.webui.keyword.WebUiBuiltInKeywords.verifyElementPresent(WebUiBuiltInKeywords.groovy:1460)
	at com.kms.katalon.core.webui.keyword.WebUiBuiltInKeywords$verifyElementPresent$16.call(Unknown Source)
	at FDR-Draw-Tabs.run(FDR-Draw-Tabs:27)
	at com.kms.katalon.core.main.ScriptEngine.run(ScriptEngine.java:194)
	at com.kms.katalon.core.main.ScriptEngine.runScriptAsRawText(ScriptEngine.java:119)
	at com.kms.katalon.core.main.TestCaseExecutor.runScript(TestCaseExecutor.java:339)
	at com.kms.katalon.core.main.TestCaseExecutor.doExecute(TestCaseExecutor.java:330)
	at com.kms.katalon.core.main.TestCaseExecutor.processExecutionPhase(TestCaseExecutor.java:309)
	at com.kms.katalon.core.main.TestCaseExecutor.accessMainPhase(TestCaseExecutor.java:301)
	at com.kms.katalon.core.main.TestCaseExecutor.execute(TestCaseExecutor.java:235)
	at com.kms.katalon.core.main.TestSuiteExecutor.accessTestCaseMainPhase(TestSuiteExecutor.java:191)
	at com.kms.katalon.core.main.TestSuiteExecutor.accessTestSuiteMainPhase(TestSuiteExecutor.java:141)
	at com.kms.katalon.core.main.TestSuiteExecutor.execute(TestSuiteExecutor.java:90)
	at com.kms.katalon.core.main.TestCaseMain.startTestSuite(TestCaseMain.java:157)
	at com.kms.katalon.core.main.TestCaseMain$startTestSuite$0.call(Unknown Source)
	at TempTestSuite1600302195382.run(TempTestSuite1600302195382.groovy:39)
)&#xD;
[[ATTACHMENT|C:\\fdr-automation-develop_08_25_2020\\Reports\\20200916_172315\\Draw-Integration_Suite\\20200916_172315\\1600302644984.png]]&#xD;
&#xD;
2020-09-16 17:30:45 - [TEST_STEP][PASSED] - Start listener action : sampleAfterTestCase: null&#xD;
&#xD;
2020-09-16 17:30:45 - [TEST_STEP][PASSED] - profileName = getExecutionProfile(): null&#xD;
&#xD;
2020-09-16 17:30:45 - [TEST_STEP][PASSED] - switch (profileName): null&#xD;
&#xD;
2020-09-16 17:30:45 - [TEST_STEP][PASSED] - case "superUser":: null&#xD;
&#xD;
2020-09-16 17:30:45 - [TEST_STEP][PASSED] - return null: null&#xD;
&#xD;
2020-09-16 17:30:45 - [TEST_STEP][PASSED] - Start listener action : afterTestCase: null&#xD;
&#xD;
2020-09-16 17:30:45 - [TEST_STEP][PASSED] - profileName = getExecutionProfile(): null&#xD;
&#xD;
2020-09-16 17:30:45 - [TEST_STEP][PASSED] - if (profileName.equalsIgnoreCase("SysAdmin")): null&#xD;
&#xD;
2020-09-16 17:30:45 - [TEST_STEP][PASSED] - Start listener action : sampleAfterTestCase: null&#xD;
&#xD;
2020-09-16 17:30:45 - [TEST_STEP][PASSED] - profileName = getExecutionProfile(): null&#xD;
&#xD;
2020-09-16 17:30:45 - [TEST_STEP][PASSED] - switch (profileName): null&#xD;
&#xD;
2020-09-16 17:30:45 - [TEST_STEP][PASSED] - case "Draw":: null&#xD;
&#xD;
2020-09-16 17:30:45 - [TEST_STEP][PASSED] - Uifunctions.logoutFDR(): Browser is closed&#xD;
&#xD;
2020-09-16 17:30:46 - [MESSAGE][PASSED] - Browser is closed&#xD;
&#xD;
2020-09-16 17:30:46 - [TEST_STEP][PASSED] - break: null&#xD;
&#xD;
2020-09-16 17:30:46 - [TEST_STEP][PASSED] - Start listener action : addFailedTCToList: null</system-out>
            <system-err>2020-09-16 17:29:41 - [TEST_CASE][FAILED] - Test Cases/WEB-UI-TESTS/Draw/FDR-Draw-Tabs: Test Cases/WEB-UI-TESTS/Draw/FDR-Draw-Tabs FAILED.
Reason:
com.kms.katalon.core.exception.StepFailedException: com.kms.katalon.core.webui.exception.WebElementNotFoundException: Web element with id: 'Object Repository/FDR-Draw/CompletedTabs/drawDate' located by '(//*[text()='Draw Date']//parent::*//*)[1]' not found (Root cause: com.kms.katalon.core.exception.StepFailedException: com.kms.katalon.core.webui.exception.WebElementNotFoundException: Web element with id: 'Object Repository/FDR-Draw/CompletedTabs/drawDate' located by '(//*[text()='Draw Date']//parent::*//*)[1]' not found
	at com.kms.katalon.core.webui.keyword.internal.WebUIKeywordMain.stepFailed(WebUIKeywordMain.groovy:64)
	at com.kms.katalon.core.webui.keyword.builtin.VerifyElementPresentKeyword$_verifyElementPresent_closure1.doCall(VerifyElementPresentKeyword.groovy:85)
	at com.kms.katalon.core.webui.keyword.builtin.VerifyElementPresentKeyword$_verifyElementPresent_closure1.call(VerifyElementPresentKeyword.groovy)
	at com.kms.katalon.core.webui.keyword.internal.WebUIKeywordMain.runKeyword(WebUIKeywordMain.groovy:20)
	at com.kms.katalon.core.webui.keyword.builtin.VerifyElementPresentKeyword.verifyElementPresent(VerifyElementPresentKeyword.groovy:92)
	at com.kms.katalon.core.webui.keyword.builtin.VerifyElementPresentKeyword.execute(VerifyElementPresentKeyword.groovy:68)
	at com.kms.katalon.core.keyword.internal.KeywordExecutor.executeKeywordForPlatform(KeywordExecutor.groovy:73)
	at com.kms.katalon.core.webui.keyword.WebUiBuiltInKeywords.verifyElementPresent(WebUiBuiltInKeywords.groovy:1460)
	at com.kms.katalon.core.webui.keyword.WebUiBuiltInKeywords$verifyElementPresent$16.call(Unknown Source)
	at FDR-Draw-Tabs.run(FDR-Draw-Tabs:11)
	at com.kms.katalon.core.main.ScriptEngine.run(ScriptEngine.java:194)
	at com.kms.katalon.core.main.ScriptEngine.runScriptAsRawText(ScriptEngine.java:119)
	at com.kms.katalon.core.main.TestCaseExecutor.runScript(TestCaseExecutor.java:339)
	at com.kms.katalon.core.main.TestCaseExecutor.doExecute(TestCaseExecutor.java:330)
	at com.kms.katalon.core.main.TestCaseExecutor.processExecutionPhase(TestCaseExecutor.java:309)
	at com.kms.katalon.core.main.TestCaseExecutor.accessMainPhase(TestCaseExecutor.java:301)
	at com.kms.katalon.core.main.TestCaseExecutor.execute(TestCaseExecutor.java:235)
	at com.kms.katalon.core.main.TestSuiteExecutor.accessTestCaseMainPhase(TestSuiteExecutor.java:191)
	at com.kms.katalon.core.main.TestSuiteExecutor.accessTestSuiteMainPhase(TestSuiteExecutor.java:141)
	at com.kms.katalon.core.main.TestSuiteExecutor.execute(TestSuiteExecutor.java:90)
	at com.kms.katalon.core.main.TestCaseMain.startTestSuite(TestCaseMain.java:157)
	at com.kms.katalon.core.main.TestCaseMain$startTestSuite$0.call(Unknown Source)
	at TempTestSuite1600302195382.run(TempTestSuite1600302195382.groovy:39)
)
	at com.kms.katalon.core.keyword.internal.KeywordMain.stepFailed(KeywordMain.groovy:39)
	at com.kms.katalon.core.webui.keyword.internal.WebUIKeywordMain.stepFailed(WebUIKeywordMain.groovy:64)
	at com.kms.katalon.core.webui.keyword.builtin.VerifyElementPresentKeyword$_verifyElementPresent_closure1.doCall(VerifyElementPresentKeyword.groovy:85)
	at com.kms.katalon.core.webui.keyword.builtin.VerifyElementPresentKeyword$_verifyElementPresent_closure1.call(VerifyElementPresentKeyword.groovy)
	at com.kms.katalon.core.webui.keyword.internal.WebUIKeywordMain.runKeyword(WebUIKeywordMain.groovy:20)
	at com.kms.katalon.core.webui.keyword.builtin.VerifyElementPresentKeyword.verifyElementPresent(VerifyElementPresentKeyword.groovy:92)
	at com.kms.katalon.core.webui.keyword.builtin.VerifyElementPresentKeyword.execute(VerifyElementPresentKeyword.groovy:68)
	at com.kms.katalon.core.keyword.internal.KeywordExecutor.executeKeywordForPlatform(KeywordExecutor.groovy:73)
	at com.kms.katalon.core.webui.keyword.WebUiBuiltInKeywords.verifyElementPresent(WebUiBuiltInKeywords.groovy:1460)
	at com.kms.katalon.core.webui.keyword.WebUiBuiltInKeywords$verifyElementPresent$16.call(Unknown Source)
	at FDR-Draw-Tabs.run(FDR-Draw-Tabs:11)
	at com.kms.katalon.core.main.ScriptEngine.run(ScriptEngine.java:194)
	at com.kms.katalon.core.main.ScriptEngine.runScriptAsRawText(ScriptEngine.java:119)
	at com.kms.katalon.core.main.TestCaseExecutor.runScript(TestCaseExecutor.java:339)
	at com.kms.katalon.core.main.TestCaseExecutor.doExecute(TestCaseExecutor.java:330)
	at com.kms.katalon.core.main.TestCaseExecutor.processExecutionPhase(TestCaseExecutor.java:309)
	at com.kms.katalon.core.main.TestCaseExecutor.accessMainPhase(TestCaseExecutor.java:301)
	at com.kms.katalon.core.main.TestCaseExecutor.execute(TestCaseExecutor.java:235)
	at com.kms.katalon.core.main.TestSuiteExecutor.accessTestCaseMainPhase(TestSuiteExecutor.java:191)
	at com.kms.katalon.core.main.TestSuiteExecutor.accessTestSuiteMainPhase(TestSuiteExecutor.java:141)
	at com.kms.katalon.core.main.TestSuiteExecutor.execute(TestSuiteExecutor.java:90)
	at com.kms.katalon.core.main.TestCaseMain.startTestSuite(TestCaseMain.java:157)
	at com.kms.katalon.core.main.TestCaseMain$startTestSuite$0.call(Unknown Source)
	at TempTestSuite1600302195382.run(TempTestSuite1600302195382.groovy:39)
Caused by: com.kms.katalon.core.exception.StepFailedException: com.kms.katalon.core.webui.exception.WebElementNotFoundException: Web element with id: 'Object Repository/FDR-Draw/CompletedTabs/drawDate' located by '(//*[text()='Draw Date']//parent::*//*)[1]' not found
	... 23 more</system-err>
        </testcase>
        <system-out>2020-09-16 17:23:17 - [TEST_SUITE][INCOMPLETE] - Draw-Integration_Suite: null</system-out>
        <system-err>2020-09-16 17:23:17 - [TEST_SUITE][INCOMPLETE] - Draw-Integration_Suite: null</system-err>
    </testsuite>
</testsuites>
